[2025-04-12 20:49:21] F_OLD_2
[2025-04-12 20:49:21] hardware acc full
[2025-04-12 20:49:21] PARAMS: NEW: false, MODULE: 2, WIT_DIM: 131072, REP: 9, Q: 4546383823830515713, PHI: 1020, DECOMP_PARTS: [1, 3, 3, 3, 3, 3, 2, 2, 2, 2, 2]
[2025-04-12 20:49:22] OK sage
[2025-04-12 20:49:22] Start CRS
[2025-04-12 20:49:25] end CRS
[2025-04-12 20:49:49] end sampling witness
[2025-04-12 20:49:59] Time for parallel_dot_matrix_matrix (commitment): 9.55s
[2025-04-12 20:50:01]   Time to transpose witness: 2.17s
[2025-04-12 20:50:35]   Time to convolve rows: 34.18s
[2025-04-12 20:50:35]   Time to get power_series_sub: 63.00ns
[2025-04-12 20:50:35]   Time to compute new RHS: 178.00ns
[2025-04-12 20:51:21] Time for norm_1: 81.68s
[2025-04-12 20:51:22] Time for norm_challenge: 1.03s
[2025-04-12 20:51:32] 131072
[2025-04-12 20:52:03] Time for norm_2: 41.20s
[2025-04-12 20:52:03] 2 27 3 27
[2025-04-12 20:52:03] Time for verify_norm_2: 1.04ms
[2025-04-12 20:52:09]  Splitting 131072
[2025-04-12 20:52:15]  into 65536 0 65536
[2025-04-12 20:53:03] Time for split: 60.18s
[2025-04-12 20:53:03]   Time to extract left and right columns from RHS: 522.46µs
[2025-04-12 20:53:03]   Time to compute the multiplier: 61.51µs
[2025-04-12 20:53:03]   Time for row-wise tensor product: 2.64ms
[2025-04-12 20:53:03]   Time verification: 433.51µs
[2025-04-12 20:53:03] Time for split verifier: 3.69ms
[2025-04-12 20:53:03] Time for challenge fold: 407.63µs
[2025-04-12 20:53:30] Time for fold: 27.39s
[2025-04-12 20:53:30] Time for fold verifier: 7.15ms
[2025-04-12 20:53:47]   Time to decompose witness: 16.36s
[2025-04-12 20:53:47]   Time to extract relevant columns from power series: 40.00ns
[2025-04-12 20:54:03]   Time to compute RHS matrix: 16.45s
[2025-04-12 20:54:03] Time for decomp: 32.82s
[2025-04-12 20:54:03] Time for verify_decomp: 1.42ms
[2025-04-12 20:54:06]   Time to transpose witness: 3.05s
[2025-04-12 20:54:37]   Time to convolve rows: 31.04s
[2025-04-12 20:54:37]   Time to get power_series_sub: 63.00ns
[2025-04-12 20:54:37]   Time to compute new RHS: 58.00ns
[2025-04-12 20:56:01] Time for norm_1: 117.65s
[2025-04-12 20:56:02] Time for norm_challenge: 1.03s
[2025-04-12 20:56:07] 65536
[2025-04-12 20:56:50] Time for norm_2: 48.49s
[2025-04-12 20:56:50] 5 81 3 81
[2025-04-12 20:56:50] Time for verify_norm_2: 5.09ms
[2025-04-12 20:56:58]  Splitting 65536
[2025-04-12 20:57:04]  into 32768 0 32768
[2025-04-12 20:58:32] Time for split: 101.97s
[2025-04-12 20:58:32]   Time to extract left and right columns from RHS: 4.06ms
[2025-04-12 20:58:32]   Time to compute the multiplier: 99.40µs
[2025-04-12 20:58:32]   Time for row-wise tensor product: 9.13ms
[2025-04-12 20:58:32]   Time verification: 3.50ms
[2025-04-12 20:58:32] Time for split verifier: 16.84ms
[2025-04-12 20:58:32] Time for challenge fold: 1.72ms
[2025-04-12 20:59:14] Time for fold: 41.82s
[2025-04-12 20:59:14] Time for fold verifier: 22.32ms
[2025-04-12 20:59:22]   Time to decompose witness: 7.70s
[2025-04-12 20:59:22]   Time to extract relevant columns from power series: 38.00ns
[2025-04-12 20:59:32]   Time to compute RHS matrix: 10.09s
[2025-04-12 20:59:32] Time for decomp: 17.80s
[2025-04-12 20:59:32] Time for verify_decomp: 2.26ms
[2025-04-12 20:59:33]   Time to transpose witness: 860.10ms
[2025-04-12 20:59:43]   Time to convolve rows: 9.95s
[2025-04-12 20:59:43]   Time to get power_series_sub: 73.00ns
[2025-04-12 20:59:43]   Time to compute new RHS: 55.00ns
[2025-04-12 21:00:34] Time for norm_1: 62.14s
[2025-04-12 21:00:35] Time for norm_challenge: 1.08s
[2025-04-12 21:00:38] 32768
[2025-04-12 21:01:05] Time for norm_2: 30.26s
[2025-04-12 21:01:06] 8 81 3 81
[2025-04-12 21:01:06] Time for verify_norm_2: 6.42ms
[2025-04-12 21:01:11]  Splitting 32768
[2025-04-12 21:01:13]  into 16384 0 16384
[2025-04-12 21:02:01] Time for split: 55.21s
[2025-04-12 21:02:01]   Time to extract left and right columns from RHS: 5.27ms
[2025-04-12 21:02:01]   Time to compute the multiplier: 113.76µs
[2025-04-12 21:02:01]   Time for row-wise tensor product: 9.23ms
[2025-04-12 21:02:01]   Time verification: 4.83ms
[2025-04-12 21:02:01] Time for split verifier: 19.50ms
[2025-04-12 21:02:01] Time for challenge fold: 1.95ms
[2025-04-12 21:02:21] Time for fold: 20.40s
[2025-04-12 21:02:21] Time for fold verifier: 30.83ms
[2025-04-12 21:02:25]   Time to decompose witness: 3.87s
[2025-04-12 21:02:25]   Time to extract relevant columns from power series: 39.00ns
[2025-04-12 21:02:31]   Time to compute RHS matrix: 5.47s
[2025-04-12 21:02:31] Time for decomp: 9.35s
[2025-04-12 21:02:31] Time for verify_decomp: 3.11ms
[2025-04-12 21:02:31]   Time to transpose witness: 642.46ms
[2025-04-12 21:02:35]   Time to convolve rows: 3.91s
[2025-04-12 21:02:35]   Time to get power_series_sub: 46.00ns
[2025-04-12 21:02:35]   Time to compute new RHS: 136.00ns
[2025-04-12 21:03:01] Time for norm_1: 30.17s
[2025-04-12 21:03:02] Time for norm_challenge: 1.05s
[2025-04-12 21:03:03] 16384
[2025-04-12 21:03:22] Time for norm_2: 19.94s
[2025-04-12 21:03:22] 11 81 3 81
[2025-04-12 21:03:22] Time for verify_norm_2: 6.25ms
[2025-04-12 21:03:23]  Splitting 16384
[2025-04-12 21:03:24]  into 8192 0 8192
[2025-04-12 21:03:51] Time for split: 28.99s
[2025-04-12 21:03:51]   Time to extract left and right columns from RHS: 3.79ms
[2025-04-12 21:03:51]   Time to compute the multiplier: 165.10µs
[2025-04-12 21:03:51]   Time for row-wise tensor product: 9.13ms
[2025-04-12 21:03:51]   Time verification: 4.21ms
[2025-04-12 21:03:51] Time for split verifier: 17.35ms
[2025-04-12 21:03:51] Time for challenge fold: 2.00ms
[2025-04-12 21:04:01] Time for fold: 10.17s
[2025-04-12 21:04:01] Time for fold verifier: 32.63ms
[2025-04-12 21:04:03]   Time to decompose witness: 1.74s
[2025-04-12 21:04:03]   Time to extract relevant columns from power series: 40.00ns
[2025-04-12 21:04:06]   Time to compute RHS matrix: 3.07s
[2025-04-12 21:04:06] Time for decomp: 4.81s
[2025-04-12 21:04:06] Time for verify_decomp: 4.68ms
[2025-04-12 21:04:06]   Time to transpose witness: 404.43ms
[2025-04-12 21:04:08]   Time to convolve rows: 1.65s
[2025-04-12 21:04:08]   Time to get power_series_sub: 50.00ns
[2025-04-12 21:04:08]   Time to compute new RHS: 102.00ns
[2025-04-12 21:04:21] Time for norm_1: 14.94s
[2025-04-12 21:04:22] Time for norm_challenge: 1.04s
[2025-04-12 21:04:22] 8192
[2025-04-12 21:04:38] Time for norm_2: 16.25s
[2025-04-12 21:04:38] 14 81 3 81
[2025-04-12 21:04:38] Time for verify_norm_2: 10.05ms
[2025-04-12 21:04:39]  Splitting 8192
[2025-04-12 21:04:39]  into 4096 0 4096
[2025-04-12 21:04:55] Time for split: 17.20s
[2025-04-12 21:04:55]   Time to extract left and right columns from RHS: 8.24ms
[2025-04-12 21:04:55]   Time to compute the multiplier: 153.63µs
[2025-04-12 21:04:55]   Time for row-wise tensor product: 10.02ms
[2025-04-12 21:04:55]   Time verification: 7.24ms
[2025-04-12 21:04:55] Time for split verifier: 25.71ms
[2025-04-12 21:04:55] Time for challenge fold: 2.25ms
[2025-04-12 21:05:00] Time for fold: 5.04s
[2025-04-12 21:05:00] Time for fold verifier: 29.45ms
[2025-04-12 21:05:01]   Time to decompose witness: 553.48ms
[2025-04-12 21:05:01]   Time to extract relevant columns from power series: 40.00ns
[2025-04-12 21:05:03]   Time to compute RHS matrix: 1.87s
[2025-04-12 21:05:03] Time for decomp: 2.42s
[2025-04-12 21:05:03] Time for verify_decomp: 5.10ms
[2025-04-12 21:05:03]   Time to transpose witness: 113.00ms
[2025-04-12 21:05:03]   Time to convolve rows: 703.08ms
[2025-04-12 21:05:03]   Time to get power_series_sub: 56.00ns
[2025-04-12 21:05:03]   Time to compute new RHS: 55.00ns
[2025-04-12 21:05:10] Time for norm_1: 6.90s
[2025-04-12 21:05:11] Time for norm_challenge: 929.31ms
[2025-04-12 21:05:11] 4096
[2025-04-12 21:05:24] Time for norm_2: 13.62s
[2025-04-12 21:05:24] 17 81 3 81
[2025-04-12 21:05:24] Time for verify_norm_2: 9.78ms
[2025-04-12 21:05:25]  Splitting 4096
[2025-04-12 21:05:25]  into 2048 0 2048
[2025-04-12 21:05:32] Time for split: 7.76s
[2025-04-12 21:05:32]   Time to extract left and right columns from RHS: 2.84ms
[2025-04-12 21:05:32]   Time to compute the multiplier: 48.14µs
[2025-04-12 21:05:32]   Time for row-wise tensor product: 9.78ms
[2025-04-12 21:05:32]   Time verification: 2.73ms
[2025-04-12 21:05:32] Time for split verifier: 15.46ms
[2025-04-12 21:05:32] Time for challenge fold: 1.31ms
[2025-04-12 21:05:34] Time for fold: 2.51s
[2025-04-12 21:05:34] Time for fold verifier: 33.15ms
[2025-04-12 21:05:35]   Time to decompose witness: 188.65ms
[2025-04-12 21:05:35]   Time to extract relevant columns from power series: 48.00ns
[2025-04-12 21:05:35]   Time to compute RHS matrix: 691.12ms
[2025-04-12 21:05:35] Time for decomp: 880.26ms
[2025-04-12 21:05:35] Time for verify_decomp: 4.06ms
[2025-04-12 21:05:35]   Time to transpose witness: 33.83ms
[2025-04-12 21:05:36]   Time to convolve rows: 221.41ms
[2025-04-12 21:05:36]   Time to get power_series_sub: 46.00ns
[2025-04-12 21:05:36]   Time to compute new RHS: 49.00ns
[2025-04-12 21:05:37] Time for norm_1: 2.06s
[2025-04-12 21:05:38] Time for norm_challenge: 994.81ms
[2025-04-12 21:05:39] 2048
[2025-04-12 21:05:52] Time for norm_2: 13.84s
[2025-04-12 21:05:52] 20 54 3 54
[2025-04-12 21:05:52] Time for verify_norm_2: 7.30ms
[2025-04-12 21:05:52]  Splitting 2048
[2025-04-12 21:05:53]  into 1024 0 1024
[2025-04-12 21:05:55] Time for split: 2.86s
[2025-04-12 21:05:55]   Time to extract left and right columns from RHS: 2.38ms
[2025-04-12 21:05:55]   Time to compute the multiplier: 151.81µs
[2025-04-12 21:05:55]   Time for row-wise tensor product: 7.24ms
[2025-04-12 21:05:55]   Time verification: 2.30ms
[2025-04-12 21:05:55] Time for split verifier: 12.15ms
[2025-04-12 21:05:55] Time for challenge fold: 768.62µs
[2025-04-12 21:05:56] Time for fold: 824.11ms
[2025-04-12 21:05:56] Time for fold verifier: 21.57ms
[2025-04-12 21:05:56]   Time to decompose witness: 89.49ms
[2025-04-12 21:05:56]   Time to extract relevant columns from power series: 49.00ns
[2025-04-12 21:05:56]   Time to compute RHS matrix: 397.97ms
[2025-04-12 21:05:56] Time for decomp: 487.75ms
[2025-04-12 21:05:56] Time for verify_decomp: 4.85ms
[2025-04-12 21:05:56]   Time to transpose witness: 17.31ms
[2025-04-12 21:05:57]   Time to convolve rows: 108.75ms
[2025-04-12 21:05:57]   Time to get power_series_sub: 47.00ns
[2025-04-12 21:05:57]   Time to compute new RHS: 48.00ns
[2025-04-12 21:05:58] Time for norm_1: 1.09s
[2025-04-12 21:05:58] Time for norm_challenge: 905.35ms
[2025-04-12 21:05:59] 1024
[2025-04-12 21:06:08] Time for norm_2: 9.62s
[2025-04-12 21:06:08] 23 54 3 54
[2025-04-12 21:06:08] Time for verify_norm_2: 3.79ms
[2025-04-12 21:06:08]  Splitting 1024
[2025-04-12 21:06:08]  into 512 0 512
[2025-04-12 21:06:10] Time for split: 1.55s
[2025-04-12 21:06:10]   Time to extract left and right columns from RHS: 4.55ms
[2025-04-12 21:06:10]   Time to compute the multiplier: 156.70µs
[2025-04-12 21:06:10]   Time for row-wise tensor product: 7.08ms
[2025-04-12 21:06:10]   Time verification: 3.41ms
[2025-04-12 21:06:10] Time for split verifier: 15.27ms
[2025-04-12 21:06:10] Time for challenge fold: 722.42µs
[2025-04-12 21:06:10] Time for fold: 396.16ms
[2025-04-12 21:06:10] Time for fold verifier: 26.03ms
[2025-04-12 21:06:10]   Time to decompose witness: 51.12ms
[2025-04-12 21:06:10]   Time to extract relevant columns from power series: 47.00ns
[2025-04-12 21:06:10]   Time to compute RHS matrix: 223.38ms
[2025-04-12 21:06:10] Time for decomp: 274.68ms
[2025-04-12 21:06:10] Time for verify_decomp: 5.76ms
[2025-04-12 21:06:10]   Time to transpose witness: 8.46ms
[2025-04-12 21:06:10]   Time to convolve rows: 51.54ms
[2025-04-12 21:06:10]   Time to get power_series_sub: 60.00ns
[2025-04-12 21:06:10]   Time to compute new RHS: 53.00ns
[2025-04-12 21:06:11] Time for norm_1: 575.64ms
[2025-04-12 21:06:12] Time for norm_challenge: 930.25ms
[2025-04-12 21:06:12] 512
[2025-04-12 21:06:21] Time for norm_2: 9.39s
[2025-04-12 21:06:21] 26 54 3 54
[2025-04-12 21:06:21] Time for verify_norm_2: 3.96ms
[2025-04-12 21:06:21]  Splitting 512
[2025-04-12 21:06:21]  into 256 0 256
[2025-04-12 21:06:22] Time for split: 900.28ms
[2025-04-12 21:06:22]   Time to extract left and right columns from RHS: 2.66ms
[2025-04-12 21:06:22]   Time to compute the multiplier: 85.88µs
[2025-04-12 21:06:22]   Time for row-wise tensor product: 7.79ms
[2025-04-12 21:06:22]   Time verification: 2.53ms
[2025-04-12 21:06:22] Time for split verifier: 13.14ms
[2025-04-12 21:06:22] Time for challenge fold: 703.93µs
[2025-04-12 21:06:22] Time for fold: 198.09ms
[2025-04-12 21:06:22] Time for fold verifier: 26.96ms
[2025-04-12 21:06:22]   Time to decompose witness: 17.42ms
[2025-04-12 21:06:22]   Time to extract relevant columns from power series: 48.00ns
[2025-04-12 21:06:23]   Time to compute RHS matrix: 117.30ms
[2025-04-12 21:06:23] Time for decomp: 134.84ms
[2025-04-12 21:06:23] Time for verify_decomp: 6.00ms
[2025-04-12 21:06:23]   Time to transpose witness: 4.51ms
[2025-04-12 21:06:23]   Time to convolve rows: 28.19ms
[2025-04-12 21:06:23]   Time to get power_series_sub: 48.00ns
[2025-04-12 21:06:23]   Time to compute new RHS: 75.00ns
[2025-04-12 21:06:23] Time for norm_1: 315.08ms
[2025-04-12 21:06:24] Time for norm_challenge: 927.63ms
[2025-04-12 21:06:24] 256
[2025-04-12 21:06:30] Time for norm_2: 6.41s
[2025-04-12 21:06:30] 29 54 3 54
[2025-04-12 21:06:30] Time for verify_norm_2: 4.44ms
[2025-04-12 21:06:30]  Splitting 256
[2025-04-12 21:06:30]  into 128 0 128
[2025-04-12 21:06:31] Time for split: 405.05ms
[2025-04-12 21:06:31]   Time to extract left and right columns from RHS: 3.15ms
[2025-04-12 21:06:31]   Time to compute the multiplier: 78.80µs
[2025-04-12 21:06:31]   Time for row-wise tensor product: 8.43ms
[2025-04-12 21:06:31]   Time verification: 2.85ms
[2025-04-12 21:06:31] Time for split verifier: 14.59ms
[2025-04-12 21:06:31] Time for challenge fold: 704.60µs
[2025-04-12 21:06:31] Time for fold: 101.06ms
[2025-04-12 21:06:31] Time for fold verifier: 28.02ms
[2025-04-12 21:06:31]   Time to decompose witness: 9.25ms
[2025-04-12 21:06:31]   Time to extract relevant columns from power series: 51.00ns
[2025-04-12 21:06:31]   Time to compute RHS matrix: 65.08ms
[2025-04-12 21:06:31] Time for decomp: 74.42ms
[2025-04-12 21:06:31] Time for verify_decomp: 7.20ms
[2025-04-12 21:06:31]   Time to transpose witness: 1.42ms
[2025-04-12 21:06:31]   Time to convolve rows: 17.36ms
[2025-04-12 21:06:31]   Time to get power_series_sub: 60.00ns
[2025-04-12 21:06:31]   Time to compute new RHS: 51.00ns
[2025-04-12 21:06:31] Time for norm_1: 167.76ms
[2025-04-12 21:06:32] Time for norm_challenge: 941.82ms
[2025-04-12 21:06:32] 128
[2025-04-12 21:06:37] Time for norm_2: 5.26s
[2025-04-12 21:06:37] 32 54 3 54
[2025-04-12 21:06:37] Time for verify_norm_2: 4.42ms
[2025-04-12 21:06:37]  Splitting 128
[2025-04-12 21:06:37]  into 64 0 64
[2025-04-12 21:06:37] Time for split: 222.35ms
[2025-04-12 21:06:37]   Time to extract left and right columns from RHS: 3.45ms
[2025-04-12 21:06:37]   Time to compute the multiplier: 105.09µs
[2025-04-12 21:06:37]   Time for row-wise tensor product: 7.20ms
[2025-04-12 21:06:37]   Time verification: 3.39ms
[2025-04-12 21:06:37] Time for split verifier: 14.21ms
[2025-04-12 21:06:37] Time for challenge fold: 713.87µs
[2025-04-12 21:06:37] Time for fold: 51.93ms
[2025-04-12 21:06:37] Time for fold verifier: 32.32ms
[2025-04-12 21:06:38] Time for final assert_eq: 19.23ms
[2025-04-12 21:06:38] PRV: 996.72s
[2025-04-12 21:06:38] VER: 11.29s
