[2025-04-12 21:09:01] F_OLD_3
[2025-04-12 21:09:01] hardware acc full
[2025-04-12 21:09:01] PARAMS: NEW: false, MODULE: 2, WIT_DIM: 65536, REP: 9, Q: 4546383823830515713, PHI: 1020, DECOMP_PARTS: [1, 3, 3, 3, 3, 2, 2, 2, 2, 2]
[2025-04-12 21:09:02] OK sage
[2025-04-12 21:09:02] Start CRS
[2025-04-12 21:09:04] end CRS
[2025-04-12 21:09:16] end sampling witness
[2025-04-12 21:09:21] Time for parallel_dot_matrix_matrix (commitment): 4.87s
[2025-04-12 21:09:22]   Time to transpose witness: 1.19s
[2025-04-12 21:09:38]   Time to convolve rows: 15.90s
[2025-04-12 21:09:38]   Time to get power_series_sub: 67.00ns
[2025-04-12 21:09:38]   Time to compute new RHS: 53.00ns
[2025-04-12 21:10:00] Time for norm_1: 39.79s
[2025-04-12 21:10:01] Time for norm_challenge: 934.99ms
[2025-04-12 21:10:06] 65536
[2025-04-12 21:10:23] Time for norm_2: 22.00s
[2025-04-12 21:10:23] 2 27 3 27
[2025-04-12 21:10:23] Time for verify_norm_2: 1.06ms
[2025-04-12 21:10:26]  Splitting 65536
[2025-04-12 21:10:29]  into 32768 0 32768
[2025-04-12 21:10:52] Time for split: 29.18s
[2025-04-12 21:10:52]   Time to extract left and right columns from RHS: 371.44µs
[2025-04-12 21:10:52]   Time to compute the multiplier: 53.75µs
[2025-04-12 21:10:52]   Time for row-wise tensor product: 2.78ms
[2025-04-12 21:10:52]   Time verification: 780.98µs
[2025-04-12 21:10:52] Time for split verifier: 4.01ms
[2025-04-12 21:10:52] Time for challenge fold: 391.92µs
[2025-04-12 21:11:06] Time for fold: 13.63s
[2025-04-12 21:11:06] Time for fold verifier: 5.09ms
[2025-04-12 21:11:14]   Time to decompose witness: 7.94s
[2025-04-12 21:11:14]   Time to extract relevant columns from power series: 40.00ns
[2025-04-12 21:11:21]   Time to compute RHS matrix: 7.16s
[2025-04-12 21:11:21] Time for decomp: 15.10s
[2025-04-12 21:11:21] Time for verify_decomp: 1.33ms
[2025-04-12 21:11:22]   Time to transpose witness: 1.04s
[2025-04-12 21:11:36]   Time to convolve rows: 13.77s
[2025-04-12 21:11:36]   Time to get power_series_sub: 74.00ns
[2025-04-12 21:11:36]   Time to compute new RHS: 47.00ns
[2025-04-12 21:12:13] Time for norm_1: 51.44s
[2025-04-12 21:12:14] Time for norm_challenge: 1.04s
[2025-04-12 21:12:16] 32768
[2025-04-12 21:12:36] Time for norm_2: 22.43s
[2025-04-12 21:12:36] 5 81 3 81
[2025-04-12 21:12:36] Time for verify_norm_2: 3.84ms
[2025-04-12 21:12:41]  Splitting 32768
[2025-04-12 21:12:43]  into 16384 0 16384
[2025-04-12 21:13:23] Time for split: 47.28s
[2025-04-12 21:13:23]   Time to extract left and right columns from RHS: 1.82ms
[2025-04-12 21:13:23]   Time to compute the multiplier: 46.12µs
[2025-04-12 21:13:23]   Time for row-wise tensor product: 8.82ms
[2025-04-12 21:13:23]   Time verification: 1.88ms
[2025-04-12 21:13:23] Time for split verifier: 12.62ms
[2025-04-12 21:13:23] Time for challenge fold: 1.57ms
[2025-04-12 21:13:44] Time for fold: 20.93s
[2025-04-12 21:13:44] Time for fold verifier: 19.03ms
[2025-04-12 21:13:47]   Time to decompose witness: 2.51s
[2025-04-12 21:13:47]   Time to extract relevant columns from power series: 40.00ns
[2025-04-12 21:13:51]   Time to compute RHS matrix: 4.50s
[2025-04-12 21:13:51] Time for decomp: 7.01s
[2025-04-12 21:13:51] Time for verify_decomp: 2.22ms
[2025-04-12 21:13:52]   Time to transpose witness: 1.10s
[2025-04-12 21:13:56]   Time to convolve rows: 4.01s
[2025-04-12 21:13:56]   Time to get power_series_sub: 59.00ns
[2025-04-12 21:13:56]   Time to compute new RHS: 46.00ns
[2025-04-12 21:14:18] Time for norm_1: 26.40s
[2025-04-12 21:14:19] Time for norm_challenge: 1.05s
[2025-04-12 21:14:20] 16384
[2025-04-12 21:14:33] Time for norm_2: 14.15s
[2025-04-12 21:14:33] 8 81 3 81
[2025-04-12 21:14:33] Time for verify_norm_2: 5.20ms
[2025-04-12 21:14:34]  Splitting 16384
[2025-04-12 21:14:35]  into 8192 0 8192
[2025-04-12 21:14:58] Time for split: 24.84s
[2025-04-12 21:14:58]   Time to extract left and right columns from RHS: 1.40ms
[2025-04-12 21:14:58]   Time to compute the multiplier: 138.51µs
[2025-04-12 21:14:58]   Time for row-wise tensor product: 7.61ms
[2025-04-12 21:14:58]   Time verification: 2.63ms
[2025-04-12 21:14:58] Time for split verifier: 11.82ms
[2025-04-12 21:14:58] Time for challenge fold: 1.87ms
[2025-04-12 21:15:08] Time for fold: 10.23s
[2025-04-12 21:15:08] Time for fold verifier: 27.78ms
[2025-04-12 21:15:09]   Time to decompose witness: 1.38s
[2025-04-12 21:15:09]   Time to extract relevant columns from power series: 39.00ns
[2025-04-12 21:15:13]   Time to compute RHS matrix: 3.21s
[2025-04-12 21:15:13] Time for decomp: 4.59s
[2025-04-12 21:15:13] Time for verify_decomp: 2.77ms
[2025-04-12 21:15:13]   Time to transpose witness: 131.87ms
[2025-04-12 21:15:14]   Time to convolve rows: 1.69s
[2025-04-12 21:15:14]   Time to get power_series_sub: 58.00ns
[2025-04-12 21:15:14]   Time to compute new RHS: 53.00ns
[2025-04-12 21:15:25] Time for norm_1: 12.25s
[2025-04-12 21:15:26] Time for norm_challenge: 1.04s
[2025-04-12 21:15:27] 8192
[2025-04-12 21:15:33] Time for norm_2: 7.14s
[2025-04-12 21:15:33] 11 81 3 81
[2025-04-12 21:15:33] Time for verify_norm_2: 6.56ms
[2025-04-12 21:15:34]  Splitting 8192
[2025-04-12 21:15:34]  into 4096 0 4096
[2025-04-12 21:15:46] Time for split: 13.35s
[2025-04-12 21:15:46]   Time to extract left and right columns from RHS: 1.93ms
[2025-04-12 21:15:46]   Time to compute the multiplier: 59.41µs
[2025-04-12 21:15:46]   Time for row-wise tensor product: 9.26ms
[2025-04-12 21:15:46]   Time verification: 1.91ms
[2025-04-12 21:15:46] Time for split verifier: 13.21ms
[2025-04-12 21:15:46] Time for challenge fold: 1.17ms
[2025-04-12 21:15:51] Time for fold: 5.03s
[2025-04-12 21:15:52] Time for fold verifier: 24.88ms
[2025-04-12 21:15:52]   Time to decompose witness: 481.25ms
[2025-04-12 21:15:52]   Time to extract relevant columns from power series: 39.00ns
[2025-04-12 21:15:53]   Time to compute RHS matrix: 1.48s
[2025-04-12 21:15:53] Time for decomp: 1.96s
[2025-04-12 21:15:53] Time for verify_decomp: 4.22ms
[2025-04-12 21:15:54]   Time to transpose witness: 101.96ms
[2025-04-12 21:15:54]   Time to convolve rows: 751.46ms
[2025-04-12 21:15:54]   Time to get power_series_sub: 55.00ns
[2025-04-12 21:15:54]   Time to compute new RHS: 59.00ns
[2025-04-12 21:16:00] Time for norm_1: 6.57s
[2025-04-12 21:16:01] Time for norm_challenge: 926.69ms
[2025-04-12 21:16:01] 4096
[2025-04-12 21:16:08] Time for norm_2: 6.72s
[2025-04-12 21:16:08] 14 81 3 81
[2025-04-12 21:16:08] Time for verify_norm_2: 4.59ms
[2025-04-12 21:16:08]  Splitting 4096
[2025-04-12 21:16:08]  into 2048 0 2048
[2025-04-12 21:16:15] Time for split: 7.42s
[2025-04-12 21:16:15]   Time to extract left and right columns from RHS: 2.45ms
[2025-04-12 21:16:15]   Time to compute the multiplier: 113.06µs
[2025-04-12 21:16:15]   Time for row-wise tensor product: 8.23ms
[2025-04-12 21:16:15]   Time verification: 2.36ms
[2025-04-12 21:16:15] Time for split verifier: 13.21ms
[2025-04-12 21:16:15] Time for challenge fold: 1.43ms
[2025-04-12 21:16:18] Time for fold: 2.52s
[2025-04-12 21:16:18] Time for fold verifier: 28.68ms
[2025-04-12 21:16:18]   Time to decompose witness: 175.35ms
[2025-04-12 21:16:18]   Time to extract relevant columns from power series: 47.00ns
[2025-04-12 21:16:18]   Time to compute RHS matrix: 595.20ms
[2025-04-12 21:16:18] Time for decomp: 771.02ms
[2025-04-12 21:16:18] Time for verify_decomp: 3.13ms
[2025-04-12 21:16:18]   Time to transpose witness: 34.69ms
[2025-04-12 21:16:19]   Time to convolve rows: 221.00ms
[2025-04-12 21:16:19]   Time to get power_series_sub: 75.00ns
[2025-04-12 21:16:19]   Time to compute new RHS: 47.00ns
[2025-04-12 21:16:21] Time for norm_1: 2.06s
[2025-04-12 21:16:21] Time for norm_challenge: 926.00ms
[2025-04-12 21:16:22] 2048
[2025-04-12 21:16:26] Time for norm_2: 4.22s
[2025-04-12 21:16:26] 17 54 3 54
[2025-04-12 21:16:26] Time for verify_norm_2: 3.32ms
[2025-04-12 21:16:26]  Splitting 2048
[2025-04-12 21:16:26]  into 1024 0 1024
[2025-04-12 21:16:28] Time for split: 2.28s
[2025-04-12 21:16:28]   Time to extract left and right columns from RHS: 1.86ms
[2025-04-12 21:16:28]   Time to compute the multiplier: 52.39µs
[2025-04-12 21:16:28]   Time for row-wise tensor product: 6.91ms
[2025-04-12 21:16:28]   Time verification: 4.35ms
[2025-04-12 21:16:28] Time for split verifier: 13.22ms
[2025-04-12 21:16:28] Time for challenge fold: 691.05µs
[2025-04-12 21:16:29] Time for fold: 850.38ms
[2025-04-12 21:16:29] Time for fold verifier: 21.17ms
[2025-04-12 21:16:29]   Time to decompose witness: 120.62ms
[2025-04-12 21:16:29]   Time to extract relevant columns from power series: 51.00ns
[2025-04-12 21:16:29]   Time to compute RHS matrix: 360.38ms
[2025-04-12 21:16:29] Time for decomp: 481.31ms
[2025-04-12 21:16:29] Time for verify_decomp: 3.93ms
[2025-04-12 21:16:29]   Time to transpose witness: 16.82ms
[2025-04-12 21:16:29]   Time to convolve rows: 107.27ms
[2025-04-12 21:16:29]   Time to get power_series_sub: 47.00ns
[2025-04-12 21:16:29]   Time to compute new RHS: 66.00ns
[2025-04-12 21:16:30] Time for norm_1: 1.00s
[2025-04-12 21:16:31] Time for norm_challenge: 991.64ms
[2025-04-12 21:16:31] 1024
[2025-04-12 21:16:35] Time for norm_2: 3.68s
[2025-04-12 21:16:35] 20 54 3 54
[2025-04-12 21:16:35] Time for verify_norm_2: 8.50ms
[2025-04-12 21:16:35]  Splitting 1024
[2025-04-12 21:16:35]  into 512 0 512
[2025-04-12 21:16:36] Time for split: 1.28s
[2025-04-12 21:16:36]   Time to extract left and right columns from RHS: 2.04ms
[2025-04-12 21:16:36]   Time to compute the multiplier: 75.16µs
[2025-04-12 21:16:36]   Time for row-wise tensor product: 7.02ms
[2025-04-12 21:16:36]   Time verification: 2.16ms
[2025-04-12 21:16:36] Time for split verifier: 11.35ms
[2025-04-12 21:16:36] Time for challenge fold: 850.09µs
[2025-04-12 21:16:37] Time for fold: 396.60ms
[2025-04-12 21:16:37] Time for fold verifier: 20.88ms
[2025-04-12 21:16:37]   Time to decompose witness: 44.85ms
[2025-04-12 21:16:37]   Time to extract relevant columns from power series: 48.00ns
[2025-04-12 21:16:37]   Time to compute RHS matrix: 202.17ms
[2025-04-12 21:16:37] Time for decomp: 247.19ms
[2025-04-12 21:16:37] Time for verify_decomp: 4.61ms
[2025-04-12 21:16:37]   Time to transpose witness: 8.72ms
[2025-04-12 21:16:37]   Time to convolve rows: 51.95ms
[2025-04-12 21:16:37]   Time to get power_series_sub: 62.00ns
[2025-04-12 21:16:37]   Time to compute new RHS: 52.00ns
[2025-04-12 21:16:38] Time for norm_1: 613.56ms
[2025-04-12 21:16:38] Time for norm_challenge: 918.31ms
[2025-04-12 21:16:39] 512
[2025-04-12 21:16:41] Time for norm_2: 2.55s
[2025-04-12 21:16:41] 23 54 3 54
[2025-04-12 21:16:41] Time for verify_norm_2: 3.76ms
[2025-04-12 21:16:41]  Splitting 512
[2025-04-12 21:16:41]  into 256 0 256
[2025-04-12 21:16:42] Time for split: 696.45ms
[2025-04-12 21:16:42]   Time to extract left and right columns from RHS: 2.44ms
[2025-04-12 21:16:42]   Time to compute the multiplier: 63.20µs
[2025-04-12 21:16:42]   Time for row-wise tensor product: 6.98ms
[2025-04-12 21:16:42]   Time verification: 2.29ms
[2025-04-12 21:16:42] Time for split verifier: 11.86ms
[2025-04-12 21:16:42] Time for challenge fold: 685.51µs
[2025-04-12 21:16:42] Time for fold: 200.42ms
[2025-04-12 21:16:42] Time for fold verifier: 25.75ms
[2025-04-12 21:16:42]   Time to decompose witness: 17.44ms
[2025-04-12 21:16:42]   Time to extract relevant columns from power series: 49.00ns
[2025-04-12 21:16:42]   Time to compute RHS matrix: 109.11ms
[2025-04-12 21:16:42] Time for decomp: 126.69ms
[2025-04-12 21:16:42] Time for verify_decomp: 5.17ms
[2025-04-12 21:16:42]   Time to transpose witness: 4.15ms
[2025-04-12 21:16:42]   Time to convolve rows: 28.46ms
[2025-04-12 21:16:42]   Time to get power_series_sub: 46.00ns
[2025-04-12 21:16:42]   Time to compute new RHS: 47.00ns
[2025-04-12 21:16:42] Time for norm_1: 288.50ms
[2025-04-12 21:16:43] Time for norm_challenge: 930.52ms
[2025-04-12 21:16:43] 256
[2025-04-12 21:16:46] Time for norm_2: 2.64s
[2025-04-12 21:16:46] 26 54 3 54
[2025-04-12 21:16:46] Time for verify_norm_2: 3.89ms
[2025-04-12 21:16:46]  Splitting 256
[2025-04-12 21:16:46]  into 128 0 128
[2025-04-12 21:16:46] Time for split: 373.19ms
[2025-04-12 21:16:46]   Time to extract left and right columns from RHS: 2.82ms
[2025-04-12 21:16:46]   Time to compute the multiplier: 73.40µs
[2025-04-12 21:16:46]   Time for row-wise tensor product: 7.16ms
[2025-04-12 21:16:46]   Time verification: 2.60ms
[2025-04-12 21:16:46] Time for split verifier: 12.73ms
[2025-04-12 21:16:46] Time for challenge fold: 711.12µs
[2025-04-12 21:16:46] Time for fold: 102.22ms
[2025-04-12 21:16:46] Time for fold verifier: 26.10ms
[2025-04-12 21:16:46]   Time to decompose witness: 8.94ms
[2025-04-12 21:16:46]   Time to extract relevant columns from power series: 58.00ns
[2025-04-12 21:16:47]   Time to compute RHS matrix: 58.19ms
[2025-04-12 21:16:47] Time for decomp: 67.24ms
[2025-04-12 21:16:47] Time for verify_decomp: 6.27ms
[2025-04-12 21:16:47]   Time to transpose witness: 1.53ms
[2025-04-12 21:16:47]   Time to convolve rows: 21.63ms
[2025-04-12 21:16:47]   Time to get power_series_sub: 55.00ns
[2025-04-12 21:16:47]   Time to compute new RHS: 61.00ns
[2025-04-12 21:16:47] Time for norm_1: 164.54ms
[2025-04-12 21:16:48] Time for norm_challenge: 936.95ms
[2025-04-12 21:16:48] 128
[2025-04-12 21:16:50] Time for norm_2: 2.07s
[2025-04-12 21:16:50] 29 54 3 54
[2025-04-12 21:16:50] Time for verify_norm_2: 4.15ms
[2025-04-12 21:16:50]  Splitting 128
[2025-04-12 21:16:50]  into 64 0 64
[2025-04-12 21:16:50] Time for split: 202.10ms
[2025-04-12 21:16:50]   Time to extract left and right columns from RHS: 3.25ms
[2025-04-12 21:16:50]   Time to compute the multiplier: 92.90µs
[2025-04-12 21:16:50]   Time for row-wise tensor product: 7.23ms
[2025-04-12 21:16:50]   Time verification: 3.09ms
[2025-04-12 21:16:50] Time for split verifier: 13.74ms
[2025-04-12 21:16:50] Time for challenge fold: 691.02µs
[2025-04-12 21:16:50] Time for fold: 52.01ms
[2025-04-12 21:16:50] Time for fold verifier: 28.50ms
[2025-04-12 21:16:50] Time for final assert_eq: 16.79ms
[2025-04-12 21:16:50] PRV: 444.23s
[2025-04-12 21:16:50] VER: 10.03s
