[2025-04-12 21:06:44] F_NEW_3
[2025-04-12 21:06:44] hardware acc full
[2025-04-12 21:06:44] PARAMS: NEW: true, MODULE: 2, WIT_DIM: 65536, REP: 9, Q: 4546383823830515713, PHI: 1020, DECOMP_PARTS: [1, 2, 2, 2, 2, 2, 2, 2, 2, 2]
[2025-04-12 21:06:45] OK sage
[2025-04-12 21:06:45] Start CRS
[2025-04-12 21:06:47] end CRS
[2025-04-12 21:06:59] end sampling witness
[2025-04-12 21:07:04] Time for parallel_dot_matrix_matrix (commitment): 4.88s
[2025-04-12 21:07:09] Time for prover::norm_1: 5.02s
[2025-04-12 21:07:09] Time for verifier::verify_norm_1: 61.31µs
[2025-04-12 21:07:25] Time for prover::norm_2: 16.38s
[2025-04-12 21:07:25] Time for verifier::verify_norm_2: 11.52ms
[2025-04-12 21:07:25] Time for verifier::verify_norm_3: 391.04µs
[2025-04-12 21:07:26]  Splitting 65536
[2025-04-12 21:07:26]  into 32768 0 32768
[2025-04-12 21:07:33] Time for split: 7.63s
[2025-04-12 21:07:33]   Time to extract left and right columns from RHS: 48.84µs
[2025-04-12 21:07:33]   Time to compute the multiplier: 7.81µs
[2025-04-12 21:07:33]   Time for row-wise tensor product: 772.07µs
[2025-04-12 21:07:33]   Time verification: 80.94µs
[2025-04-12 21:07:33] Time for split verifier: 923.68µs
[2025-04-12 21:07:33] Time for challenge fold: 98.05µs
[2025-04-12 21:07:37] Time for fold: 4.48s
[2025-04-12 21:07:37] Time for fold verifier: 2.37ms
[2025-04-12 21:07:44]   Time to decompose witness: 6.46s
[2025-04-12 21:07:44]   Time to extract relevant columns from power series: 40.00ns
[2025-04-12 21:07:47]   Time to compute RHS matrix: 2.97s
[2025-04-12 21:07:47] Time for decomp: 9.57s
[2025-04-12 21:07:47] Time for verify_decomp: 5.23ms
[2025-04-12 21:07:49] Time for prover::norm_1: 2.80s
[2025-04-12 21:07:49] Time for verifier::verify_norm_1: 36.99µs
[2025-04-12 21:08:02] Time for prover::norm_2: 12.86s
[2025-04-12 21:08:02] Time for verifier::verify_norm_2: 16.58ms
[2025-04-12 21:08:02] Time for verifier::verify_norm_3: 1.47ms
[2025-04-12 21:08:03]  Splitting 32768
[2025-04-12 21:08:03]  into 16384 0 16384
[2025-04-12 21:08:09] Time for split: 6.65s
[2025-04-12 21:08:09]   Time to extract left and right columns from RHS: 124.20µs
[2025-04-12 21:08:09]   Time to compute the multiplier: 31.98µs
[2025-04-12 21:08:09]   Time for row-wise tensor product: 1.89ms
[2025-04-12 21:08:09]   Time verification: 168.02µs
[2025-04-12 21:08:09] Time for split verifier: 2.24ms
[2025-04-12 21:08:09] Time for challenge fold: 177.88µs
[2025-04-12 21:08:14] Time for fold: 4.58s
[2025-04-12 21:08:14] Time for fold verifier: 2.54ms
[2025-04-12 21:08:16]   Time to decompose witness: 2.16s
[2025-04-12 21:08:16]   Time to extract relevant columns from power series: 39.00ns
[2025-04-12 21:08:17]   Time to compute RHS matrix: 1.62s
[2025-04-12 21:08:18] Time for decomp: 3.90s
[2025-04-12 21:08:18] Time for verify_decomp: 7.64ms
[2025-04-12 21:08:19] Time for prover::norm_1: 1.37s
[2025-04-12 21:08:19] Time for verifier::verify_norm_1: 140.80µs
[2025-04-12 21:08:27] Time for prover::norm_2: 7.93s
[2025-04-12 21:08:27] Time for verifier::verify_norm_2: 15.80ms
[2025-04-12 21:08:27] Time for verifier::verify_norm_3: 3.71ms
[2025-04-12 21:08:27]  Splitting 16384
[2025-04-12 21:08:27]  into 8192 0 8192
[2025-04-12 21:08:30] Time for split: 2.95s
[2025-04-12 21:08:30]   Time to extract left and right columns from RHS: 151.38µs
[2025-04-12 21:08:30]   Time to compute the multiplier: 25.80µs
[2025-04-12 21:08:30]   Time for row-wise tensor product: 1.30ms
[2025-04-12 21:08:30]   Time verification: 212.57µs
[2025-04-12 21:08:30] Time for split verifier: 1.70ms
[2025-04-12 21:08:30] Time for challenge fold: 207.97µs
[2025-04-12 21:08:32] Time for fold: 2.22s
[2025-04-12 21:08:32] Time for fold verifier: 3.13ms
[2025-04-12 21:08:33]   Time to decompose witness: 807.32ms
[2025-04-12 21:08:33]   Time to extract relevant columns from power series: 39.00ns
[2025-04-12 21:08:34]   Time to compute RHS matrix: 1.04s
[2025-04-12 21:08:34] Time for decomp: 1.85s
[2025-04-12 21:08:34] Time for verify_decomp: 806.61µs
[2025-04-12 21:08:34] Time for prover::norm_1: 579.42ms
[2025-04-12 21:08:34] Time for verifier::verify_norm_1: 31.74µs
[2025-04-12 21:08:38] Time for prover::norm_2: 3.96s
[2025-04-12 21:08:38] Time for verifier::verify_norm_2: 13.81ms
[2025-04-12 21:08:38] Time for verifier::verify_norm_3: 316.56µs
[2025-04-12 21:08:39]  Splitting 8192
[2025-04-12 21:08:39]  into 4096 0 4096
[2025-04-12 21:08:40] Time for split: 1.40s
[2025-04-12 21:08:40]   Time to extract left and right columns from RHS: 196.33µs
[2025-04-12 21:08:40]   Time to compute the multiplier: 19.19µs
[2025-04-12 21:08:40]   Time for row-wise tensor product: 1.97ms
[2025-04-12 21:08:40]   Time verification: 263.91µs
[2025-04-12 21:08:40] Time for split verifier: 2.47ms
[2025-04-12 21:08:40] Time for challenge fold: 228.47µs
[2025-04-12 21:08:41] Time for fold: 1.09s
[2025-04-12 21:08:41] Time for fold verifier: 3.06ms
[2025-04-12 21:08:41]   Time to decompose witness: 262.11ms
[2025-04-12 21:08:41]   Time to extract relevant columns from power series: 60.00ns
[2025-04-12 21:08:42]   Time to compute RHS matrix: 553.13ms
[2025-04-12 21:08:42] Time for decomp: 815.95ms
[2025-04-12 21:08:42] Time for verify_decomp: 1.01ms
[2025-04-12 21:08:42] Time for prover::norm_1: 326.13ms
[2025-04-12 21:08:42] Time for verifier::verify_norm_1: 36.29µs
[2025-04-12 21:08:45] Time for prover::norm_2: 2.84s
[2025-04-12 21:08:45] Time for verifier::verify_norm_2: 13.19ms
[2025-04-12 21:08:45] Time for verifier::verify_norm_3: 399.51µs
[2025-04-12 21:08:45]  Splitting 4096
[2025-04-12 21:08:45]  into 2048 0 2048
[2025-04-12 21:08:46] Time for split: 829.53ms
[2025-04-12 21:08:46]   Time to extract left and right columns from RHS: 214.98µs
[2025-04-12 21:08:46]   Time to compute the multiplier: 36.40µs
[2025-04-12 21:08:46]   Time for row-wise tensor product: 1.41ms
[2025-04-12 21:08:46]   Time verification: 279.41µs
[2025-04-12 21:08:46] Time for split verifier: 1.96ms
[2025-04-12 21:08:46] Time for challenge fold: 224.63µs
[2025-04-12 21:08:46] Time for fold: 526.56ms
[2025-04-12 21:08:46] Time for fold verifier: 3.24ms
[2025-04-12 21:08:46]   Time to decompose witness: 131.83ms
[2025-04-12 21:08:46]   Time to extract relevant columns from power series: 46.00ns
[2025-04-12 21:08:47]   Time to compute RHS matrix: 301.45ms
[2025-04-12 21:08:47] Time for decomp: 433.65ms
[2025-04-12 21:08:47] Time for verify_decomp: 1.19ms
[2025-04-12 21:08:47] Time for prover::norm_1: 163.92ms
[2025-04-12 21:08:47] Time for verifier::verify_norm_1: 36.23µs
[2025-04-12 21:08:49] Time for prover::norm_2: 1.79s
[2025-04-12 21:08:49] Time for verifier::verify_norm_2: 11.76ms
[2025-04-12 21:08:49] Time for verifier::verify_norm_3: 772.04µs
[2025-04-12 21:08:49]  Splitting 2048
[2025-04-12 21:08:49]  into 1024 0 1024
[2025-04-12 21:08:49] Time for split: 425.03ms
[2025-04-12 21:08:49]   Time to extract left and right columns from RHS: 254.71µs
[2025-04-12 21:08:49]   Time to compute the multiplier: 26.96µs
[2025-04-12 21:08:49]   Time for row-wise tensor product: 1.55ms
[2025-04-12 21:08:49]   Time verification: 316.00µs
[2025-04-12 21:08:49] Time for split verifier: 2.17ms
[2025-04-12 21:08:49] Time for challenge fold: 224.97µs
[2025-04-12 21:08:49] Time for fold: 264.34ms
[2025-04-12 21:08:49] Time for fold verifier: 3.40ms
[2025-04-12 21:08:49]   Time to decompose witness: 66.93ms
[2025-04-12 21:08:49]   Time to extract relevant columns from power series: 49.00ns
[2025-04-12 21:08:50]   Time to compute RHS matrix: 156.53ms
[2025-04-12 21:08:50] Time for decomp: 223.68ms
[2025-04-12 21:08:50] Time for verify_decomp: 1.44ms
[2025-04-12 21:08:50] Time for prover::norm_1: 83.85ms
[2025-04-12 21:08:50] Time for verifier::verify_norm_1: 28.38µs
[2025-04-12 21:08:51] Time for prover::norm_2: 1.46s
[2025-04-12 21:08:51] Time for verifier::verify_norm_2: 10.78ms
[2025-04-12 21:08:51] Time for verifier::verify_norm_3: 752.19µs
[2025-04-12 21:08:51]  Splitting 1024
[2025-04-12 21:08:51]  into 512 0 512
[2025-04-12 21:08:51] Time for split: 259.56ms
[2025-04-12 21:08:51]   Time to extract left and right columns from RHS: 328.81µs
[2025-04-12 21:08:51]   Time to compute the multiplier: 32.02µs
[2025-04-12 21:08:51]   Time for row-wise tensor product: 1.52ms
[2025-04-12 21:08:51]   Time verification: 368.00µs
[2025-04-12 21:08:51] Time for split verifier: 2.27ms
[2025-04-12 21:08:51] Time for challenge fold: 231.85µs
[2025-04-12 21:08:52] Time for fold: 131.41ms
[2025-04-12 21:08:52] Time for fold verifier: 5.14ms
[2025-04-12 21:08:52]   Time to decompose witness: 33.31ms
[2025-04-12 21:08:52]   Time to extract relevant columns from power series: 47.00ns
[2025-04-12 21:08:52]   Time to compute RHS matrix: 101.93ms
[2025-04-12 21:08:52] Time for decomp: 135.36ms
[2025-04-12 21:08:52] Time for verify_decomp: 1.62ms
[2025-04-12 21:08:52] Time for prover::norm_1: 40.92ms
[2025-04-12 21:08:52] Time for verifier::verify_norm_1: 53.27µs
[2025-04-12 21:08:53] Time for prover::norm_2: 1.01s
[2025-04-12 21:08:53] Time for verifier::verify_norm_2: 9.74ms
[2025-04-12 21:08:53] Time for verifier::verify_norm_3: 648.55µs
[2025-04-12 21:08:53]  Splitting 512
[2025-04-12 21:08:53]  into 256 0 256
[2025-04-12 21:08:53] Time for split: 120.72ms
[2025-04-12 21:08:53]   Time to extract left and right columns from RHS: 310.03µs
[2025-04-12 21:08:53]   Time to compute the multiplier: 27.73µs
[2025-04-12 21:08:53]   Time for row-wise tensor product: 2.11ms
[2025-04-12 21:08:53]   Time verification: 404.55µs
[2025-04-12 21:08:53] Time for split verifier: 2.88ms
[2025-04-12 21:08:53] Time for challenge fold: 207.57µs
[2025-04-12 21:08:53] Time for fold: 66.56ms
[2025-04-12 21:08:53] Time for fold verifier: 5.00ms
[2025-04-12 21:08:53]   Time to decompose witness: 16.79ms
[2025-04-12 21:08:53]   Time to extract relevant columns from power series: 43.00ns
[2025-04-12 21:08:53]   Time to compute RHS matrix: 51.73ms
[2025-04-12 21:08:53] Time for decomp: 68.64ms
[2025-04-12 21:08:53] Time for verify_decomp: 1.73ms
[2025-04-12 21:08:53] Time for prover::norm_1: 20.65ms
[2025-04-12 21:08:53] Time for verifier::verify_norm_1: 36.24µs
[2025-04-12 21:08:54] Time for prover::norm_2: 941.99ms
[2025-04-12 21:08:54] Time for verifier::verify_norm_2: 8.72ms
[2025-04-12 21:08:54] Time for verifier::verify_norm_3: 702.79µs
[2025-04-12 21:08:54]  Splitting 256
[2025-04-12 21:08:54]  into 128 0 128
[2025-04-12 21:08:54] Time for split: 65.46ms
[2025-04-12 21:08:54]   Time to extract left and right columns from RHS: 335.46µs
[2025-04-12 21:08:54]   Time to compute the multiplier: 30.37µs
[2025-04-12 21:08:54]   Time for row-wise tensor product: 2.48ms
[2025-04-12 21:08:54]   Time verification: 429.85µs
[2025-04-12 21:08:54] Time for split verifier: 3.30ms
[2025-04-12 21:08:54] Time for challenge fold: 244.43µs
[2025-04-12 21:08:54] Time for fold: 32.68ms
[2025-04-12 21:08:54] Time for fold verifier: 5.13ms
[2025-04-12 21:08:54]   Time to decompose witness: 8.71ms
[2025-04-12 21:08:54]   Time to extract relevant columns from power series: 54.00ns
[2025-04-12 21:08:54]   Time to compute RHS matrix: 25.40ms
[2025-04-12 21:08:54] Time for decomp: 34.16ms
[2025-04-12 21:08:54] Time for verify_decomp: 2.09ms
[2025-04-12 21:08:54] Time for prover::norm_1: 9.21ms
[2025-04-12 21:08:54] Time for verifier::verify_norm_1: 38.53µs
[2025-04-12 21:08:55] Time for prover::norm_2: 814.53ms
[2025-04-12 21:08:55] Time for verifier::verify_norm_2: 7.60ms
[2025-04-12 21:08:55] Time for verifier::verify_norm_3: 657.59µs
[2025-04-12 21:08:55]  Splitting 128
[2025-04-12 21:08:55]  into 64 0 64
[2025-04-12 21:08:55] Time for split: 33.46ms
[2025-04-12 21:08:55]   Time to extract left and right columns from RHS: 327.80µs
[2025-04-12 21:08:55]   Time to compute the multiplier: 30.50µs
[2025-04-12 21:08:55]   Time for row-wise tensor product: 2.07ms
[2025-04-12 21:08:55]   Time verification: 429.61µs
[2025-04-12 21:08:55] Time for split verifier: 2.89ms
[2025-04-12 21:08:55] Time for challenge fold: 194.81µs
[2025-04-12 21:08:55] Time for fold: 17.20ms
[2025-04-12 21:08:55] Time for fold verifier: 5.05ms
[2025-04-12 21:08:55] Time for final assert_eq: 8.31ms
[2025-04-12 21:08:55] PRV: 116.09s
[2025-04-12 21:08:55] VER: 200.99ms
