[2025-04-05 04:17:48] default
[2025-04-05 04:17:48] no hardware acc
[2025-04-05 04:17:48] PARAMS: NEW: true, MODULE: 35, WIT_DIM: 2097152, REP: 18, Q: 4546383823830515713, PHI: 30, DECOMP_PARTS: [1, 3, 3, 3, 3, 3, 2, 2, 2, 2, 2]
[2025-04-05 04:17:49] OK sage
[2025-04-05 04:17:49] Start CRS
[2025-04-05 04:17:55] end CRS
[2025-04-05 04:18:19] end sampling witness
[2025-04-05 04:20:21] Time for parallel_dot_matrix_matrix (commitment): 122.13s
[2025-04-05 04:20:34] Time for prover::norm_1: 13.29s
[2025-04-05 04:20:34] Time for verifier::verify_norm_1: 8.82µs
[2025-04-05 04:21:44] Time for prover::norm_2: 69.51s
[2025-04-05 04:21:44] Time for verifier::verify_norm_2: 4.66ms
[2025-04-05 04:21:44] Time for verifier::verify_norm_3: 118.81µs
[2025-04-05 04:21:54]  Splitting 2097152
[2025-04-05 04:21:56]  into 1048576 0 1048576
[2025-04-05 04:23:57] Time for split: 133.33s
[2025-04-05 04:23:57]   Time to extract left and right columns from RHS: 170.21µs
[2025-04-05 04:23:57]   Time to compute the multiplier: 52.51µs
[2025-04-05 04:23:57]   Time for row-wise tensor product: 3.62ms
[2025-04-05 04:23:57]   Time verification: 267.11µs
[2025-04-05 04:23:57] Time for split verifier: 4.17ms
[2025-04-05 04:23:57] Time for challenge fold: 33.00µs
[2025-04-05 04:24:51] Time for fold: 53.65s
[2025-04-05 04:24:51] Time for fold verifier: 2.71ms
[2025-04-05 04:25:19]   Time to decompose witness: 28.30s
[2025-04-05 04:25:19]   Time to extract relevant columns from power series: 39.00ns
[2025-04-05 04:28:05]   Time to compute RHS matrix: 166.07s
[2025-04-05 04:28:06] Time for decomp: 195.29s
[2025-04-05 04:28:06] Time for verify_decomp: 21.96ms
[2025-04-05 04:28:27] Time for prover::norm_1: 20.81s
[2025-04-05 04:28:27] Time for verifier::verify_norm_1: 14.79µs
[2025-04-05 04:29:46] Time for prover::norm_2: 78.75s
[2025-04-05 04:29:46] Time for verifier::verify_norm_2: 6.44ms
[2025-04-05 04:29:46] Time for verifier::verify_norm_3: 58.69ms
[2025-04-05 04:29:59]  Splitting 1048576
[2025-04-05 04:30:01]  into 524288 0 524288
[2025-04-05 04:32:59] Time for split: 193.28s
[2025-04-05 04:32:59]   Time to extract left and right columns from RHS: 529.77µs
[2025-04-05 04:32:59]   Time to compute the multiplier: 77.98µs
[2025-04-05 04:32:59]   Time for row-wise tensor product: 4.00ms
[2025-04-05 04:32:59]   Time verification: 445.56µs
[2025-04-05 04:32:59] Time for split verifier: 5.12ms
[2025-04-05 04:32:59] Time for challenge fold: 134.11µs
[2025-04-05 04:34:18] Time for fold: 79.48s
[2025-04-05 04:34:18] Time for fold verifier: 6.73ms
[2025-04-05 04:34:31]   Time to decompose witness: 12.37s
[2025-04-05 04:34:31]   Time to extract relevant columns from power series: 39.00ns
[2025-04-05 04:36:01]   Time to compute RHS matrix: 89.78s
[2025-04-05 04:36:01] Time for decomp: 102.21s
[2025-04-05 04:36:01] Time for verify_decomp: 32.62ms
[2025-04-05 04:36:09] Time for prover::norm_1: 8.36s
[2025-04-05 04:36:09] Time for verifier::verify_norm_1: 10.95µs
[2025-04-05 04:37:03] Time for prover::norm_2: 54.38s
[2025-04-05 04:37:03] Time for verifier::verify_norm_2: 5.57ms
[2025-04-05 04:37:04] Time for verifier::verify_norm_3: 29.57ms
[2025-04-05 04:37:09]  Splitting 524288
[2025-04-05 04:37:10]  into 262144 0 262144
[2025-04-05 04:38:38] Time for split: 94.31s
[2025-04-05 04:38:38]   Time to extract left and right columns from RHS: 401.93µs
[2025-04-05 04:38:38]   Time to compute the multiplier: 81.53µs
[2025-04-05 04:38:38]   Time for row-wise tensor product: 1.40ms
[2025-04-05 04:38:38]   Time verification: 546.49µs
[2025-04-05 04:38:38] Time for split verifier: 2.50ms
[2025-04-05 04:38:38] Time for challenge fold: 131.06µs
[2025-04-05 04:39:18] Time for fold: 39.90s
[2025-04-05 04:39:18] Time for fold verifier: 6.51ms
[2025-04-05 04:39:22]   Time to decompose witness: 4.09s
[2025-04-05 04:39:22]   Time to extract relevant columns from power series: 39.00ns
[2025-04-05 04:40:05]   Time to compute RHS matrix: 43.26s
[2025-04-05 04:40:05] Time for decomp: 47.38s
[2025-04-05 04:40:05] Time for verify_decomp: 16.51ms
[2025-04-05 04:40:10] Time for prover::norm_1: 4.64s
[2025-04-05 04:40:10] Time for verifier::verify_norm_1: 9.84µs
[2025-04-05 04:40:45] Time for prover::norm_2: 34.72s
[2025-04-05 04:40:45] Time for verifier::verify_norm_2: 5.50ms
[2025-04-05 04:40:45] Time for verifier::verify_norm_3: 13.41ms
[2025-04-05 04:40:48]  Splitting 262144
[2025-04-05 04:40:48]  into 131072 0 131072
[2025-04-05 04:41:35] Time for split: 50.31s
[2025-04-05 04:41:35]   Time to extract left and right columns from RHS: 288.43µs
[2025-04-05 04:41:35]   Time to compute the multiplier: 86.80µs
[2025-04-05 04:41:35]   Time for row-wise tensor product: 2.11ms
[2025-04-05 04:41:35]   Time verification: 388.02µs
[2025-04-05 04:41:35] Time for split verifier: 2.96ms
[2025-04-05 04:41:35] Time for challenge fold: 130.68µs
[2025-04-05 04:41:55] Time for fold: 20.05s
[2025-04-05 04:41:55] Time for fold verifier: 6.93ms
[2025-04-05 04:41:57]   Time to decompose witness: 1.80s
[2025-04-05 04:41:57]   Time to extract relevant columns from power series: 40.00ns
[2025-04-05 04:42:19]   Time to compute RHS matrix: 22.56s
[2025-04-05 04:42:19] Time for decomp: 24.37s
[2025-04-05 04:42:19] Time for verify_decomp: 435.10µs
[2025-04-05 04:42:21] Time for prover::norm_1: 1.67s
[2025-04-05 04:42:21] Time for verifier::verify_norm_1: 15.68µs
[2025-04-05 04:42:49] Time for prover::norm_2: 28.38s
[2025-04-05 04:42:49] Time for verifier::verify_norm_2: 5.18ms
[2025-04-05 04:42:49] Time for verifier::verify_norm_3: 560.94µs
[2025-04-05 04:42:50]  Splitting 131072
[2025-04-05 04:42:51]  into 65536 0 65536
[2025-04-05 04:43:14] Time for split: 24.11s
[2025-04-05 04:43:14]   Time to extract left and right columns from RHS: 229.11µs
[2025-04-05 04:43:14]   Time to compute the multiplier: 48.27µs
[2025-04-05 04:43:14]   Time for row-wise tensor product: 1.63ms
[2025-04-05 04:43:14]   Time verification: 436.28µs
[2025-04-05 04:43:14] Time for split verifier: 2.41ms
[2025-04-05 04:43:14] Time for challenge fold: 137.72µs
[2025-04-05 04:43:24] Time for fold: 9.96s
[2025-04-05 04:43:24] Time for fold verifier: 6.89ms
[2025-04-05 04:43:24]   Time to decompose witness: 618.66ms
[2025-04-05 04:43:24]   Time to extract relevant columns from power series: 39.00ns
[2025-04-05 04:43:36]   Time to compute RHS matrix: 11.47s
[2025-04-05 04:43:36] Time for decomp: 12.09s
[2025-04-05 04:43:36] Time for verify_decomp: 498.83µs
[2025-04-05 04:43:36] Time for prover::norm_1: 653.71ms
[2025-04-05 04:43:36] Time for verifier::verify_norm_1: 18.82µs
[2025-04-05 04:44:02] Time for prover::norm_2: 25.94s
[2025-04-05 04:44:02] Time for verifier::verify_norm_2: 4.39ms
[2025-04-05 04:44:02] Time for verifier::verify_norm_3: 757.59µs
[2025-04-05 04:44:03]  Splitting 65536
[2025-04-05 04:44:03]  into 32768 0 32768
[2025-04-05 04:44:14] Time for split: 12.06s
[2025-04-05 04:44:14]   Time to extract left and right columns from RHS: 178.80µs
[2025-04-05 04:44:14]   Time to compute the multiplier: 33.19µs
[2025-04-05 04:44:14]   Time for row-wise tensor product: 1.11ms
[2025-04-05 04:44:14]   Time verification: 318.18µs
[2025-04-05 04:44:14] Time for split verifier: 1.70ms
[2025-04-05 04:44:14] Time for challenge fold: 109.59µs
[2025-04-05 04:44:19] Time for fold: 4.93s
[2025-04-05 04:44:19] Time for fold verifier: 6.60ms
[2025-04-05 04:44:20]   Time to decompose witness: 288.20ms
[2025-04-05 04:44:20]   Time to extract relevant columns from power series: 39.00ns
[2025-04-05 04:44:24]   Time to compute RHS matrix: 3.92s
[2025-04-05 04:44:24] Time for decomp: 4.22s
[2025-04-05 04:44:24] Time for verify_decomp: 252.07µs
[2025-04-05 04:44:24] Time for prover::norm_1: 125.13ms
[2025-04-05 04:44:24] Time for verifier::verify_norm_1: 18.41µs
[2025-04-05 04:44:43] Time for prover::norm_2: 19.74s
[2025-04-05 04:44:43] Time for verifier::verify_norm_2: 4.25ms
[2025-04-05 04:44:43] Time for verifier::verify_norm_3: 397.82µs
[2025-04-05 04:44:43]  Splitting 32768
[2025-04-05 04:44:44]  into 16384 0 16384
[2025-04-05 04:44:47] Time for split: 4.00s
[2025-04-05 04:44:47]   Time to extract left and right columns from RHS: 130.87µs
[2025-04-05 04:44:47]   Time to compute the multiplier: 10.98µs
[2025-04-05 04:44:47]   Time for row-wise tensor product: 1.11ms
[2025-04-05 04:44:47]   Time verification: 307.10µs
[2025-04-05 04:44:47] Time for split verifier: 1.63ms
[2025-04-05 04:44:47] Time for challenge fold: 64.62µs
[2025-04-05 04:44:49] Time for fold: 1.65s
[2025-04-05 04:44:49] Time for fold verifier: 5.03ms
[2025-04-05 04:44:49]   Time to decompose witness: 117.26ms
[2025-04-05 04:44:49]   Time to extract relevant columns from power series: 40.00ns
[2025-04-05 04:44:51]   Time to compute RHS matrix: 1.97s
[2025-04-05 04:44:51] Time for decomp: 2.09s
[2025-04-05 04:44:51] Time for verify_decomp: 301.73µs
[2025-04-05 04:44:51] Time for prover::norm_1: 82.40ms
[2025-04-05 04:44:51] Time for verifier::verify_norm_1: 14.27µs
[2025-04-05 04:45:06] Time for prover::norm_2: 14.59s
[2025-04-05 04:45:06] Time for verifier::verify_norm_2: 3.37ms
[2025-04-05 04:45:06] Time for verifier::verify_norm_3: 437.90µs
[2025-04-05 04:45:06]  Splitting 16384
[2025-04-05 04:45:06]  into 8192 0 8192
[2025-04-05 04:45:08] Time for split: 2.01s
[2025-04-05 04:45:08]   Time to extract left and right columns from RHS: 123.13µs
[2025-04-05 04:45:08]   Time to compute the multiplier: 31.06µs
[2025-04-05 04:45:08]   Time for row-wise tensor product: 1.04ms
[2025-04-05 04:45:08]   Time verification: 463.99µs
[2025-04-05 04:45:08] Time for split verifier: 1.75ms
[2025-04-05 04:45:08] Time for challenge fold: 65.47µs
[2025-04-05 04:45:09] Time for fold: 827.03ms
[2025-04-05 04:45:09] Time for fold verifier: 5.08ms
[2025-04-05 04:45:09]   Time to decompose witness: 47.08ms
[2025-04-05 04:45:09]   Time to extract relevant columns from power series: 46.00ns
[2025-04-05 04:45:10]   Time to compute RHS matrix: 1.04s
[2025-04-05 04:45:10] Time for decomp: 1.08s
[2025-04-05 04:45:10] Time for verify_decomp: 291.47µs
[2025-04-05 04:45:10] Time for prover::norm_1: 31.70ms
[2025-04-05 04:45:10] Time for verifier::verify_norm_1: 9.72µs
[2025-04-05 04:45:26] Time for prover::norm_2: 16.61s
[2025-04-05 04:45:26] Time for verifier::verify_norm_2: 3.00ms
[2025-04-05 04:45:26] Time for verifier::verify_norm_3: 264.19µs
[2025-04-05 04:45:27]  Splitting 8192
[2025-04-05 04:45:27]  into 4096 0 4096
[2025-04-05 04:45:28] Time for split: 1.02s
[2025-04-05 04:45:28]   Time to extract left and right columns from RHS: 110.24µs
[2025-04-05 04:45:28]   Time to compute the multiplier: 10.72µs
[2025-04-05 04:45:28]   Time for row-wise tensor product: 929.56µs
[2025-04-05 04:45:28]   Time verification: 335.05µs
[2025-04-05 04:45:28] Time for split verifier: 1.46ms
[2025-04-05 04:45:28] Time for challenge fold: 72.46µs
[2025-04-05 04:45:28] Time for fold: 403.96ms
[2025-04-05 04:45:28] Time for fold verifier: 4.97ms
[2025-04-05 04:45:28]   Time to decompose witness: 23.49ms
[2025-04-05 04:45:28]   Time to extract relevant columns from power series: 48.00ns
[2025-04-05 04:45:28]   Time to compute RHS matrix: 497.52ms
[2025-04-05 04:45:28] Time for decomp: 521.39ms
[2025-04-05 04:45:28] Time for verify_decomp: 285.60µs
[2025-04-05 04:45:29] Time for prover::norm_1: 16.76ms
[2025-04-05 04:45:29] Time for verifier::verify_norm_1: 13.41µs
[2025-04-05 04:45:40] Time for prover::norm_2: 11.31s
[2025-04-05 04:45:40] Time for verifier::verify_norm_2: 3.02ms
[2025-04-05 04:45:40] Time for verifier::verify_norm_3: 221.61µs
[2025-04-05 04:45:40]  Splitting 4096
[2025-04-05 04:45:40]  into 2048 0 2048
[2025-04-05 04:45:40] Time for split: 522.82ms
[2025-04-05 04:45:40]   Time to extract left and right columns from RHS: 94.89µs
[2025-04-05 04:45:40]   Time to compute the multiplier: 10.57µs
[2025-04-05 04:45:40]   Time for row-wise tensor product: 933.43µs
[2025-04-05 04:45:40]   Time verification: 282.74µs
[2025-04-05 04:45:40] Time for split verifier: 1.40ms
[2025-04-05 04:45:40] Time for challenge fold: 64.29µs
[2025-04-05 04:45:41] Time for fold: 200.03ms
[2025-04-05 04:45:41] Time for fold verifier: 5.20ms
[2025-04-05 04:45:41]   Time to decompose witness: 10.88ms
[2025-04-05 04:45:41]   Time to extract relevant columns from power series: 46.00ns
[2025-04-05 04:45:41]   Time to compute RHS matrix: 259.92ms
[2025-04-05 04:45:41] Time for decomp: 271.02ms
[2025-04-05 04:45:41] Time for verify_decomp: 276.31µs
[2025-04-05 04:45:41] Time for prover::norm_1: 7.54ms
[2025-04-05 04:45:41] Time for verifier::verify_norm_1: 6.80µs
[2025-04-05 04:45:53] Time for prover::norm_2: 12.58s
[2025-04-05 04:45:53] Time for verifier::verify_norm_2: 2.58ms
[2025-04-05 04:45:53] Time for verifier::verify_norm_3: 318.98µs
[2025-04-05 04:45:54]  Splitting 2048
[2025-04-05 04:45:54]  into 1024 0 1024
[2025-04-05 04:45:54] Time for split: 271.77ms
[2025-04-05 04:45:54]   Time to extract left and right columns from RHS: 89.00µs
[2025-04-05 04:45:54]   Time to compute the multiplier: 9.75µs
[2025-04-05 04:45:54]   Time for row-wise tensor product: 900.39µs
[2025-04-05 04:45:54]   Time verification: 315.04µs
[2025-04-05 04:45:54] Time for split verifier: 1.39ms
[2025-04-05 04:45:54] Time for challenge fold: 67.21µs
[2025-04-05 04:45:54] Time for fold: 101.14ms
[2025-04-05 04:45:54] Time for fold verifier: 4.93ms
[2025-04-05 04:45:54] Time for final assert_eq: 65.50ms
[2025-04-05 04:45:54] PRV: 1654.24s
[2025-04-05 04:45:54] VER: 354.40ms
