[2025-04-05 14:27:42] default
[2025-04-05 14:27:42] no hardware acc
[2025-04-05 14:27:42] PARAMS: NEW: true, MODULE: 2, WIT_DIM: 32768, REP: 9, Q: 4546383823830515713, PHI: 1020, DECOMP_PARTS: [1, 7, 6, 5, 4, 4, 3, 3, 3]
[2025-04-05 14:27:43] OK sage
[2025-04-05 14:27:43] Start CRS
[2025-04-05 14:29:13] end CRS
[2025-04-05 14:29:33] end sampling witness
[2025-04-05 14:32:49] Time for parallel_dot_matrix_matrix (commitment): 196.08s
[2025-04-05 14:34:25] Time for prover::norm_1: 96.64s
[2025-04-05 14:34:25] Time for verifier::verify_norm_1: 207.60µs
[2025-04-05 14:53:46] Time for prover::norm_2: 1159.58s
[2025-04-05 14:53:46] Time for verifier::verify_norm_2: 1.53s
[2025-04-05 14:53:46] Time for verifier::verify_norm_3: 609.91µs
[2025-04-05 14:53:48]  Splitting 32768
[2025-04-05 14:53:50]  into 16384 0 16384
[2025-04-05 14:58:36] Time for split: 289.83s
[2025-04-05 14:58:36]   Time to extract left and right columns from RHS: 799.16µs
[2025-04-05 14:58:36]   Time to compute the multiplier: 40.02µs
[2025-04-05 14:58:36]   Time for row-wise tensor product: 166.13ms
[2025-04-05 14:58:36]   Time verification: 750.16µs
[2025-04-05 14:58:36] Time for split verifier: 167.75ms
[2025-04-05 14:58:36] Time for challenge fold: 925.07µs
[2025-04-05 15:11:51] Time for fold: 795.01s
[2025-04-05 15:11:52] Time for fold verifier: 185.11ms
[2025-04-05 15:12:02]   Time to decompose witness: 10.42s
[2025-04-05 15:12:02]   Time to extract relevant columns from power series: 40.00ns
[2025-04-05 15:16:45]   Time to compute RHS matrix: 283.10s
[2025-04-05 15:16:45] Time for decomp: 293.56s
[2025-04-05 15:16:45] Time for verify_decomp: 6.13ms
[2025-04-05 15:18:23] Time for prover::norm_1: 97.79s
[2025-04-05 15:18:23] Time for verifier::verify_norm_1: 242.07µs
[2025-04-05 15:37:39] Time for prover::norm_2: 1154.89s
[2025-04-05 15:37:39] Time for verifier::verify_norm_2: 1.59s
[2025-04-05 15:37:39] Time for verifier::verify_norm_3: 3.52ms
[2025-04-05 15:37:42]  Splitting 16384
[2025-04-05 15:37:43]  into 8192 0 8192
[2025-04-05 15:44:09] Time for split: 389.40s
[2025-04-05 15:44:09]   Time to extract left and right columns from RHS: 1.27ms
[2025-04-05 15:44:09]   Time to compute the multiplier: 42.37µs
[2025-04-05 15:44:09]   Time for row-wise tensor product: 348.34ms
[2025-04-05 15:44:09]   Time verification: 1.05ms
[2025-04-05 15:44:09] Time for split verifier: 350.75ms
[2025-04-05 15:44:09] Time for challenge fold: 848.35µs
[2025-04-05 15:58:05] Time for fold: 835.37s
[2025-04-05 15:58:05] Time for fold verifier: 407.28ms
[2025-04-05 15:58:09]   Time to decompose witness: 4.14s
[2025-04-05 15:58:09]   Time to extract relevant columns from power series: 40.00ns
[2025-04-05 16:00:52]   Time to compute RHS matrix: 162.52s
[2025-04-05 16:00:52] Time for decomp: 166.80s
[2025-04-05 16:00:52] Time for verify_decomp: 7.40ms
[2025-04-05 16:01:34] Time for prover::norm_1: 42.03s
[2025-04-05 16:01:34] Time for verifier::verify_norm_1: 88.03µs
[2025-04-05 16:09:53] Time for prover::norm_2: 497.79s
[2025-04-05 16:09:53] Time for verifier::verify_norm_2: 1.42s
[2025-04-05 16:09:53] Time for verifier::verify_norm_3: 3.18ms
[2025-04-05 16:09:54]  Splitting 8192
[2025-04-05 16:09:54]  into 4096 0 4096
[2025-04-05 16:13:26] Time for split: 213.37s
[2025-04-05 16:13:26]   Time to extract left and right columns from RHS: 975.19µs
[2025-04-05 16:13:26]   Time to compute the multiplier: 60.78µs
[2025-04-05 16:13:27]   Time for row-wise tensor product: 447.70ms
[2025-04-05 16:13:27]   Time verification: 845.06µs
[2025-04-05 16:13:27] Time for split verifier: 449.61ms
[2025-04-05 16:13:27] Time for challenge fold: 1.07ms
[2025-04-05 16:19:26] Time for fold: 359.05s
[2025-04-05 16:19:26] Time for fold verifier: 509.58ms
[2025-04-05 16:19:28]   Time to decompose witness: 1.59s
[2025-04-05 16:19:28]   Time to extract relevant columns from power series: 39.00ns
[2025-04-05 16:20:52]   Time to compute RHS matrix: 84.14s
[2025-04-05 16:20:52] Time for decomp: 85.73s
[2025-04-05 16:20:52] Time for verify_decomp: 1.35ms
[2025-04-05 16:21:12] Time for prover::norm_1: 20.14s
[2025-04-05 16:21:12] Time for verifier::verify_norm_1: 80.44µs
[2025-04-05 16:25:12] Time for prover::norm_2: 238.91s
[2025-04-05 16:25:12] Time for verifier::verify_norm_2: 1.25s
[2025-04-05 16:25:12] Time for verifier::verify_norm_3: 457.42µs
[2025-04-05 16:25:13]  Splitting 4096
[2025-04-05 16:25:13]  into 2048 0 2048
[2025-04-05 16:26:58] Time for split: 105.33s
[2025-04-05 16:26:58]   Time to extract left and right columns from RHS: 1.64ms
[2025-04-05 16:26:58]   Time to compute the multiplier: 51.17µs
[2025-04-05 16:26:58]   Time for row-wise tensor product: 372.57ms
[2025-04-05 16:26:58]   Time verification: 1.57ms
[2025-04-05 16:26:58] Time for split verifier: 375.87ms
[2025-04-05 16:26:58] Time for challenge fold: 857.12µs
[2025-04-05 16:29:27] Time for fold: 149.22s
[2025-04-05 16:29:28] Time for fold verifier: 572.36ms
[2025-04-05 16:29:29]   Time to decompose witness: 596.55ms
[2025-04-05 16:29:29]   Time to extract relevant columns from power series: 39.00ns
[2025-04-05 16:30:09]   Time to compute RHS matrix: 40.56s
[2025-04-05 16:30:09] Time for decomp: 41.16s
[2025-04-05 16:30:09] Time for verify_decomp: 1.31ms
[2025-04-05 16:30:16] Time for prover::norm_1: 7.01s
[2025-04-05 16:30:16] Time for verifier::verify_norm_1: 133.97µs
[2025-04-05 16:31:44] Time for prover::norm_2: 86.37s
[2025-04-05 16:31:44] Time for verifier::verify_norm_2: 1.15s
[2025-04-05 16:31:44] Time for verifier::verify_norm_3: 404.78µs
[2025-04-05 16:31:44]  Splitting 2048
[2025-04-05 16:31:44]  into 1024 0 1024
[2025-04-05 16:32:31] Time for split: 47.51s
[2025-04-05 16:32:31]   Time to extract left and right columns from RHS: 1.45ms
[2025-04-05 16:32:31]   Time to compute the multiplier: 72.21µs
[2025-04-05 16:32:32]   Time for row-wise tensor product: 341.12ms
[2025-04-05 16:32:32]   Time verification: 1.27ms
[2025-04-05 16:32:32] Time for split verifier: 343.95ms
[2025-04-05 16:32:32] Time for challenge fold: 808.89µs
[2025-04-05 16:33:31] Time for fold: 59.84s
[2025-04-05 16:33:32] Time for fold verifier: 468.89ms
[2025-04-05 16:33:32]   Time to decompose witness: 297.47ms
[2025-04-05 16:33:32]   Time to extract relevant columns from power series: 45.00ns
[2025-04-05 16:33:56]   Time to compute RHS matrix: 24.32s
[2025-04-05 16:33:56] Time for decomp: 24.62s
[2025-04-05 16:33:56] Time for verify_decomp: 1.64ms
[2025-04-05 16:34:00] Time for prover::norm_1: 3.50s
[2025-04-05 16:34:00] Time for verifier::verify_norm_1: 137.26µs
[2025-04-05 16:34:46] Time for prover::norm_2: 45.13s
[2025-04-05 16:34:46] Time for verifier::verify_norm_2: 1.03s
[2025-04-05 16:34:46] Time for verifier::verify_norm_3: 476.82µs
[2025-04-05 16:34:46]  Splitting 1024
[2025-04-05 16:34:46]  into 512 0 512
[2025-04-05 16:35:13] Time for split: 27.29s
[2025-04-05 16:35:13]   Time to extract left and right columns from RHS: 1.68ms
[2025-04-05 16:35:13]   Time to compute the multiplier: 27.64µs
[2025-04-05 16:35:14]   Time for row-wise tensor product: 201.28ms
[2025-04-05 16:35:14]   Time verification: 1.46ms
[2025-04-05 16:35:14] Time for split verifier: 204.48ms
[2025-04-05 16:35:14] Time for challenge fold: 714.39µs
[2025-04-05 16:35:43] Time for fold: 29.87s
[2025-04-05 16:35:44] Time for fold verifier: 490.70ms
[2025-04-05 16:35:44]   Time to decompose witness: 90.16ms
[2025-04-05 16:35:44]   Time to extract relevant columns from power series: 46.00ns
[2025-04-05 16:35:54]   Time to compute RHS matrix: 10.28s
[2025-04-05 16:35:54] Time for decomp: 10.37s
[2025-04-05 16:35:54] Time for verify_decomp: 1.22ms
[2025-04-05 16:35:56] Time for prover::norm_1: 1.42s
[2025-04-05 16:35:56] Time for verifier::verify_norm_1: 43.72µs
[2025-04-05 16:36:16] Time for prover::norm_2: 19.11s
[2025-04-05 16:36:16] Time for verifier::verify_norm_2: 903.15ms
[2025-04-05 16:36:16] Time for verifier::verify_norm_3: 372.95µs
[2025-04-05 16:36:16]  Splitting 512
[2025-04-05 16:36:16]  into 256 0 256
[2025-04-05 16:36:27] Time for split: 11.44s
[2025-04-05 16:36:27]   Time to extract left and right columns from RHS: 389.80µs
[2025-04-05 16:36:27]   Time to compute the multiplier: 33.22µs
[2025-04-05 16:36:27]   Time for row-wise tensor product: 151.65ms
[2025-04-05 16:36:27]   Time verification: 498.53µs
[2025-04-05 16:36:27] Time for split verifier: 152.60ms
[2025-04-05 16:36:27] Time for challenge fold: 261.07µs
[2025-04-05 16:36:39] Time for fold: 11.29s
[2025-04-05 16:36:39] Time for fold verifier: 504.55ms
[2025-04-05 16:36:39]   Time to decompose witness: 26.99ms
[2025-04-05 16:36:39]   Time to extract relevant columns from power series: 47.00ns
[2025-04-05 16:36:45]   Time to compute RHS matrix: 5.96s
[2025-04-05 16:36:45] Time for decomp: 5.99s
[2025-04-05 16:36:45] Time for verify_decomp: 1.41ms
[2025-04-05 16:36:46] Time for prover::norm_1: 761.28ms
[2025-04-05 16:36:46] Time for verifier::verify_norm_1: 34.89µs
[2025-04-05 16:36:57] Time for prover::norm_2: 9.91s
[2025-04-05 16:36:57] Time for verifier::verify_norm_2: 806.11ms
[2025-04-05 16:36:57] Time for verifier::verify_norm_3: 427.94µs
[2025-04-05 16:36:57]  Splitting 256
[2025-04-05 16:36:57]  into 128 0 128
[2025-04-05 16:37:03] Time for split: 6.47s
[2025-04-05 16:37:03]   Time to extract left and right columns from RHS: 417.43µs
[2025-04-05 16:37:03]   Time to compute the multiplier: 25.52µs
[2025-04-05 16:37:03]   Time for row-wise tensor product: 226.61ms
[2025-04-05 16:37:03]   Time verification: 499.80µs
[2025-04-05 16:37:03] Time for split verifier: 227.58ms
[2025-04-05 16:37:03] Time for challenge fold: 282.77µs
[2025-04-05 16:37:09] Time for fold: 5.63s
[2025-04-05 16:37:09] Time for fold verifier: 504.84ms
[2025-04-05 16:37:09]   Time to decompose witness: 14.64ms
[2025-04-05 16:37:09]   Time to extract relevant columns from power series: 46.00ns
[2025-04-05 16:37:13]   Time to compute RHS matrix: 3.38s
[2025-04-05 16:37:13] Time for decomp: 3.39s
[2025-04-05 16:37:13] Time for verify_decomp: 1.58ms
[2025-04-05 16:37:13] Time for prover::norm_1: 354.48ms
[2025-04-05 16:37:13] Time for verifier::verify_norm_1: 41.48µs
[2025-04-05 16:37:19] Time for prover::norm_2: 5.34s
[2025-04-05 16:37:19] Time for verifier::verify_norm_2: 705.76ms
[2025-04-05 16:37:19] Time for verifier::verify_norm_3: 458.79µs
[2025-04-05 16:37:19]  Splitting 128
[2025-04-05 16:37:19]  into 64 0 64
[2025-04-05 16:37:23] Time for split: 3.45s
[2025-04-05 16:37:23]   Time to extract left and right columns from RHS: 432.99µs
[2025-04-05 16:37:23]   Time to compute the multiplier: 28.47µs
[2025-04-05 16:37:23]   Time for row-wise tensor product: 226.53ms
[2025-04-05 16:37:23]   Time verification: 561.30µs
[2025-04-05 16:37:23] Time for split verifier: 227.58ms
[2025-04-05 16:37:23] Time for challenge fold: 287.85µs
[2025-04-05 16:37:26] Time for fold: 2.91s
[2025-04-05 16:37:26] Time for fold verifier: 559.00ms
[2025-04-05 16:37:27] Time for final assert_eq: 774.84ms
[2025-04-05 16:37:27] PRV: 7656.65s
[2025-04-05 16:37:27] VER: 15.40s
