[2025-04-05 14:19:32] default
[2025-04-05 14:19:32] hardware acc full
[2025-04-05 14:19:32] PARAMS: NEW: false, MODULE: 4, WIT_DIM: 65536, REP: 9, Q: 4546383823830515713, PHI: 508, DECOMP_PARTS: [1, 6, 5, 4, 4, 3, 3, 3, 3]
[2025-04-05 14:19:33] OK sage
[2025-04-05 14:19:33] Start CRS
[2025-04-05 14:19:34] end CRS
[2025-04-05 14:19:54] end sampling witness
[2025-04-05 14:20:04] Time for parallel_dot_matrix_matrix (commitment): 9.62s
[2025-04-05 14:20:05]   Time to transpose witness: 1.87s
[2025-04-05 14:20:37]   Time to convolve rows: 31.66s
[2025-04-05 14:20:37]   Time to get power_series_sub: 38.00ns
[2025-04-05 14:20:37]   Time to compute new RHS: 46.00ns
[2025-04-05 14:21:13] Time for norm_1: 69.16s
[2025-04-05 14:21:14] Time for norm_challenge: 987.47ms
[2025-04-05 14:21:16] 65536
[2025-04-05 14:21:37] Time for norm_2: 23.54s
[2025-04-05 14:21:37] 4 90 3 90
[2025-04-05 14:21:37] Time for verify_norm_2: 1.80ms
[2025-04-05 14:21:41]  Splitting 65536
[2025-04-05 14:21:45]  into 32768 0 32768
[2025-04-05 14:22:27] Time for split: 49.69s
[2025-04-05 14:22:27]   Time to extract left and right columns from RHS: 713.06µs
[2025-04-05 14:22:27]   Time to compute the multiplier: 12.03µs
[2025-04-05 14:22:27]   Time for row-wise tensor product: 3.73ms
[2025-04-05 14:22:27]   Time verification: 614.40µs
[2025-04-05 14:22:27] Time for split verifier: 5.11ms
[2025-04-05 14:22:27] Time for challenge fold: 658.42µs
[2025-04-05 14:22:48] Time for fold: 21.03s
[2025-04-05 14:22:48] Time for fold verifier: 10.81ms
[2025-04-05 14:22:55]   Time to decompose witness: 6.70s
[2025-04-05 14:22:55]   Time to extract relevant columns from power series: 31.00ns
[2025-04-05 14:23:02]   Time to compute RHS matrix: 6.88s
[2025-04-05 14:23:02] Time for decomp: 13.59s
[2025-04-05 14:23:02] Time for verify_decomp: 2.15ms
[2025-04-05 14:23:02]   Time to transpose witness: 563.48ms
[2025-04-05 14:23:15]   Time to convolve rows: 13.00s
[2025-04-05 14:23:15]   Time to get power_series_sub: 53.00ns
[2025-04-05 14:23:15]   Time to compute new RHS: 37.00ns
[2025-04-05 14:23:49] Time for norm_1: 47.03s
[2025-04-05 14:23:50] Time for norm_challenge: 1.01s
[2025-04-05 14:23:51] 32768
[2025-04-05 14:24:11] Time for norm_2: 21.61s
[2025-04-05 14:24:11] 7 162 3 162
[2025-04-05 14:24:11] Time for verify_norm_2: 3.49ms
[2025-04-05 14:24:14]  Splitting 32768
[2025-04-05 14:24:16]  into 16384 0 16384
[2025-04-05 14:24:58] Time for split: 46.90s
[2025-04-05 14:24:58]   Time to extract left and right columns from RHS: 4.81ms
[2025-04-05 14:24:58]   Time to compute the multiplier: 67.11µs
[2025-04-05 14:24:58]   Time for row-wise tensor product: 8.39ms
[2025-04-05 14:24:58]   Time verification: 4.26ms
[2025-04-05 14:24:58] Time for split verifier: 17.57ms
[2025-04-05 14:24:58] Time for challenge fold: 2.07ms
[2025-04-05 14:25:17] Time for fold: 18.40s
[2025-04-05 14:25:17] Time for fold verifier: 28.08ms
[2025-04-05 14:25:19]   Time to decompose witness: 2.80s
[2025-04-05 14:25:19]   Time to extract relevant columns from power series: 31.00ns
[2025-04-05 14:25:23]   Time to compute RHS matrix: 3.63s
[2025-04-05 14:25:23] Time for decomp: 6.43s
[2025-04-05 14:25:23] Time for verify_decomp: 2.70ms
[2025-04-05 14:25:24]   Time to transpose witness: 755.92ms
[2025-04-05 14:25:27]   Time to convolve rows: 3.24s
[2025-04-05 14:25:27]   Time to get power_series_sub: 65.00ns
[2025-04-05 14:25:27]   Time to compute new RHS: 54.00ns
[2025-04-05 14:25:44] Time for norm_1: 21.30s
[2025-04-05 14:25:45] Time for norm_challenge: 993.45ms
[2025-04-05 14:25:46] 16384
[2025-04-05 14:25:55] Time for norm_2: 10.01s
[2025-04-05 14:25:55] 10 135 3 135
[2025-04-05 14:25:55] Time for verify_norm_2: 3.17ms
[2025-04-05 14:25:57]  Splitting 16384
[2025-04-05 14:25:58]  into 8192 0 8192
[2025-04-05 14:26:17] Time for split: 21.48s
[2025-04-05 14:26:17]   Time to extract left and right columns from RHS: 1.70ms
[2025-04-05 14:26:17]   Time to compute the multiplier: 65.18µs
[2025-04-05 14:26:17]   Time for row-wise tensor product: 6.24ms
[2025-04-05 14:26:17]   Time verification: 2.56ms
[2025-04-05 14:26:17] Time for split verifier: 10.62ms
[2025-04-05 14:26:17] Time for challenge fold: 1.57ms
[2025-04-05 14:26:24] Time for fold: 7.57s
[2025-04-05 14:26:24] Time for fold verifier: 18.45ms
[2025-04-05 14:26:25]   Time to decompose witness: 703.85ms
[2025-04-05 14:26:25]   Time to extract relevant columns from power series: 29.00ns
[2025-04-05 14:26:27]   Time to compute RHS matrix: 2.08s
[2025-04-05 14:26:27] Time for decomp: 2.79s
[2025-04-05 14:26:27] Time for verify_decomp: 2.57ms
[2025-04-05 14:26:27]   Time to transpose witness: 131.79ms
[2025-04-05 14:26:28]   Time to convolve rows: 1.02s
[2025-04-05 14:26:28]   Time to get power_series_sub: 56.00ns
[2025-04-05 14:26:28]   Time to compute new RHS: 40.00ns
[2025-04-05 14:26:36] Time for norm_1: 9.03s
[2025-04-05 14:26:37] Time for norm_challenge: 885.76ms
[2025-04-05 14:26:37] 8192
[2025-04-05 14:26:43] Time for norm_2: 5.54s
[2025-04-05 14:26:43] 13 108 3 108
[2025-04-05 14:26:43] Time for verify_norm_2: 3.10ms
[2025-04-05 14:26:43]  Splitting 8192
[2025-04-05 14:26:44]  into 4096 0 4096
[2025-04-05 14:26:53] Time for split: 10.12s
[2025-04-05 14:26:53]   Time to extract left and right columns from RHS: 1.67ms
[2025-04-05 14:26:53]   Time to compute the multiplier: 39.38µs
[2025-04-05 14:26:53]   Time for row-wise tensor product: 6.34ms
[2025-04-05 14:26:53]   Time verification: 1.91ms
[2025-04-05 14:26:53] Time for split verifier: 10.02ms
[2025-04-05 14:26:53] Time for challenge fold: 1.03ms
[2025-04-05 14:26:56] Time for fold: 3.04s
[2025-04-05 14:26:56] Time for fold verifier: 21.47ms
[2025-04-05 14:26:56]   Time to decompose witness: 424.49ms
[2025-04-05 14:26:56]   Time to extract relevant columns from power series: 30.00ns
[2025-04-05 14:26:57]   Time to compute RHS matrix: 1.03s
[2025-04-05 14:26:57] Time for decomp: 1.46s
[2025-04-05 14:26:57] Time for verify_decomp: 3.08ms
[2025-04-05 14:26:57]   Time to transpose witness: 67.19ms
[2025-04-05 14:26:58]   Time to convolve rows: 472.02ms
[2025-04-05 14:26:58]   Time to get power_series_sub: 36.00ns
[2025-04-05 14:26:58]   Time to compute new RHS: 37.00ns
[2025-04-05 14:27:01] Time for norm_1: 3.87s
[2025-04-05 14:27:02] Time for norm_challenge: 955.07ms
[2025-04-05 14:27:02] 4096
[2025-04-05 14:27:06] Time for norm_2: 4.03s
[2025-04-05 14:27:06] 16 108 3 108
[2025-04-05 14:27:06] Time for verify_norm_2: 3.29ms
[2025-04-05 14:27:06]  Splitting 4096
[2025-04-05 14:27:07]  into 2048 0 2048
[2025-04-05 14:27:11] Time for split: 4.50s
[2025-04-05 14:27:11]   Time to extract left and right columns from RHS: 1.87ms
[2025-04-05 14:27:11]   Time to compute the multiplier: 49.17µs
[2025-04-05 14:27:11]   Time for row-wise tensor product: 6.35ms
[2025-04-05 14:27:11]   Time verification: 1.89ms
[2025-04-05 14:27:11] Time for split verifier: 10.21ms
[2025-04-05 14:27:11] Time for challenge fold: 934.77µs
[2025-04-05 14:27:12] Time for fold: 1.51s
[2025-04-05 14:27:12] Time for fold verifier: 22.68ms
[2025-04-05 14:27:12]   Time to decompose witness: 97.93ms
[2025-04-05 14:27:12]   Time to extract relevant columns from power series: 37.00ns
[2025-04-05 14:27:13]   Time to compute RHS matrix: 434.05ms
[2025-04-05 14:27:13] Time for decomp: 532.48ms
[2025-04-05 14:27:13] Time for verify_decomp: 3.00ms
[2025-04-05 14:27:13]   Time to transpose witness: 26.24ms
[2025-04-05 14:27:13]   Time to convolve rows: 168.74ms
[2025-04-05 14:27:13]   Time to get power_series_sub: 36.00ns
[2025-04-05 14:27:13]   Time to compute new RHS: 37.00ns
[2025-04-05 14:27:14] Time for norm_1: 1.36s
[2025-04-05 14:27:15] Time for norm_challenge: 874.25ms
[2025-04-05 14:27:15] 2048
[2025-04-05 14:27:18] Time for norm_2: 3.49s
[2025-04-05 14:27:18] 19 81 3 81
[2025-04-05 14:27:18] Time for verify_norm_2: 4.89ms
[2025-04-05 14:27:19]  Splitting 2048
[2025-04-05 14:27:19]  into 1024 0 1024
[2025-04-05 14:27:20] Time for split: 1.79s
[2025-04-05 14:27:20]   Time to extract left and right columns from RHS: 2.04ms
[2025-04-05 14:27:20]   Time to compute the multiplier: 35.85µs
[2025-04-05 14:27:20]   Time for row-wise tensor product: 4.98ms
[2025-04-05 14:27:20]   Time verification: 2.24ms
[2025-04-05 14:27:20] Time for split verifier: 9.36ms
[2025-04-05 14:27:20] Time for challenge fold: 641.19µs
[2025-04-05 14:27:21] Time for fold: 535.99ms
[2025-04-05 14:27:21] Time for fold verifier: 15.18ms
[2025-04-05 14:27:21]   Time to decompose witness: 53.85ms
[2025-04-05 14:27:21]   Time to extract relevant columns from power series: 40.00ns
[2025-04-05 14:27:21]   Time to compute RHS matrix: 248.09ms
[2025-04-05 14:27:21] Time for decomp: 302.25ms
[2025-04-05 14:27:21] Time for verify_decomp: 3.47ms
[2025-04-05 14:27:21]   Time to transpose witness: 13.47ms
[2025-04-05 14:27:21]   Time to convolve rows: 81.34ms
[2025-04-05 14:27:21]   Time to get power_series_sub: 48.00ns
[2025-04-05 14:27:21]   Time to compute new RHS: 41.00ns
[2025-04-05 14:27:22] Time for norm_1: 731.28ms
[2025-04-05 14:27:23] Time for norm_challenge: 871.16ms
[2025-04-05 14:27:23] 1024
[2025-04-05 14:27:25] Time for norm_2: 1.88s
[2025-04-05 14:27:25] 22 81 3 81
[2025-04-05 14:27:25] Time for verify_norm_2: 2.68ms
[2025-04-05 14:27:25]  Splitting 1024
[2025-04-05 14:27:25]  into 512 0 512
[2025-04-05 14:27:26] Time for split: 939.42ms
[2025-04-05 14:27:26]   Time to extract left and right columns from RHS: 1.78ms
[2025-04-05 14:27:26]   Time to compute the multiplier: 37.51µs
[2025-04-05 14:27:26]   Time for row-wise tensor product: 5.14ms
[2025-04-05 14:27:26]   Time verification: 1.70ms
[2025-04-05 14:27:26] Time for split verifier: 8.73ms
[2025-04-05 14:27:26] Time for challenge fold: 645.33µs
[2025-04-05 14:27:26] Time for fold: 267.54ms
[2025-04-05 14:27:26] Time for fold verifier: 16.00ms
[2025-04-05 14:27:26]   Time to decompose witness: 22.92ms
[2025-04-05 14:27:26]   Time to extract relevant columns from power series: 36.00ns
[2025-04-05 14:27:26]   Time to compute RHS matrix: 136.45ms
[2025-04-05 14:27:26] Time for decomp: 159.55ms
[2025-04-05 14:27:26] Time for verify_decomp: 4.10ms
[2025-04-05 14:27:26]   Time to transpose witness: 6.84ms
[2025-04-05 14:27:26]   Time to convolve rows: 39.63ms
[2025-04-05 14:27:26]   Time to get power_series_sub: 37.00ns
[2025-04-05 14:27:26]   Time to compute new RHS: 49.00ns
[2025-04-05 14:27:26] Time for norm_1: 393.41ms
[2025-04-05 14:27:27] Time for norm_challenge: 866.32ms
[2025-04-05 14:27:27] 512
[2025-04-05 14:27:29] Time for norm_2: 1.99s
[2025-04-05 14:27:29] 25 81 3 81
[2025-04-05 14:27:29] Time for verify_norm_2: 3.64ms
[2025-04-05 14:27:29]  Splitting 512
[2025-04-05 14:27:29]  into 256 0 256
[2025-04-05 14:27:30] Time for split: 543.29ms
[2025-04-05 14:27:30]   Time to extract left and right columns from RHS: 3.02ms
[2025-04-05 14:27:30]   Time to compute the multiplier: 48.45µs
[2025-04-05 14:27:30]   Time for row-wise tensor product: 5.22ms
[2025-04-05 14:27:30]   Time verification: 2.41ms
[2025-04-05 14:27:30] Time for split verifier: 10.77ms
[2025-04-05 14:27:30] Time for challenge fold: 606.54µs
[2025-04-05 14:27:30] Time for fold: 134.51ms
[2025-04-05 14:27:30] Time for fold verifier: 18.23ms
[2025-04-05 14:27:30]   Time to decompose witness: 11.68ms
[2025-04-05 14:27:30]   Time to extract relevant columns from power series: 37.00ns
[2025-04-05 14:27:30]   Time to compute RHS matrix: 73.84ms
[2025-04-05 14:27:30] Time for decomp: 85.67ms
[2025-04-05 14:27:30] Time for verify_decomp: 4.69ms
[2025-04-05 14:27:30]   Time to transpose witness: 2.55ms
[2025-04-05 14:27:30]   Time to convolve rows: 24.40ms
[2025-04-05 14:27:30]   Time to get power_series_sub: 49.00ns
[2025-04-05 14:27:30]   Time to compute new RHS: 43.00ns
[2025-04-05 14:27:30] Time for norm_1: 214.27ms
[2025-04-05 14:27:31] Time for norm_challenge: 871.36ms
[2025-04-05 14:27:31] 256
[2025-04-05 14:27:33] Time for norm_2: 1.82s
[2025-04-05 14:27:33] 28 81 3 81
[2025-04-05 14:27:33] Time for verify_norm_2: 2.98ms
[2025-04-05 14:27:33]  Splitting 256
[2025-04-05 14:27:33]  into 128 0 128
[2025-04-05 14:27:33] Time for split: 284.27ms
[2025-04-05 14:27:33]   Time to extract left and right columns from RHS: 2.44ms
[2025-04-05 14:27:33]   Time to compute the multiplier: 49.53µs
[2025-04-05 14:27:33]   Time for row-wise tensor product: 5.49ms
[2025-04-05 14:27:33]   Time verification: 2.37ms
[2025-04-05 14:27:33] Time for split verifier: 10.43ms
[2025-04-05 14:27:33] Time for challenge fold: 624.50µs
[2025-04-05 14:27:33] Time for fold: 69.01ms
[2025-04-05 14:27:33] Time for fold verifier: 19.19ms
[2025-04-05 14:27:33] Time for final assert_eq: 16.72ms
[2025-04-05 14:27:33] PRV: 450.76s
[2025-04-05 14:27:33] VER: 8.56s
