[2025-04-05 13:48:01] default
[2025-04-05 13:48:01] hardware acc full
[2025-04-05 13:48:01] PARAMS: NEW: true, MODULE: 6, WIT_DIM: 262144, REP: 12, Q: 4546383823830515713, PHI: 250, DECOMP_PARTS: [1, 7, 6, 6, 6, 6, 3, 3, 3, 2]
[2025-04-05 13:48:02] OK sage
[2025-04-05 13:48:02] Start CRS
[2025-04-05 13:48:03] end CRS
[2025-04-05 13:48:19] end sampling witness
[2025-04-05 13:48:28] Time for parallel_dot_matrix_matrix (commitment): 8.61s
[2025-04-05 13:48:30] Time for prover::norm_1: 2.13s
[2025-04-05 13:48:30] Time for verifier::verify_norm_1: 9.41µs
[2025-04-05 13:48:45] Time for prover::norm_2: 14.85s
[2025-04-05 13:48:45] Time for verifier::verify_norm_2: 5.42ms
[2025-04-05 13:48:45] Time for verifier::verify_norm_3: 615.18µs
[2025-04-05 13:48:47]  Splitting 262144
[2025-04-05 13:48:48]  into 131072 0 131072
[2025-04-05 13:49:00] Time for split: 14.98s
[2025-04-05 13:49:00]   Time to extract left and right columns from RHS: 86.04µs
[2025-04-05 13:49:00]   Time to compute the multiplier: 25.80µs
[2025-04-05 13:49:00]   Time for row-wise tensor product: 674.87µs
[2025-04-05 13:49:00]   Time verification: 160.10µs
[2025-04-05 13:49:00] Time for split verifier: 970.17µs
[2025-04-05 13:49:00] Time for challenge fold: 67.44µs
[2025-04-05 13:49:07] Time for fold: 7.27s
[2025-04-05 13:49:07] Time for fold verifier: 1.32ms
[2025-04-05 13:49:32]   Time to decompose witness: 25.11s
[2025-04-05 13:49:32]   Time to extract relevant columns from power series: 42.00ns
[2025-04-05 13:49:54]   Time to compute RHS matrix: 21.82s
[2025-04-05 13:49:54] Time for decomp: 46.94s
[2025-04-05 13:49:54] Time for verify_decomp: 1.59ms
[2025-04-05 13:50:01] Time for prover::norm_1: 7.03s
[2025-04-05 13:50:01] Time for verifier::verify_norm_1: 67.05µs
[2025-04-05 13:50:35] Time for prover::norm_2: 34.38s
[2025-04-05 13:50:35] Time for verifier::verify_norm_2: 11.07ms
[2025-04-05 13:50:35] Time for verifier::verify_norm_3: 463.32µs
[2025-04-05 13:50:39]  Splitting 131072
[2025-04-05 13:50:41]  into 65536 0 65536
[2025-04-05 13:51:19] Time for split: 43.11s
[2025-04-05 13:51:19]   Time to extract left and right columns from RHS: 594.49µs
[2025-04-05 13:51:19]   Time to compute the multiplier: 9.47µs
[2025-04-05 13:51:19]   Time for row-wise tensor product: 2.27ms
[2025-04-05 13:51:19]   Time verification: 370.66µs
[2025-04-05 13:51:19] Time for split verifier: 3.28ms
[2025-04-05 13:51:19] Time for challenge fold: 508.56µs
[2025-04-05 13:51:43] Time for fold: 24.12s
[2025-04-05 13:51:43] Time for fold verifier: 7.12ms
[2025-04-05 13:51:50]   Time to decompose witness: 7.38s
[2025-04-05 13:51:50]   Time to extract relevant columns from power series: 43.00ns
[2025-04-05 13:52:00]   Time to compute RHS matrix: 9.59s
[2025-04-05 13:52:00] Time for decomp: 16.99s
[2025-04-05 13:52:00] Time for verify_decomp: 1.59ms
[2025-04-05 13:52:02] Time for prover::norm_1: 2.23s
[2025-04-05 13:52:02] Time for verifier::verify_norm_1: 116.73µs
[2025-04-05 13:52:19] Time for prover::norm_2: 16.65s
[2025-04-05 13:52:19] Time for verifier::verify_norm_2: 9.70ms
[2025-04-05 13:52:19] Time for verifier::verify_norm_3: 1.19ms
[2025-04-05 13:52:20]  Splitting 65536
[2025-04-05 13:52:21]  into 32768 0 32768
[2025-04-05 13:52:39] Time for split: 19.92s
[2025-04-05 13:52:39]   Time to extract left and right columns from RHS: 365.04µs
[2025-04-05 13:52:39]   Time to compute the multiplier: 23.45µs
[2025-04-05 13:52:39]   Time for row-wise tensor product: 2.07ms
[2025-04-05 13:52:39]   Time verification: 352.02µs
[2025-04-05 13:52:39] Time for split verifier: 2.85ms
[2025-04-05 13:52:39] Time for challenge fold: 486.15µs
[2025-04-05 13:52:49] Time for fold: 10.12s
[2025-04-05 13:52:49] Time for fold verifier: 7.86ms
[2025-04-05 13:52:53]   Time to decompose witness: 3.89s
[2025-04-05 13:52:53]   Time to extract relevant columns from power series: 40.00ns
[2025-04-05 13:52:58]   Time to compute RHS matrix: 5.36s
[2025-04-05 13:52:58] Time for decomp: 9.25s
[2025-04-05 13:52:58] Time for verify_decomp: 1.96ms
[2025-04-05 13:52:59] Time for prover::norm_1: 869.13ms
[2025-04-05 13:52:59] Time for verifier::verify_norm_1: 81.05µs
[2025-04-05 13:53:09] Time for prover::norm_2: 10.60s
[2025-04-05 13:53:09] Time for verifier::verify_norm_2: 10.87ms
[2025-04-05 13:53:09] Time for verifier::verify_norm_3: 401.54µs
[2025-04-05 13:53:10]  Splitting 32768
[2025-04-05 13:53:10]  into 16384 0 16384
[2025-04-05 13:53:19] Time for split: 9.20s
[2025-04-05 13:53:19]   Time to extract left and right columns from RHS: 1.27ms
[2025-04-05 13:53:19]   Time to compute the multiplier: 28.70µs
[2025-04-05 13:53:19]   Time for row-wise tensor product: 2.54ms
[2025-04-05 13:53:19]   Time verification: 1.18ms
[2025-04-05 13:53:19] Time for split verifier: 5.07ms
[2025-04-05 13:53:19] Time for challenge fold: 725.34µs
[2025-04-05 13:53:24] Time for fold: 5.12s
[2025-04-05 13:53:24] Time for fold verifier: 5.47ms
[2025-04-05 13:53:25]   Time to decompose witness: 1.02s
[2025-04-05 13:53:25]   Time to extract relevant columns from power series: 38.00ns
[2025-04-05 13:53:28]   Time to compute RHS matrix: 2.79s
[2025-04-05 13:53:28] Time for decomp: 3.81s
[2025-04-05 13:53:28] Time for verify_decomp: 2.21ms
[2025-04-05 13:53:28] Time for prover::norm_1: 471.65ms
[2025-04-05 13:53:28] Time for verifier::verify_norm_1: 91.16µs
[2025-04-05 13:53:36] Time for prover::norm_2: 8.22s
[2025-04-05 13:53:36] Time for verifier::verify_norm_2: 9.50ms
[2025-04-05 13:53:36] Time for verifier::verify_norm_3: 396.03µs
[2025-04-05 13:53:37]  Splitting 16384
[2025-04-05 13:53:37]  into 8192 0 8192
[2025-04-05 13:53:40] Time for split: 4.04s
[2025-04-05 13:53:40]   Time to extract left and right columns from RHS: 408.47µs
[2025-04-05 13:53:40]   Time to compute the multiplier: 14.36µs
[2025-04-05 13:53:40]   Time for row-wise tensor product: 2.69ms
[2025-04-05 13:53:40]   Time verification: 525.32µs
[2025-04-05 13:53:40] Time for split verifier: 3.68ms
[2025-04-05 13:53:40] Time for challenge fold: 514.86µs
[2025-04-05 13:53:43] Time for fold: 2.54s
[2025-04-05 13:53:43] Time for fold verifier: 6.41ms
[2025-04-05 13:53:43]   Time to decompose witness: 439.47ms
[2025-04-05 13:53:43]   Time to extract relevant columns from power series: 42.00ns
[2025-04-05 13:53:45]   Time to compute RHS matrix: 1.40s
[2025-04-05 13:53:45] Time for decomp: 1.84s
[2025-04-05 13:53:45] Time for verify_decomp: 2.47ms
[2025-04-05 13:53:45] Time for prover::norm_1: 271.10ms
[2025-04-05 13:53:45] Time for verifier::verify_norm_1: 92.47µs
[2025-04-05 13:53:51] Time for prover::norm_2: 5.56s
[2025-04-05 13:53:51] Time for verifier::verify_norm_2: 8.64ms
[2025-04-05 13:53:51] Time for verifier::verify_norm_3: 410.94µs
[2025-04-05 13:53:51]  Splitting 8192
[2025-04-05 13:53:51]  into 4096 0 4096
[2025-04-05 13:53:53] Time for split: 1.89s
[2025-04-05 13:53:53]   Time to extract left and right columns from RHS: 378.43µs
[2025-04-05 13:53:53]   Time to compute the multiplier: 28.22µs
[2025-04-05 13:53:53]   Time for row-wise tensor product: 2.31ms
[2025-04-05 13:53:53]   Time verification: 466.71µs
[2025-04-05 13:53:53] Time for split verifier: 3.24ms
[2025-04-05 13:53:53] Time for challenge fold: 438.94µs
[2025-04-05 13:53:54] Time for fold: 1.25s
[2025-04-05 13:53:54] Time for fold verifier: 5.20ms
[2025-04-05 13:53:54]   Time to decompose witness: 119.02ms
[2025-04-05 13:53:54]   Time to extract relevant columns from power series: 48.00ns
[2025-04-05 13:53:54]   Time to compute RHS matrix: 376.47ms
[2025-04-05 13:53:54] Time for decomp: 496.21ms
[2025-04-05 13:53:54] Time for verify_decomp: 1.27ms
[2025-04-05 13:53:54] Time for prover::norm_1: 58.37ms
[2025-04-05 13:53:54] Time for verifier::verify_norm_1: 17.44µs
[2025-04-05 13:53:59] Time for prover::norm_2: 4.15s
[2025-04-05 13:53:59] Time for verifier::verify_norm_2: 5.32ms
[2025-04-05 13:53:59] Time for verifier::verify_norm_3: 224.26µs
[2025-04-05 13:53:59]  Splitting 4096
[2025-04-05 13:53:59]  into 2048 0 2048
[2025-04-05 13:53:59] Time for split: 553.07ms
[2025-04-05 13:53:59]   Time to extract left and right columns from RHS: 199.11µs
[2025-04-05 13:53:59]   Time to compute the multiplier: 16.76µs
[2025-04-05 13:53:59]   Time for row-wise tensor product: 1.34ms
[2025-04-05 13:53:59]   Time verification: 286.85µs
[2025-04-05 13:53:59] Time for split verifier: 1.89ms
[2025-04-05 13:53:59] Time for challenge fold: 225.99µs
[2025-04-05 13:53:59] Time for fold: 296.39ms
[2025-04-05 13:53:59] Time for fold verifier: 3.52ms
[2025-04-05 13:54:00]   Time to decompose witness: 59.42ms
[2025-04-05 13:54:00]   Time to extract relevant columns from power series: 46.00ns
[2025-04-05 13:54:00]   Time to compute RHS matrix: 210.95ms
[2025-04-05 13:54:00] Time for decomp: 270.73ms
[2025-04-05 13:54:00] Time for verify_decomp: 1.49ms
[2025-04-05 13:54:00] Time for prover::norm_1: 29.17ms
[2025-04-05 13:54:00] Time for verifier::verify_norm_1: 69.98µs
[2025-04-05 13:54:03] Time for prover::norm_2: 2.84s
[2025-04-05 13:54:03] Time for verifier::verify_norm_2: 4.67ms
[2025-04-05 13:54:03] Time for verifier::verify_norm_3: 233.74µs
[2025-04-05 13:54:03]  Splitting 2048
[2025-04-05 13:54:03]  into 1024 0 1024
[2025-04-05 13:54:03] Time for split: 267.90ms
[2025-04-05 13:54:03]   Time to extract left and right columns from RHS: 221.11µs
[2025-04-05 13:54:03]   Time to compute the multiplier: 14.78µs
[2025-04-05 13:54:03]   Time for row-wise tensor product: 1.07ms
[2025-04-05 13:54:03]   Time verification: 333.11µs
[2025-04-05 13:54:03] Time for split verifier: 1.70ms
[2025-04-05 13:54:03] Time for challenge fold: 207.24µs
[2025-04-05 13:54:03] Time for fold: 149.02ms
[2025-04-05 13:54:03] Time for fold verifier: 4.03ms
[2025-04-05 13:54:03]   Time to decompose witness: 30.14ms
[2025-04-05 13:54:03]   Time to extract relevant columns from power series: 47.00ns
[2025-04-05 13:54:03]   Time to compute RHS matrix: 105.57ms
[2025-04-05 13:54:03] Time for decomp: 135.97ms
[2025-04-05 13:54:03] Time for verify_decomp: 1.47ms
[2025-04-05 13:54:03] Time for prover::norm_1: 15.15ms
[2025-04-05 13:54:03] Time for verifier::verify_norm_1: 46.81µs
[2025-04-05 13:54:06] Time for prover::norm_2: 3.22s
[2025-04-05 13:54:06] Time for verifier::verify_norm_2: 4.26ms
[2025-04-05 13:54:06] Time for verifier::verify_norm_3: 317.31µs
[2025-04-05 13:54:06]  Splitting 1024
[2025-04-05 13:54:06]  into 512 0 512
[2025-04-05 13:54:07] Time for split: 155.56ms
[2025-04-05 13:54:07]   Time to extract left and right columns from RHS: 267.71µs
[2025-04-05 13:54:07]   Time to compute the multiplier: 22.16µs
[2025-04-05 13:54:07]   Time for row-wise tensor product: 1.46ms
[2025-04-05 13:54:07]   Time verification: 414.84µs
[2025-04-05 13:54:07] Time for split verifier: 2.22ms
[2025-04-05 13:54:07] Time for challenge fold: 253.34µs
[2025-04-05 13:54:07] Time for fold: 74.17ms
[2025-04-05 13:54:07] Time for fold verifier: 3.59ms
[2025-04-05 13:54:07]   Time to decompose witness: 12.99ms
[2025-04-05 13:54:07]   Time to extract relevant columns from power series: 46.00ns
[2025-04-05 13:54:07]   Time to compute RHS matrix: 35.61ms
[2025-04-05 13:54:07] Time for decomp: 48.72ms
[2025-04-05 13:54:07] Time for verify_decomp: 904.93µs
[2025-04-05 13:54:07] Time for prover::norm_1: 5.68ms
[2025-04-05 13:54:07] Time for verifier::verify_norm_1: 18.23µs
[2025-04-05 13:54:09] Time for prover::norm_2: 1.86s
[2025-04-05 13:54:09] Time for verifier::verify_norm_2: 2.91ms
[2025-04-05 13:54:09] Time for verifier::verify_norm_3: 170.24µs
[2025-04-05 13:54:09]  Splitting 512
[2025-04-05 13:54:09]  into 256 0 256
[2025-04-05 13:54:09] Time for split: 47.07ms
[2025-04-05 13:54:09]   Time to extract left and right columns from RHS: 168.00µs
[2025-04-05 13:54:09]   Time to compute the multiplier: 18.73µs
[2025-04-05 13:54:09]   Time for row-wise tensor product: 1.14ms
[2025-04-05 13:54:09]   Time verification: 347.93µs
[2025-04-05 13:54:09] Time for split verifier: 1.73ms
[2025-04-05 13:54:09] Time for challenge fold: 179.95µs
[2025-04-05 13:54:09] Time for fold: 25.23ms
[2025-04-05 13:54:09] Time for fold verifier: 2.42ms
[2025-04-05 13:54:09] Time for final assert_eq: 11.73ms
[2025-04-05 13:54:09] PRV: 348.99s
[2025-04-05 13:54:09] VER: 154.64ms
