[2025-04-05 04:45:59] default
[2025-04-05 04:45:59] hardware acc full
[2025-04-05 04:45:59] PARAMS: NEW: true, MODULE: 35, WIT_DIM: 2097152, REP: 18, Q: 4546383823830515713, PHI: 30, DECOMP_PARTS: [1, 3, 3, 3, 3, 3, 2, 2, 2, 2, 2]
[2025-04-05 04:46:00] OK sage
[2025-04-05 04:46:00] Start CRS
[2025-04-05 04:46:02] end CRS
[2025-04-05 04:46:26] end sampling witness
[2025-04-05 04:47:14] Time for parallel_dot_matrix_matrix (commitment): 47.93s
[2025-04-05 04:47:25] Time for prover::norm_1: 11.26s
[2025-04-05 04:47:25] Time for verifier::verify_norm_1: 8.69µs
[2025-04-05 04:48:03] Time for prover::norm_2: 38.66s
[2025-04-05 04:48:03] Time for verifier::verify_norm_2: 3.23ms
[2025-04-05 04:48:03] Time for verifier::verify_norm_3: 128.42µs
[2025-04-05 04:48:14]  Splitting 2097152
[2025-04-05 04:48:16]  into 1048576 0 1048576
[2025-04-05 04:49:01] Time for split: 57.53s
[2025-04-05 04:49:01]   Time to extract left and right columns from RHS: 128.49µs
[2025-04-05 04:49:01]   Time to compute the multiplier: 65.20µs
[2025-04-05 04:49:01]   Time for row-wise tensor product: 1.20ms
[2025-04-05 04:49:01]   Time verification: 352.37µs
[2025-04-05 04:49:01] Time for split verifier: 1.80ms
[2025-04-05 04:49:01] Time for challenge fold: 33.45µs
[2025-04-05 04:49:18] Time for fold: 17.04s
[2025-04-05 04:49:18] Time for fold verifier: 2.22ms
[2025-04-05 04:49:46]   Time to decompose witness: 27.81s
[2025-04-05 04:49:46]   Time to extract relevant columns from power series: 39.00ns
[2025-04-05 04:50:41]   Time to compute RHS matrix: 55.04s
[2025-04-05 04:50:41] Time for decomp: 83.18s
[2025-04-05 04:50:41] Time for verify_decomp: 13.05ms
[2025-04-05 04:50:56] Time for prover::norm_1: 15.03s
[2025-04-05 04:50:56] Time for verifier::verify_norm_1: 16.32µs
[2025-04-05 04:51:49] Time for prover::norm_2: 52.71s
[2025-04-05 04:51:49] Time for verifier::verify_norm_2: 4.94ms
[2025-04-05 04:51:49] Time for verifier::verify_norm_3: 44.89ms
[2025-04-05 04:52:03]  Splitting 1048576
[2025-04-05 04:52:06]  into 524288 0 524288
[2025-04-05 04:53:10] Time for split: 80.95s
[2025-04-05 04:53:10]   Time to extract left and right columns from RHS: 386.83µs
[2025-04-05 04:53:10]   Time to compute the multiplier: 60.09µs
[2025-04-05 04:53:10]   Time for row-wise tensor product: 1.16ms
[2025-04-05 04:53:10]   Time verification: 507.41µs
[2025-04-05 04:53:10] Time for split verifier: 2.17ms
[2025-04-05 04:53:10] Time for challenge fold: 126.51µs
[2025-04-05 04:53:35] Time for fold: 24.53s
[2025-04-05 04:53:35] Time for fold verifier: 2.55ms
[2025-04-05 04:53:46]   Time to decompose witness: 11.77s
[2025-04-05 04:53:46]   Time to extract relevant columns from power series: 40.00ns
[2025-04-05 04:54:15]   Time to compute RHS matrix: 28.82s
[2025-04-05 04:54:16] Time for decomp: 40.92s
[2025-04-05 04:54:16] Time for verify_decomp: 17.12ms
[2025-04-05 04:54:17] Time for prover::norm_1: 1.60s
[2025-04-05 04:54:17] Time for verifier::verify_norm_1: 10.75µs
[2025-04-05 04:54:50] Time for prover::norm_2: 32.85s
[2025-04-05 04:54:50] Time for verifier::verify_norm_2: 4.47ms
[2025-04-05 04:54:50] Time for verifier::verify_norm_3: 18.02ms
[2025-04-05 04:54:51]  Splitting 524288
[2025-04-05 04:54:51]  into 262144 0 262144
[2025-04-05 04:55:21] Time for split: 30.41s
[2025-04-05 04:55:21]   Time to extract left and right columns from RHS: 198.61µs
[2025-04-05 04:55:21]   Time to compute the multiplier: 9.65µs
[2025-04-05 04:55:21]   Time for row-wise tensor product: 1.10ms
[2025-04-05 04:55:21]   Time verification: 423.85µs
[2025-04-05 04:55:21] Time for split verifier: 1.80ms
[2025-04-05 04:55:21] Time for challenge fold: 126.73µs
[2025-04-05 04:55:33] Time for fold: 12.32s
[2025-04-05 04:55:33] Time for fold verifier: 2.54ms
[2025-04-05 04:55:37]   Time to decompose witness: 4.20s
[2025-04-05 04:55:37]   Time to extract relevant columns from power series: 38.00ns
[2025-04-05 04:55:51]   Time to compute RHS matrix: 14.38s
[2025-04-05 04:55:51] Time for decomp: 18.61s
[2025-04-05 04:55:51] Time for verify_decomp: 10.27ms
[2025-04-05 04:55:52] Time for prover::norm_1: 760.17ms
[2025-04-05 04:55:52] Time for verifier::verify_norm_1: 19.79µs
[2025-04-05 04:56:16] Time for prover::norm_2: 24.08s
[2025-04-05 04:56:16] Time for verifier::verify_norm_2: 4.61ms
[2025-04-05 04:56:16] Time for verifier::verify_norm_3: 8.09ms
[2025-04-05 04:56:17]  Splitting 262144
[2025-04-05 04:56:17]  into 131072 0 131072
[2025-04-05 04:56:33] Time for split: 16.21s
[2025-04-05 04:56:33]   Time to extract left and right columns from RHS: 396.07µs
[2025-04-05 04:56:33]   Time to compute the multiplier: 13.14µs
[2025-04-05 04:56:33]   Time for row-wise tensor product: 1.17ms
[2025-04-05 04:56:33]   Time verification: 442.39µs
[2025-04-05 04:56:33] Time for split verifier: 2.08ms
[2025-04-05 04:56:33] Time for challenge fold: 126.91µs
[2025-04-05 04:56:39] Time for fold: 6.07s
[2025-04-05 04:56:39] Time for fold verifier: 2.74ms
[2025-04-05 04:56:40]   Time to decompose witness: 1.53s
[2025-04-05 04:56:40]   Time to extract relevant columns from power series: 42.00ns
[2025-04-05 04:56:47]   Time to compute RHS matrix: 7.19s
[2025-04-05 04:56:47] Time for decomp: 8.74s
[2025-04-05 04:56:47] Time for verify_decomp: 771.47µs
[2025-04-05 04:56:48] Time for prover::norm_1: 855.82ms
[2025-04-05 04:56:48] Time for verifier::verify_norm_1: 14.91µs
[2025-04-05 04:57:10] Time for prover::norm_2: 21.33s
[2025-04-05 04:57:10] Time for verifier::verify_norm_2: 3.91ms
[2025-04-05 04:57:10] Time for verifier::verify_norm_3: 1.01ms
[2025-04-05 04:57:10]  Splitting 131072
[2025-04-05 04:57:10]  into 65536 0 65536
[2025-04-05 04:57:18] Time for split: 8.01s
[2025-04-05 04:57:18]   Time to extract left and right columns from RHS: 201.12µs
[2025-04-05 04:57:18]   Time to compute the multiplier: 10.50µs
[2025-04-05 04:57:18]   Time for row-wise tensor product: 1.05ms
[2025-04-05 04:57:18]   Time verification: 328.92µs
[2025-04-05 04:57:18] Time for split verifier: 1.65ms
[2025-04-05 04:57:18] Time for challenge fold: 103.05µs
[2025-04-05 04:57:21] Time for fold: 3.06s
[2025-04-05 04:57:21] Time for fold verifier: 2.52ms
[2025-04-05 04:57:21]   Time to decompose witness: 560.11ms
[2025-04-05 04:57:21]   Time to extract relevant columns from power series: 38.00ns
[2025-04-05 04:57:25]   Time to compute RHS matrix: 3.65s
[2025-04-05 04:57:25] Time for decomp: 4.23s
[2025-04-05 04:57:25] Time for verify_decomp: 682.48µs
[2025-04-05 04:57:25] Time for prover::norm_1: 195.53ms
[2025-04-05 04:57:25] Time for verifier::verify_norm_1: 5.72µs
[2025-04-05 04:57:37] Time for prover::norm_2: 11.97s
[2025-04-05 04:57:37] Time for verifier::verify_norm_2: 3.87ms
[2025-04-05 04:57:37] Time for verifier::verify_norm_3: 1.14ms
[2025-04-05 04:57:37]  Splitting 65536
[2025-04-05 04:57:37]  into 32768 0 32768
[2025-04-05 04:57:41] Time for split: 4.03s
[2025-04-05 04:57:41]   Time to extract left and right columns from RHS: 170.86µs
[2025-04-05 04:57:41]   Time to compute the multiplier: 11.77µs
[2025-04-05 04:57:41]   Time for row-wise tensor product: 1.03ms
[2025-04-05 04:57:41]   Time verification: 410.04µs
[2025-04-05 04:57:41] Time for split verifier: 1.70ms
[2025-04-05 04:57:41] Time for challenge fold: 111.04µs
[2025-04-05 04:57:43] Time for fold: 1.52s
[2025-04-05 04:57:43] Time for fold verifier: 2.86ms
[2025-04-05 04:57:43]   Time to decompose witness: 310.58ms
[2025-04-05 04:57:43]   Time to extract relevant columns from power series: 39.00ns
[2025-04-05 04:57:44]   Time to compute RHS matrix: 1.22s
[2025-04-05 04:57:44] Time for decomp: 1.53s
[2025-04-05 04:57:44] Time for verify_decomp: 769.27µs
[2025-04-05 04:57:44] Time for prover::norm_1: 66.77ms
[2025-04-05 04:57:44] Time for verifier::verify_norm_1: 7.49µs
[2025-04-05 04:57:55] Time for prover::norm_2: 10.38s
[2025-04-05 04:57:55] Time for verifier::verify_norm_2: 2.59ms
[2025-04-05 04:57:55] Time for verifier::verify_norm_3: 462.01µs
[2025-04-05 04:57:55]  Splitting 32768
[2025-04-05 04:57:55]  into 16384 0 16384
[2025-04-05 04:57:56] Time for split: 1.33s
[2025-04-05 04:57:56]   Time to extract left and right columns from RHS: 113.94µs
[2025-04-05 04:57:56]   Time to compute the multiplier: 10.85µs
[2025-04-05 04:57:56]   Time for row-wise tensor product: 794.70µs
[2025-04-05 04:57:56]   Time verification: 305.48µs
[2025-04-05 04:57:56] Time for split verifier: 1.30ms
[2025-04-05 04:57:56] Time for challenge fold: 78.27µs
[2025-04-05 04:57:57] Time for fold: 482.95ms
[2025-04-05 04:57:57] Time for fold verifier: 1.90ms
[2025-04-05 04:57:57]   Time to decompose witness: 108.62ms
[2025-04-05 04:57:57]   Time to extract relevant columns from power series: 44.00ns
[2025-04-05 04:57:57]   Time to compute RHS matrix: 614.20ms
[2025-04-05 04:57:57] Time for decomp: 723.93ms
[2025-04-05 04:57:57] Time for verify_decomp: 521.94µs
[2025-04-05 04:57:57] Time for prover::norm_1: 31.14ms
[2025-04-05 04:57:57] Time for verifier::verify_norm_1: 18.97µs
[2025-04-05 04:58:09] Time for prover::norm_2: 11.91s
[2025-04-05 04:58:09] Time for verifier::verify_norm_2: 2.15ms
[2025-04-05 04:58:09] Time for verifier::verify_norm_3: 445.60µs
[2025-04-05 04:58:09]  Splitting 16384
[2025-04-05 04:58:09]  into 8192 0 8192
[2025-04-05 04:58:10] Time for split: 712.67ms
[2025-04-05 04:58:10]   Time to extract left and right columns from RHS: 137.67µs
[2025-04-05 04:58:10]   Time to compute the multiplier: 11.45µs
[2025-04-05 04:58:10]   Time for row-wise tensor product: 781.78µs
[2025-04-05 04:58:10]   Time verification: 355.10µs
[2025-04-05 04:58:10] Time for split verifier: 1.35ms
[2025-04-05 04:58:10] Time for challenge fold: 63.33µs
[2025-04-05 04:58:10] Time for fold: 240.47ms
[2025-04-05 04:58:10] Time for fold verifier: 2.08ms
[2025-04-05 04:58:10]   Time to decompose witness: 59.51ms
[2025-04-05 04:58:10]   Time to extract relevant columns from power series: 46.00ns
[2025-04-05 04:58:11]   Time to compute RHS matrix: 309.14ms
[2025-04-05 04:58:11] Time for decomp: 369.38ms
[2025-04-05 04:58:11] Time for verify_decomp: 613.84µs
[2025-04-05 04:58:11] Time for prover::norm_1: 16.61ms
[2025-04-05 04:58:11] Time for verifier::verify_norm_1: 16.01µs
[2025-04-05 04:58:24] Time for prover::norm_2: 13.25s
[2025-04-05 04:58:24] Time for verifier::verify_norm_2: 1.97ms
[2025-04-05 04:58:24] Time for verifier::verify_norm_3: 261.56µs
[2025-04-05 04:58:24]  Splitting 8192
[2025-04-05 04:58:24]  into 4096 0 4096
[2025-04-05 04:58:24] Time for split: 357.09ms
[2025-04-05 04:58:24]   Time to extract left and right columns from RHS: 119.55µs
[2025-04-05 04:58:24]   Time to compute the multiplier: 12.19µs
[2025-04-05 04:58:24]   Time for row-wise tensor product: 934.08µs
[2025-04-05 04:58:24]   Time verification: 416.54µs
[2025-04-05 04:58:24] Time for split verifier: 1.56ms
[2025-04-05 04:58:24] Time for challenge fold: 73.64µs
[2025-04-05 04:58:24] Time for fold: 121.84ms
[2025-04-05 04:58:24] Time for fold verifier: 2.11ms
[2025-04-05 04:58:24]   Time to decompose witness: 21.41ms
[2025-04-05 04:58:24]   Time to extract relevant columns from power series: 46.00ns
[2025-04-05 04:58:25]   Time to compute RHS matrix: 154.64ms
[2025-04-05 04:58:25] Time for decomp: 176.45ms
[2025-04-05 04:58:25] Time for verify_decomp: 663.14µs
[2025-04-05 04:58:25] Time for prover::norm_1: 6.84ms
[2025-04-05 04:58:25] Time for verifier::verify_norm_1: 10.15µs
[2025-04-05 04:58:38] Time for prover::norm_2: 13.03s
[2025-04-05 04:58:38] Time for verifier::verify_norm_2: 1.92ms
[2025-04-05 04:58:38] Time for verifier::verify_norm_3: 218.96µs
[2025-04-05 04:58:38]  Splitting 4096
[2025-04-05 04:58:38]  into 2048 0 2048
[2025-04-05 04:58:38] Time for split: 170.45ms
[2025-04-05 04:58:38]   Time to extract left and right columns from RHS: 101.59µs
[2025-04-05 04:58:38]   Time to compute the multiplier: 11.27µs
[2025-04-05 04:58:38]   Time for row-wise tensor product: 776.20µs
[2025-04-05 04:58:38]   Time verification: 447.70µs
[2025-04-05 04:58:38] Time for split verifier: 1.42ms
[2025-04-05 04:58:38] Time for challenge fold: 93.71µs
[2025-04-05 04:58:38] Time for fold: 60.10ms
[2025-04-05 04:58:38] Time for fold verifier: 2.23ms
[2025-04-05 04:58:38]   Time to decompose witness: 12.93ms
[2025-04-05 04:58:38]   Time to extract relevant columns from power series: 46.00ns
[2025-04-05 04:58:38]   Time to compute RHS matrix: 79.49ms
[2025-04-05 04:58:38] Time for decomp: 92.66ms
[2025-04-05 04:58:38] Time for verify_decomp: 617.22µs
[2025-04-05 04:58:38] Time for prover::norm_1: 3.78ms
[2025-04-05 04:58:38] Time for verifier::verify_norm_1: 8.44µs
[2025-04-05 04:58:49] Time for prover::norm_2: 10.54s
[2025-04-05 04:58:49] Time for verifier::verify_norm_2: 1.70ms
[2025-04-05 04:58:49] Time for verifier::verify_norm_3: 233.62µs
[2025-04-05 04:58:49]  Splitting 2048
[2025-04-05 04:58:49]  into 1024 0 1024
[2025-04-05 04:58:49] Time for split: 91.11ms
[2025-04-05 04:58:49]   Time to extract left and right columns from RHS: 95.28µs
[2025-04-05 04:58:49]   Time to compute the multiplier: 59.25µs
[2025-04-05 04:58:49]   Time for row-wise tensor product: 916.22µs
[2025-04-05 04:58:49]   Time verification: 484.63µs
[2025-04-05 04:58:49] Time for split verifier: 1.64ms
[2025-04-05 04:58:49] Time for challenge fold: 74.24µs
[2025-04-05 04:58:49] Time for fold: 29.82ms
[2025-04-05 04:58:49] Time for fold verifier: 2.34ms
[2025-04-05 04:58:49] Time for final assert_eq: 21.67ms
[2025-04-05 04:58:49] PRV: 742.31s
[2025-04-05 04:58:49] VER: 204.23ms
