[2025-04-13 20:19:29] F_OLD
[2025-04-13 20:19:29] no hardware acc
[2025-04-13 20:19:29] PARAMS: NEW: false, MODULE: 3, WIT_DIM: 262144, REP: 9, Q: 4546383823830515713, PHI: 1020, DECOMP_PARTS: [1, 3, 3, 3, 3, 3, 3, 2, 2, 2, 2, 2]
[2025-04-13 20:19:30] OK sage
[2025-04-13 20:19:30] Start CRS
[2025-04-13 20:34:17] end CRS
[2025-04-13 20:35:16] end sampling witness
[2025-04-13 20:46:50] Time for parallel_dot_matrix_matrix (commitment): 694.47s
[2025-04-13 20:46:57]   Time to transpose witness: 6.52s
[2025-04-13 21:15:07]   Time to convolve rows: 1690.64s
[2025-04-13 21:15:07]   Time to get power_series_sub: 74.00ns
[2025-04-13 21:15:07]   Time to compute new RHS: 54.00ns
[2025-04-13 21:40:12] Time for norm_1: 3201.76s
[2025-04-13 21:40:13] Time for norm_challenge: 1.18s
[2025-04-13 22:24:52] 262144
[2025-04-13 23:11:13] Time for norm_2: 5459.42s
[2025-04-13 23:11:13] 3 27 3 27
[2025-04-13 23:11:13] Time for verify_norm_2: 33.07ms
[2025-04-13 23:11:31]  Splitting 262144
[2025-04-13 23:11:42]  into 131072 0 131072
[2025-04-14 00:21:42] Time for split: 4228.97s
[2025-04-14 00:21:42]   Time to extract left and right columns from RHS: 766.21µs
[2025-04-14 00:21:42]   Time to compute the multiplier: 85.80µs
[2025-04-14 00:21:42]   Time for row-wise tensor product: 274.75ms
[2025-04-14 00:21:42]   Time verification: 1.02ms
[2025-04-14 00:21:42] Time for split verifier: 276.67ms
[2025-04-14 00:21:42] Time for challenge fold: 681.92µs
[2025-04-14 01:59:17] Time for fold: 5855.07s
[2025-04-14 01:59:17] Time for fold verifier: 369.58ms
[2025-04-14 01:59:59]   Time to decompose witness: 41.29s
[2025-04-14 01:59:59]   Time to extract relevant columns from power series: 63.00ns
[2025-04-14 02:38:14]   Time to compute RHS matrix: 2295.61s
[2025-04-14 02:38:14] Time for decomp: 2336.93s
[2025-04-14 02:38:14] Time for verify_decomp: 1.23ms
[2025-04-14 02:38:27]   Time to transpose witness: 12.33s
[2025-04-14 03:12:34]   Time to convolve rows: 2047.73s
[2025-04-14 03:12:34]   Time to get power_series_sub: 61.00ns
[2025-04-14 03:12:34]   Time to compute new RHS: 53.00ns
[2025-04-14 04:24:22] Time for norm_1: 6367.49s
[2025-04-14 04:24:23] Time for norm_challenge: 1.20s
[2025-04-14 04:46:42] 131072
[2025-04-14 05:41:49] Time for norm_2: 4645.66s
[2025-04-14 05:41:49] 6 81 3 81
[2025-04-14 05:41:49] Time for verify_norm_2: 97.84ms
[2025-04-14 05:42:18]  Splitting 131072
[2025-04-14 05:42:30]  into 65536 0 65536
[2025-04-14 08:14:24] Time for split: 9155.02s
[2025-04-14 08:14:24]   Time to extract left and right columns from RHS: 4.56ms
[2025-04-14 08:14:24]   Time to compute the multiplier: 127.03µs
[2025-04-14 08:14:24]   Time for row-wise tensor product: 697.62ms
[2025-04-14 08:14:24]   Time verification: 4.81ms
[2025-04-14 08:14:24] Time for split verifier: 707.17ms
[2025-04-14 08:14:24] Time for challenge fold: 2.90ms
[2025-04-14 10:41:05] Time for fold: 8800.12s
[2025-04-14 10:41:06] Time for fold verifier: 1.66s
[2025-04-14 10:41:26]   Time to decompose witness: 19.39s
[2025-04-14 10:41:26]   Time to extract relevant columns from power series: 64.00ns
[2025-04-14 11:08:10]   Time to compute RHS matrix: 1604.37s
[2025-04-14 11:08:10] Time for decomp: 1623.77s
[2025-04-14 11:08:10] Time for verify_decomp: 2.06ms
[2025-04-14 11:08:16]   Time to transpose witness: 6.03s
[2025-04-14 11:23:43]   Time to convolve rows: 927.05s
[2025-04-14 11:23:43]   Time to get power_series_sub: 82.00ns
[2025-04-14 11:23:43]   Time to compute new RHS: 53.00ns
[2025-04-14 12:14:57] Time for norm_1: 4007.29s
[2025-04-14 12:14:59] Time for norm_challenge: 1.75s
[2025-04-14 12:26:09] 65536
[2025-04-14 12:53:58] Time for norm_2: 2338.99s
[2025-04-14 12:53:58] 9 81 3 81
[2025-04-14 12:53:58] Time for verify_norm_2: 97.90ms
[2025-04-14 12:54:12]  Splitting 65536
[2025-04-14 12:54:16]  into 32768 0 32768
[2025-04-14 14:33:32] Time for split: 5974.06s
[2025-04-14 14:33:32]   Time to extract left and right columns from RHS: 8.07ms
[2025-04-14 14:33:32]   Time to compute the multiplier: 172.07µs
[2025-04-14 14:33:33]   Time for row-wise tensor product: 842.67ms
[2025-04-14 14:33:33]   Time verification: 6.95ms
[2025-04-14 14:33:33] Time for split verifier: 857.95ms
[2025-04-14 14:33:33] Time for challenge fold: 3.15ms
[2025-04-14 15:46:24] Time for fold: 4370.66s
[2025-04-14 15:46:26] Time for fold verifier: 1.82s
[2025-04-14 15:46:35]   Time to decompose witness: 9.74s
[2025-04-14 15:46:35]   Time to extract relevant columns from power series: 51.00ns
[2025-04-14 16:03:48]   Time to compute RHS matrix: 1032.67s
[2025-04-14 16:03:48] Time for decomp: 1042.42s
[2025-04-14 16:03:48] Time for verify_decomp: 2.65ms
[2025-04-14 16:03:51]   Time to transpose witness: 2.91s
[2025-04-14 16:10:51]   Time to convolve rows: 420.62s
[2025-04-14 16:10:51]   Time to get power_series_sub: 49.00ns
[2025-04-14 16:10:51]   Time to compute new RHS: 50.00ns
[2025-04-14 16:45:03] Time for norm_1: 2474.74s
[2025-04-14 16:45:04] Time for norm_challenge: 1.24s
[2025-04-14 16:50:39] 32768
[2025-04-14 17:04:49] Time for norm_2: 1185.26s
[2025-04-14 17:04:49] 12 81 3 81
[2025-04-14 17:04:49] Time for verify_norm_2: 104.46ms
[2025-04-14 17:04:54]  Splitting 32768
[2025-04-14 17:04:56]  into 16384 0 16384
[2025-04-14 18:07:32] Time for split: 3762.49s
[2025-04-14 18:07:32]   Time to extract left and right columns from RHS: 7.39ms
[2025-04-14 18:07:32]   Time to compute the multiplier: 208.68µs
[2025-04-14 18:07:32]   Time for row-wise tensor product: 696.54ms
[2025-04-14 18:07:33]   Time verification: 7.86ms
[2025-04-14 18:07:33] Time for split verifier: 712.07ms
[2025-04-14 18:07:33] Time for challenge fold: 2.90ms
[2025-04-14 18:44:46] Time for fold: 2233.74s
[2025-04-14 18:44:48] Time for fold verifier: 2.24s
[2025-04-14 18:44:53]   Time to decompose witness: 4.85s
[2025-04-14 18:44:53]   Time to extract relevant columns from power series: 48.00ns
[2025-04-14 18:56:02]   Time to compute RHS matrix: 668.58s
[2025-04-14 18:56:02] Time for decomp: 673.44s
[2025-04-14 18:56:02] Time for verify_decomp: 3.28ms
[2025-04-14 18:56:03]   Time to transpose witness: 1.39s
[2025-04-14 18:59:13]   Time to convolve rows: 189.77s
[2025-04-14 18:59:13]   Time to get power_series_sub: 67.00ns
[2025-04-14 18:59:13]   Time to compute new RHS: 61.00ns
[2025-04-14 19:20:41] Time for norm_1: 1478.85s
[2025-04-14 19:20:42] Time for norm_challenge: 1.21s
[2025-04-14 19:23:29] 16384
[2025-04-14 19:31:02] Time for norm_2: 620.45s
[2025-04-14 19:31:03] 15 81 3 81
[2025-04-14 19:31:03] Time for verify_norm_2: 103.73ms
[2025-04-14 19:31:06]  Splitting 16384
[2025-04-14 19:31:07]  into 8192 0 8192
[2025-04-14 20:08:53] Time for split: 2270.82s
[2025-04-14 20:08:53]   Time to extract left and right columns from RHS: 10.84ms
[2025-04-14 20:08:53]   Time to compute the multiplier: 221.68µs
[2025-04-14 20:08:54]   Time for row-wise tensor product: 836.47ms
[2025-04-14 20:08:54]   Time verification: 9.21ms
[2025-04-14 20:08:54] Time for split verifier: 856.82ms
[2025-04-14 20:08:54] Time for challenge fold: 2.89ms
[2025-04-14 20:27:31] Time for fold: 1116.65s
[2025-04-14 20:27:34] Time for fold verifier: 2.82s
[2025-04-14 20:27:36]   Time to decompose witness: 2.39s
[2025-04-14 20:27:36]   Time to extract relevant columns from power series: 47.00ns
[2025-04-14 20:33:55]   Time to compute RHS matrix: 378.99s
[2025-04-14 20:33:55] Time for decomp: 381.38s
[2025-04-14 20:33:55] Time for verify_decomp: 3.64ms
[2025-04-14 20:33:56]   Time to transpose witness: 686.27ms
[2025-04-14 20:35:21]   Time to convolve rows: 84.97s
[2025-04-14 20:35:21]   Time to get power_series_sub: 49.00ns
[2025-04-14 20:35:21]   Time to compute new RHS: 52.00ns
[2025-04-14 20:48:06] Time for norm_1: 850.48s
[2025-04-14 20:48:07] Time for norm_challenge: 1.23s
[2025-04-14 20:49:30] 8192
[2025-04-14 20:53:32] Time for norm_2: 325.56s
[2025-04-14 20:53:32] 18 81 3 81
[2025-04-14 20:53:32] Time for verify_norm_2: 103.80ms
[2025-04-14 20:53:34]  Splitting 8192
[2025-04-14 20:53:35]  into 4096 0 4096
[2025-04-14 21:15:31] Time for split: 1318.26s
[2025-04-14 21:15:31]   Time to extract left and right columns from RHS: 10.77ms
[2025-04-14 21:15:31]   Time to compute the multiplier: 288.66µs
[2025-04-14 21:15:32]   Time for row-wise tensor product: 822.55ms
[2025-04-14 21:15:32]   Time verification: 10.88ms
[2025-04-14 21:15:32] Time for split verifier: 844.56ms
[2025-04-14 21:15:32] Time for challenge fold: 2.72ms
[2025-04-14 21:24:50] Time for fold: 558.66s
[2025-04-14 21:24:53] Time for fold verifier: 3.24s
[2025-04-14 21:24:55]   Time to decompose witness: 1.22s
[2025-04-14 21:24:55]   Time to extract relevant columns from power series: 49.00ns
[2025-04-14 21:28:40]   Time to compute RHS matrix: 225.53s
[2025-04-14 21:28:40] Time for decomp: 226.75s
[2025-04-14 21:28:40] Time for verify_decomp: 4.25ms
[2025-04-14 21:28:41]   Time to transpose witness: 422.34ms
[2025-04-14 21:29:19]   Time to convolve rows: 38.09s
[2025-04-14 21:29:19]   Time to get power_series_sub: 135.00ns
[2025-04-14 21:29:19]   Time to compute new RHS: 55.00ns
[2025-04-14 21:36:41] Time for norm_1: 480.39s
[2025-04-14 21:36:42] Time for norm_challenge: 1.20s
[2025-04-14 21:37:24] 4096
[2025-04-14 21:39:46] Time for norm_2: 184.31s
[2025-04-14 21:39:46] 21 81 3 81
[2025-04-14 21:39:46] Time for verify_norm_2: 108.59ms
[2025-04-14 21:39:47]  Splitting 4096
[2025-04-14 21:39:47]  into 2048 0 2048
[2025-04-14 21:52:20] Time for split: 753.78s
[2025-04-14 21:52:20]   Time to extract left and right columns from RHS: 14.71ms
[2025-04-14 21:52:20]   Time to compute the multiplier: 328.72µs
[2025-04-14 21:52:21]   Time for row-wise tensor product: 851.95ms
[2025-04-14 21:52:21]   Time verification: 12.31ms
[2025-04-14 21:52:21] Time for split verifier: 879.39ms
[2025-04-14 21:52:21] Time for challenge fold: 2.45ms
[2025-04-14 21:57:01] Time for fold: 279.80s
[2025-04-14 21:57:04] Time for fold verifier: 3.39s
[2025-04-14 21:57:05]   Time to decompose witness: 452.61ms
[2025-04-14 21:57:05]   Time to extract relevant columns from power series: 48.00ns
[2025-04-14 21:58:29]   Time to compute RHS matrix: 84.70s
[2025-04-14 21:58:29] Time for decomp: 85.15s
[2025-04-14 21:58:29] Time for verify_decomp: 3.51ms
[2025-04-14 21:58:29]   Time to transpose witness: 142.55ms
[2025-04-14 21:58:41]   Time to convolve rows: 11.43s
[2025-04-14 21:58:41]   Time to get power_series_sub: 78.00ns
[2025-04-14 21:58:41]   Time to compute new RHS: 60.00ns
[2025-04-14 22:01:30] Time for norm_1: 180.74s
[2025-04-14 22:01:31] Time for norm_challenge: 1.23s
[2025-04-14 22:01:52] 2048
[2025-04-14 22:03:07] Time for norm_2: 95.85s
[2025-04-14 22:03:07] 24 54 3 54
[2025-04-14 22:03:07] Time for verify_norm_2: 71.36ms
[2025-04-14 22:03:07]  Splitting 2048
[2025-04-14 22:03:07]  into 1024 0 1024
[2025-04-14 22:07:48] Time for split: 280.78s
[2025-04-14 22:07:48]   Time to extract left and right columns from RHS: 10.85ms
[2025-04-14 22:07:48]   Time to compute the multiplier: 377.07µs
[2025-04-14 22:07:48]   Time for row-wise tensor product: 590.53ms
[2025-04-14 22:07:48]   Time verification: 9.44ms
[2025-04-14 22:07:48] Time for split verifier: 611.29ms
[2025-04-14 22:07:48] Time for challenge fold: 1.80ms
[2025-04-14 22:09:22] Time for fold: 93.46s
[2025-04-14 22:09:25] Time for fold verifier: 2.63s
[2025-04-14 22:09:25]   Time to decompose witness: 227.49ms
[2025-04-14 22:09:25]   Time to extract relevant columns from power series: 48.00ns
[2025-04-14 22:10:12]   Time to compute RHS matrix: 47.37s
[2025-04-14 22:10:12] Time for decomp: 47.59s
[2025-04-14 22:10:12] Time for verify_decomp: 3.85ms
[2025-04-14 22:10:12]   Time to transpose witness: 70.27ms
[2025-04-14 22:10:17]   Time to convolve rows: 5.06s
[2025-04-14 22:10:17]   Time to get power_series_sub: 78.00ns
[2025-04-14 22:10:17]   Time to compute new RHS: 68.00ns
[2025-04-14 22:11:52] Time for norm_1: 99.90s
[2025-04-14 22:11:53] Time for norm_challenge: 1.20s
[2025-04-14 22:12:04] 1024
[2025-04-14 22:12:59] Time for norm_2: 65.38s
[2025-04-14 22:12:59] 27 54 3 54
[2025-04-14 22:12:59] Time for verify_norm_2: 72.43ms
[2025-04-14 22:12:59]  Splitting 1024
[2025-04-14 22:12:59]  into 512 0 512
[2025-04-14 22:15:35] Time for split: 156.22s
[2025-04-14 22:15:35]   Time to extract left and right columns from RHS: 12.30ms
[2025-04-14 22:15:35]   Time to compute the multiplier: 416.41µs
[2025-04-14 22:15:36]   Time for row-wise tensor product: 727.26ms
[2025-04-14 22:15:36]   Time verification: 10.16ms
[2025-04-14 22:15:36] Time for split verifier: 750.24ms
[2025-04-14 22:15:36] Time for challenge fold: 2.25ms
[2025-04-14 22:16:22] Time for fold: 46.66s
[2025-04-14 22:16:25] Time for fold verifier: 2.99s
[2025-04-14 22:16:25]   Time to decompose witness: 120.05ms
[2025-04-14 22:16:25]   Time to extract relevant columns from power series: 52.00ns
[2025-04-14 22:16:53]   Time to compute RHS matrix: 27.18s
[2025-04-14 22:16:53] Time for decomp: 27.30s
[2025-04-14 22:16:53] Time for verify_decomp: 4.36ms
[2025-04-14 22:16:53]   Time to transpose witness: 34.95ms
[2025-04-14 22:16:55]   Time to convolve rows: 2.26s
[2025-04-14 22:16:55]   Time to get power_series_sub: 80.00ns
[2025-04-14 22:16:55]   Time to compute new RHS: 54.00ns
[2025-04-14 22:17:48] Time for norm_1: 55.55s
[2025-04-14 22:17:49] Time for norm_challenge: 1.19s
[2025-04-14 22:17:55] 512
[2025-04-14 22:18:42] Time for norm_2: 53.06s
[2025-04-14 22:18:43] 30 54 3 54
[2025-04-14 22:18:43] Time for verify_norm_2: 74.34ms
[2025-04-14 22:18:43]  Splitting 512
[2025-04-14 22:18:43]  into 256 0 256
[2025-04-14 22:20:08] Time for split: 85.19s
[2025-04-14 22:20:08]   Time to extract left and right columns from RHS: 13.54ms
[2025-04-14 22:20:08]   Time to compute the multiplier: 450.20µs
[2025-04-14 22:20:08]   Time for row-wise tensor product: 696.38ms
[2025-04-14 22:20:08]   Time verification: 11.23ms
[2025-04-14 22:20:08] Time for split verifier: 721.70ms
[2025-04-14 22:20:08] Time for challenge fold: 1.71ms
[2025-04-14 22:20:32] Time for fold: 23.48s
[2025-04-14 22:20:35] Time for fold verifier: 3.04s
[2025-04-14 22:20:35]   Time to decompose witness: 58.00ms
[2025-04-14 22:20:35]   Time to extract relevant columns from power series: 48.00ns
[2025-04-14 22:20:50]   Time to compute RHS matrix: 14.54s
[2025-04-14 22:20:50] Time for decomp: 14.60s
[2025-04-14 22:20:50] Time for verify_decomp: 4.80ms
[2025-04-14 22:20:50]   Time to transpose witness: 17.47ms
[2025-04-14 22:20:51]   Time to convolve rows: 1.02s
[2025-04-14 22:20:51]   Time to get power_series_sub: 74.00ns
[2025-04-14 22:20:51]   Time to compute new RHS: 52.00ns
[2025-04-14 22:21:20] Time for norm_1: 30.13s
[2025-04-14 22:21:21] Time for norm_challenge: 1.20s
[2025-04-14 22:21:23] 256
[2025-04-14 22:22:08] Time for norm_2: 47.26s
[2025-04-14 22:22:08] 33 54 3 54
[2025-04-14 22:22:08] Time for verify_norm_2: 74.30ms
[2025-04-14 22:22:08]  Splitting 256
[2025-04-14 22:22:08]  into 128 0 128
[2025-04-14 22:22:55] Time for split: 46.40s
[2025-04-14 22:22:55]   Time to extract left and right columns from RHS: 13.65ms
[2025-04-14 22:22:55]   Time to compute the multiplier: 480.05µs
[2025-04-14 22:22:55]   Time for row-wise tensor product: 702.71ms
[2025-04-14 22:22:55]   Time verification: 12.22ms
[2025-04-14 22:22:55] Time for split verifier: 729.18ms
[2025-04-14 22:22:55] Time for challenge fold: 1.47ms
[2025-04-14 22:23:07] Time for fold: 11.76s
[2025-04-14 22:23:11] Time for fold verifier: 3.41s
[2025-04-14 22:23:11]   Time to decompose witness: 25.21ms
[2025-04-14 22:23:11]   Time to extract relevant columns from power series: 51.00ns
[2025-04-14 22:23:19]   Time to compute RHS matrix: 8.05s
[2025-04-14 22:23:19] Time for decomp: 8.08s
[2025-04-14 22:23:19] Time for verify_decomp: 5.17ms
[2025-04-14 22:23:19]   Time to transpose witness: 8.61ms
[2025-04-14 22:23:19]   Time to convolve rows: 466.56ms
[2025-04-14 22:23:19]   Time to get power_series_sub: 59.00ns
[2025-04-14 22:23:19]   Time to compute new RHS: 62.00ns
[2025-04-14 22:23:35] Time for norm_1: 16.46s
[2025-04-14 22:23:36] Time for norm_challenge: 1.20s
[2025-04-14 22:23:38] 128
[2025-04-14 22:24:19] Time for norm_2: 42.39s
[2025-04-14 22:24:19] 36 54 3 54
[2025-04-14 22:24:19] Time for verify_norm_2: 73.83ms
[2025-04-14 22:24:19]  Splitting 128
[2025-04-14 22:24:19]  into 64 0 64
[2025-04-14 22:24:44] Time for split: 25.10s
[2025-04-14 22:24:44]   Time to extract left and right columns from RHS: 15.41ms
[2025-04-14 22:24:44]   Time to compute the multiplier: 509.39µs
[2025-04-14 22:24:45]   Time for row-wise tensor product: 731.26ms
[2025-04-14 22:24:45]   Time verification: 13.42ms
[2025-04-14 22:24:45] Time for split verifier: 760.72ms
[2025-04-14 22:24:45] Time for challenge fold: 1.53ms
[2025-04-14 22:24:51] Time for fold: 6.01s
[2025-04-14 22:24:54] Time for fold verifier: 3.74s
[2025-04-14 22:24:57] Time for final assert_eq: 2.23s
[2025-04-14 22:24:57] PRV: 92922.37s
[2025-04-14 22:24:57] VER: 49.68s
