[2025-04-13 00:58:28] default
[2025-04-13 00:58:28] hardware acc full
[2025-04-13 00:58:28] PARAMS: NEW: false, MODULE: 3, WIT_DIM: 524288, REP: 9, Q: 4546383823830515713, PHI: 1020, DECOMP_PARTS: [1, 3, 3, 3, 3, 3, 3, 3, 2, 2, 2, 2, 2]
[2025-04-13 00:58:29] OK sage
[2025-04-13 00:58:29] Start CRS
[2025-04-13 00:58:44] end CRS
[2025-04-13 01:00:20] end sampling witness
[2025-04-13 01:01:05] Time for parallel_dot_matrix_matrix (commitment): 44.81s
[2025-04-13 01:01:14]   Time to transpose witness: 9.78s
[2025-04-13 01:04:00]   Time to convolve rows: 165.28s
[2025-04-13 01:04:00]   Time to get power_series_sub: 71.00ns
[2025-04-13 01:04:00]   Time to compute new RHS: 58.00ns
[2025-04-13 01:07:57] Time for norm_1: 412.75s
[2025-04-13 01:07:58] Time for norm_challenge: 1.02s
[2025-04-13 01:08:43] 524288
[2025-04-13 01:11:52] Time for norm_2: 233.30s
[2025-04-13 01:11:52] 3 27 3 27
[2025-04-13 01:11:52] Time for verify_norm_2: 1.52ms
[2025-04-13 01:12:23]  Splitting 524288
[2025-04-13 01:12:43]  into 262144 0 262144
[2025-04-13 01:17:46] Time for split: 354.51s
[2025-04-13 01:17:46]   Time to extract left and right columns from RHS: 517.27µs
[2025-04-13 01:17:46]   Time to compute the multiplier: 77.34µs
[2025-04-13 01:17:46]   Time for row-wise tensor product: 2.89ms
[2025-04-13 01:17:46]   Time verification: 629.76µs
[2025-04-13 01:17:46] Time for split verifier: 4.15ms
[2025-04-13 01:17:46] Time for challenge fold: 360.54µs
[2025-04-13 01:19:35] Time for fold: 109.23s
[2025-04-13 01:19:35] Time for fold verifier: 7.34ms
[2025-04-13 01:20:45]   Time to decompose witness: 69.60s
[2025-04-13 01:20:45]   Time to extract relevant columns from power series: 40.00ns
[2025-04-13 01:21:57]   Time to compute RHS matrix: 71.91s
[2025-04-13 01:21:57] Time for decomp: 141.56s
[2025-04-13 01:21:57] Time for verify_decomp: 1.61ms
[2025-04-13 01:22:16]   Time to transpose witness: 19.51s
[2025-04-13 01:25:23]   Time to convolve rows: 186.50s
[2025-04-13 01:25:23]   Time to get power_series_sub: 48.00ns
[2025-04-13 01:25:23]   Time to compute new RHS: 52.00ns
[2025-04-13 01:32:03] Time for norm_1: 606.12s
[2025-04-13 01:32:04] Time for norm_challenge: 1.05s
[2025-04-13 01:32:26] 262144
[2025-04-13 01:38:27] Time for norm_2: 383.12s
[2025-04-13 01:38:27] 6 81 3 81
[2025-04-13 01:38:27] Time for verify_norm_2: 5.31ms
[2025-04-13 01:39:25]  Splitting 262144
[2025-04-13 01:40:06]  into 131072 0 131072
slurmstepd: error: Detected 1 oom_kill event in StepId=6831974.0. Some of the step tasks have been OOM Killed.
srun: error: gpu45: task 0: Out Of Memory
srun: Terminating StepId=6831974.0
