[2025-04-22 08:28:00] C_OLD
[2025-04-22 08:28:00] hardware acc full
[2025-04-22 08:28:00] PARAMS: NEW: false, MODULE: 14, WIT_DIM: 2097152, REP: 14, Q: 4546383823830515713, PHI: 112, DECOMP_PARTS: [1, 2, 2, 2, 2, 2, 2, 2, 2, 2, 2, 2, 2]
[2025-04-22 08:28:01] OK sage
[2025-04-22 08:28:01] Start CRS
[2025-04-22 08:28:09] end CRS
[2025-04-22 08:29:29] end sampling witness
[2025-04-22 08:30:27] Time for parallel_dot_matrix_matrix (commitment): 57.97s
[2025-04-22 08:30:41]   Time to transpose witness: 14.39s
[2025-04-22 08:34:29]   Time to convolve rows: 227.93s
[2025-04-22 08:34:29]   Time to get power_series_sub: 81.00ns
[2025-04-22 08:34:29]   Time to compute new RHS: 48.00ns
[2025-04-22 08:39:10] Time for norm_1: 523.44s
[2025-04-22 08:39:11] Time for norm_challenge: 1.11s
[2025-04-22 08:39:37] 2097152
[2025-04-22 08:41:55] Time for norm_2: 163.58s
[2025-04-22 08:41:55] 14 42 3 42
[2025-04-22 08:41:55] Time for verify_norm_2: 657.88µs
[2025-04-22 08:42:38]  Splitting 2097152
[2025-04-22 08:42:53]  into 1048576 0 1048576
[2025-04-22 08:47:14] Time for split: 318.87s
[2025-04-22 08:47:14]   Time to extract left and right columns from RHS: 629.84µs
[2025-04-22 08:47:14]   Time to compute the multiplier: 55.34µs
[2025-04-22 08:47:14]   Time for row-wise tensor product: 1.05ms
[2025-04-22 08:47:14]   Time verification: 752.31µs
[2025-04-22 08:47:14] Time for split verifier: 2.55ms
[2025-04-22 08:47:14] Time for challenge fold: 273.13µs
[2025-04-22 08:49:07] Time for fold: 113.79s
[2025-04-22 08:49:07] Time for fold verifier: 3.29ms
[2025-04-22 08:49:59]   Time to decompose witness: 51.18s
[2025-04-22 08:49:59]   Time to extract relevant columns from power series: 51.00ns
[2025-04-22 08:51:00]   Time to compute RHS matrix: 61.74s
[2025-04-22 08:51:00] Time for decomp: 113.08s
[2025-04-22 08:51:00] Time for verify_decomp: 667.87µs
[2025-04-22 08:51:18]   Time to transpose witness: 17.42s
[2025-04-22 08:54:14]   Time to convolve rows: 176.20s
[2025-04-22 08:54:14]   Time to get power_series_sub: 76.00ns
[2025-04-22 08:54:14]   Time to compute new RHS: 49.00ns
[2025-04-22 08:58:30] Time for norm_1: 449.35s
[2025-04-22 08:58:31] Time for norm_challenge: 1.12s
[2025-04-22 08:58:44] 1048576
[2025-04-22 09:00:54] Time for norm_2: 142.64s
[2025-04-22 09:00:54] 17 84 3 84
[2025-04-22 09:00:54] Time for verify_norm_2: 1.40ms
[2025-04-22 09:01:23]  Splitting 1048576
[2025-04-22 09:01:34]  into 524288 0 524288
[2025-04-22 09:07:00] Time for split: 366.04s
[2025-04-22 09:07:00]   Time to extract left and right columns from RHS: 1.71ms
[2025-04-22 09:07:00]   Time to compute the multiplier: 72.53µs
[2025-04-22 09:07:00]   Time for row-wise tensor product: 1.69ms
[2025-04-22 09:07:00]   Time verification: 1.44ms
[2025-04-22 09:07:00] Time for split verifier: 5.00ms
[2025-04-22 09:07:00] Time for challenge fold: 631.97µs
[2025-04-22 09:08:53] Time for fold: 112.92s
[2025-04-22 09:08:53] Time for fold verifier: 7.21ms
[2025-04-22 09:09:10]   Time to decompose witness: 17.79s
[2025-04-22 09:09:10]   Time to extract relevant columns from power series: 63.00ns
[2025-04-22 09:09:44]   Time to compute RHS matrix: 34.03s
[2025-04-22 09:09:44] Time for decomp: 51.87s
[2025-04-22 09:09:44] Time for verify_decomp: 818.88µs
[2025-04-22 09:09:53]   Time to transpose witness: 8.81s
[2025-04-22 09:10:27]   Time to convolve rows: 33.29s
[2025-04-22 09:10:27]   Time to get power_series_sub: 69.00ns
[2025-04-22 09:10:27]   Time to compute new RHS: 55.00ns
[2025-04-22 09:12:33] Time for norm_1: 168.79s
[2025-04-22 09:12:34] Time for norm_challenge: 1.10s
[2025-04-22 09:12:41] 524288
[2025-04-22 09:14:18] Time for norm_2: 103.42s
[2025-04-22 09:14:18] 20 84 3 84
[2025-04-22 09:14:18] Time for verify_norm_2: 1.57ms
[2025-04-22 09:14:27]  Splitting 524288
[2025-04-22 09:14:34]  into 262144 0 262144
[2025-04-22 09:16:51] Time for split: 153.30s
[2025-04-22 09:16:51]   Time to extract left and right columns from RHS: 911.77µs
[2025-04-22 09:16:51]   Time to compute the multiplier: 81.48µs
[2025-04-22 09:16:51]   Time for row-wise tensor product: 1.57ms
[2025-04-22 09:16:51]   Time verification: 1.32ms
[2025-04-22 09:16:51] Time for split verifier: 3.96ms
[2025-04-22 09:16:51] Time for challenge fold: 653.73µs
[2025-04-22 09:17:47] Time for fold: 56.43s
[2025-04-22 09:17:47] Time for fold verifier: 7.89ms
[2025-04-22 09:17:56]   Time to decompose witness: 8.88s
[2025-04-22 09:17:56]   Time to extract relevant columns from power series: 64.00ns
[2025-04-22 09:18:16]   Time to compute RHS matrix: 19.31s
[2025-04-22 09:18:16] Time for decomp: 28.21s
[2025-04-22 09:18:16] Time for verify_decomp: 913.96µs
[2025-04-22 09:18:20]   Time to transpose witness: 4.35s
[2025-04-22 09:18:35]   Time to convolve rows: 14.68s
[2025-04-22 09:18:35]   Time to get power_series_sub: 54.00ns
[2025-04-22 09:18:35]   Time to compute new RHS: 56.00ns
[2025-04-22 09:19:43] Time for norm_1: 87.54s
[2025-04-22 09:19:44] Time for norm_challenge: 1.12s
[2025-04-22 09:19:48] 262144
[2025-04-22 09:21:09] Time for norm_2: 84.99s
[2025-04-22 09:21:09] 23 84 3 84
[2025-04-22 09:21:09] Time for verify_norm_2: 1.76ms
[2025-04-22 09:21:14]  Splitting 262144
[2025-04-22 09:21:16]  into 131072 0 131072
[2025-04-22 09:22:23] Time for split: 73.52s
[2025-04-22 09:22:23]   Time to extract left and right columns from RHS: 1.13ms
[2025-04-22 09:22:23]   Time to compute the multiplier: 99.70µs
[2025-04-22 09:22:23]   Time for row-wise tensor product: 1.76ms
[2025-04-22 09:22:23]   Time verification: 1.42ms
[2025-04-22 09:22:23] Time for split verifier: 4.51ms
[2025-04-22 09:22:23] Time for challenge fold: 628.76µs
[2025-04-22 09:22:51] Time for fold: 28.14s
[2025-04-22 09:22:51] Time for fold verifier: 7.90ms
[2025-04-22 09:22:54]   Time to decompose witness: 3.29s
[2025-04-22 09:22:54]   Time to extract relevant columns from power series: 46.00ns
[2025-04-22 09:23:04]   Time to compute RHS matrix: 9.78s
[2025-04-22 09:23:04] Time for decomp: 13.08s
[2025-04-22 09:23:04] Time for verify_decomp: 1.04ms
[2025-04-22 09:23:06]   Time to transpose witness: 1.47s
[2025-04-22 09:23:12]   Time to convolve rows: 6.34s
[2025-04-22 09:23:12]   Time to get power_series_sub: 52.00ns
[2025-04-22 09:23:12]   Time to compute new RHS: 48.00ns
[2025-04-22 09:23:48] Time for norm_1: 43.82s
[2025-04-22 09:23:49] Time for norm_challenge: 1.10s
[2025-04-22 09:23:50] 131072
[2025-04-22 09:24:59] Time for norm_2: 69.68s
[2025-04-22 09:24:59] 26 84 3 84
[2025-04-22 09:24:59] Time for verify_norm_2: 1.92ms
[2025-04-22 09:25:02]  Splitting 131072
[2025-04-22 09:25:03]  into 65536 0 65536
[2025-04-22 09:25:38] Time for split: 39.09s
[2025-04-22 09:25:38]   Time to extract left and right columns from RHS: 1.33ms
[2025-04-22 09:25:38]   Time to compute the multiplier: 90.84µs
[2025-04-22 09:25:38]   Time for row-wise tensor product: 1.67ms
[2025-04-22 09:25:38]   Time verification: 1.42ms
[2025-04-22 09:25:38] Time for split verifier: 4.59ms
[2025-04-22 09:25:38] Time for challenge fold: 647.47µs
[2025-04-22 09:25:52] Time for fold: 14.01s
[2025-04-22 09:25:52] Time for fold verifier: 7.70ms
[2025-04-22 09:25:53]   Time to decompose witness: 1.58s
[2025-04-22 09:25:53]   Time to extract relevant columns from power series: 49.00ns
[2025-04-22 09:25:59]   Time to compute RHS matrix: 5.28s
[2025-04-22 09:25:59] Time for decomp: 6.87s
[2025-04-22 09:25:59] Time for verify_decomp: 1.05ms
[2025-04-22 09:25:59]   Time to transpose witness: 167.70ms
[2025-04-22 09:26:01]   Time to convolve rows: 2.47s
[2025-04-22 09:26:01]   Time to get power_series_sub: 98.00ns
[2025-04-22 09:26:01]   Time to compute new RHS: 49.00ns
[2025-04-22 09:26:18] Time for norm_1: 19.41s
[2025-04-22 09:26:19] Time for norm_challenge: 1.10s
[2025-04-22 09:26:20] 65536
[2025-04-22 09:27:18] Time for norm_2: 59.28s
[2025-04-22 09:27:18] 29 84 3 84
[2025-04-22 09:27:18] Time for verify_norm_2: 2.11ms
[2025-04-22 09:27:20]  Splitting 65536
[2025-04-22 09:27:20]  into 32768 0 32768
[2025-04-22 09:27:40] Time for split: 21.28s
[2025-04-22 09:27:40]   Time to extract left and right columns from RHS: 2.13ms
[2025-04-22 09:27:40]   Time to compute the multiplier: 63.98µs
[2025-04-22 09:27:40]   Time for row-wise tensor product: 1.74ms
[2025-04-22 09:27:40]   Time verification: 1.87ms
[2025-04-22 09:27:40] Time for split verifier: 5.89ms
[2025-04-22 09:27:40] Time for challenge fold: 534.18µs
[2025-04-22 09:27:47] Time for fold: 6.94s
[2025-04-22 09:27:47] Time for fold verifier: 7.32ms
[2025-04-22 09:27:47]   Time to decompose witness: 443.68ms
[2025-04-22 09:27:47]   Time to extract relevant columns from power series: 47.00ns
[2025-04-22 09:27:50]   Time to compute RHS matrix: 2.90s
[2025-04-22 09:27:50] Time for decomp: 3.35s
[2025-04-22 09:27:50] Time for verify_decomp: 1.21ms
[2025-04-22 09:27:50]   Time to transpose witness: 126.29ms
[2025-04-22 09:27:51]   Time to convolve rows: 1.06s
[2025-04-22 09:27:51]   Time to get power_series_sub: 61.00ns
[2025-04-22 09:27:51]   Time to compute new RHS: 53.00ns
[2025-04-22 09:27:59] Time for norm_1: 8.87s
[2025-04-22 09:28:00] Time for norm_challenge: 1.11s
[2025-04-22 09:28:00] 32768
[2025-04-22 09:28:57] Time for norm_2: 56.93s
[2025-04-22 09:28:57] 32 84 3 84
[2025-04-22 09:28:57] Time for verify_norm_2: 2.30ms
[2025-04-22 09:28:57]  Splitting 32768
[2025-04-22 09:28:58]  into 16384 0 16384
[2025-04-22 09:29:09] Time for split: 11.69s
[2025-04-22 09:29:09]   Time to extract left and right columns from RHS: 847.53µs
[2025-04-22 09:29:09]   Time to compute the multiplier: 34.47µs
[2025-04-22 09:29:09]   Time for row-wise tensor product: 1.69ms
[2025-04-22 09:29:09]   Time verification: 1.24ms
[2025-04-22 09:29:09] Time for split verifier: 3.89ms
[2025-04-22 09:29:09] Time for challenge fold: 472.20µs
[2025-04-22 09:29:12] Time for fold: 3.42s
[2025-04-22 09:29:12] Time for fold verifier: 8.60ms
[2025-04-22 09:29:12]   Time to decompose witness: 274.97ms
[2025-04-22 09:29:12]   Time to extract relevant columns from power series: 50.00ns
[2025-04-22 09:29:14]   Time to compute RHS matrix: 1.54s
[2025-04-22 09:29:14] Time for decomp: 1.82s
[2025-04-22 09:29:14] Time for verify_decomp: 1.27ms
[2025-04-22 09:29:14]   Time to transpose witness: 50.22ms
[2025-04-22 09:29:14]   Time to convolve rows: 474.51ms
[2025-04-22 09:29:14]   Time to get power_series_sub: 55.00ns
[2025-04-22 09:29:14]   Time to compute new RHS: 63.00ns
[2025-04-22 09:29:18] Time for norm_1: 4.38s
[2025-04-22 09:29:19] Time for norm_challenge: 1.12s
[2025-04-22 09:29:20] 16384
[2025-04-22 09:30:18] Time for norm_2: 58.30s
[2025-04-22 09:30:18] 35 84 3 84
[2025-04-22 09:30:18] Time for verify_norm_2: 2.42ms
[2025-04-22 09:30:18]  Splitting 16384
[2025-04-22 09:30:18]  into 8192 0 8192
[2025-04-22 09:30:23] Time for split: 5.76s
[2025-04-22 09:30:23]   Time to extract left and right columns from RHS: 962.71µs
[2025-04-22 09:30:23]   Time to compute the multiplier: 36.64µs
[2025-04-22 09:30:23]   Time for row-wise tensor product: 1.96ms
[2025-04-22 09:30:23]   Time verification: 1.57ms
[2025-04-22 09:30:23] Time for split verifier: 4.64ms
[2025-04-22 09:30:23] Time for challenge fold: 422.96µs
[2025-04-22 09:30:25] Time for fold: 1.70s
[2025-04-22 09:30:25] Time for fold verifier: 9.05ms
[2025-04-22 09:30:25]   Time to decompose witness: 115.93ms
[2025-04-22 09:30:25]   Time to extract relevant columns from power series: 48.00ns
[2025-04-22 09:30:26]   Time to compute RHS matrix: 804.49ms
[2025-04-22 09:30:26] Time for decomp: 921.38ms
[2025-04-22 09:30:26] Time for verify_decomp: 1.73ms
[2025-04-22 09:30:26]   Time to transpose witness: 33.19ms
[2025-04-22 09:30:26]   Time to convolve rows: 220.08ms
[2025-04-22 09:30:26]   Time to get power_series_sub: 76.00ns
[2025-04-22 09:30:26]   Time to compute new RHS: 52.00ns
[2025-04-22 09:30:28] Time for norm_1: 2.25s
[2025-04-22 09:30:29] Time for norm_challenge: 1.11s
[2025-04-22 09:30:30] 8192
[2025-04-22 09:31:14] Time for norm_2: 44.12s
[2025-04-22 09:31:14] 38 84 3 84
[2025-04-22 09:31:14] Time for verify_norm_2: 1.19ms
[2025-04-22 09:31:14]  Splitting 8192
[2025-04-22 09:31:14]  into 4096 0 4096
[2025-04-22 09:31:17] Time for split: 2.95s
[2025-04-22 09:31:17]   Time to extract left and right columns from RHS: 1.11ms
[2025-04-22 09:31:17]   Time to compute the multiplier: 39.11µs
[2025-04-22 09:31:17]   Time for row-wise tensor product: 2.35ms
[2025-04-22 09:31:17]   Time verification: 2.11ms
[2025-04-22 09:31:17] Time for split verifier: 5.75ms
[2025-04-22 09:31:17] Time for challenge fold: 618.85µs
[2025-04-22 09:31:17] Time for fold: 843.54ms
[2025-04-22 09:31:17] Time for fold verifier: 9.76ms
[2025-04-22 09:31:17]   Time to decompose witness: 62.20ms
[2025-04-22 09:31:17]   Time to extract relevant columns from power series: 51.00ns
[2025-04-22 09:31:18]   Time to compute RHS matrix: 434.05ms
[2025-04-22 09:31:18] Time for decomp: 496.75ms
[2025-04-22 09:31:18] Time for verify_decomp: 1.54ms
[2025-04-22 09:31:18]   Time to transpose witness: 12.90ms
[2025-04-22 09:31:18]   Time to convolve rows: 111.01ms
[2025-04-22 09:31:18]   Time to get power_series_sub: 61.00ns
[2025-04-22 09:31:18]   Time to compute new RHS: 50.00ns
[2025-04-22 09:31:19] Time for norm_1: 1.18s
[2025-04-22 09:31:20] Time for norm_challenge: 998.39ms
[2025-04-22 09:31:20] 4096
[2025-04-22 09:31:58] Time for norm_2: 37.82s
[2025-04-22 09:31:58] 41 84 3 84
[2025-04-22 09:31:58] Time for verify_norm_2: 1.97ms
[2025-04-22 09:31:58]  Splitting 4096
[2025-04-22 09:31:58]  into 2048 0 2048
[2025-04-22 09:31:59] Time for split: 1.55s
[2025-04-22 09:31:59]   Time to extract left and right columns from RHS: 995.17µs
[2025-04-22 09:31:59]   Time to compute the multiplier: 39.75µs
[2025-04-22 09:31:59]   Time for row-wise tensor product: 1.75ms
[2025-04-22 09:31:59]   Time verification: 1.40ms
[2025-04-22 09:31:59] Time for split verifier: 4.28ms
[2025-04-22 09:31:59] Time for challenge fold: 383.38µs
[2025-04-22 09:32:00] Time for fold: 395.32ms
[2025-04-22 09:32:00] Time for fold verifier: 10.15ms
[2025-04-22 09:32:00]   Time to decompose witness: 31.11ms
[2025-04-22 09:32:00]   Time to extract relevant columns from power series: 48.00ns
[2025-04-22 09:32:00]   Time to compute RHS matrix: 230.09ms
[2025-04-22 09:32:00] Time for decomp: 261.56ms
[2025-04-22 09:32:00] Time for verify_decomp: 1.60ms
[2025-04-22 09:32:00]   Time to transpose witness: 6.63ms
[2025-04-22 09:32:00]   Time to convolve rows: 56.95ms
[2025-04-22 09:32:00]   Time to get power_series_sub: 50.00ns
[2025-04-22 09:32:00]   Time to compute new RHS: 57.00ns
[2025-04-22 09:32:01] Time for norm_1: 608.60ms
[2025-04-22 09:32:02] Time for norm_challenge: 1.07s
[2025-04-22 09:32:02] 2048
[2025-04-22 09:32:41] Time for norm_2: 39.03s
[2025-04-22 09:32:41] 44 84 3 84
[2025-04-22 09:32:41] Time for verify_norm_2: 1.69ms
[2025-04-22 09:32:41]  Splitting 2048
[2025-04-22 09:32:41]  into 1024 0 1024
[2025-04-22 09:32:42] Time for split: 815.44ms
[2025-04-22 09:32:42]   Time to extract left and right columns from RHS: 1.32ms
[2025-04-22 09:32:42]   Time to compute the multiplier: 40.42µs
[2025-04-22 09:32:42]   Time for row-wise tensor product: 1.87ms
[2025-04-22 09:32:42]   Time verification: 1.99ms
[2025-04-22 09:32:42] Time for split verifier: 5.34ms
[2025-04-22 09:32:42] Time for challenge fold: 555.30µs
[2025-04-22 09:32:42] Time for fold: 197.50ms
[2025-04-22 09:32:42] Time for fold verifier: 10.12ms
[2025-04-22 09:32:42]   Time to decompose witness: 17.63ms
[2025-04-22 09:32:42]   Time to extract relevant columns from power series: 48.00ns
[2025-04-22 09:32:42]   Time to compute RHS matrix: 122.64ms
[2025-04-22 09:32:42] Time for decomp: 140.46ms
[2025-04-22 09:32:42] Time for verify_decomp: 1.79ms
[2025-04-22 09:32:42]   Time to transpose witness: 2.79ms
[2025-04-22 09:32:42]   Time to convolve rows: 30.91ms
[2025-04-22 09:32:42]   Time to get power_series_sub: 59.00ns
[2025-04-22 09:32:42]   Time to compute new RHS: 52.00ns
[2025-04-22 09:32:42] Time for norm_1: 318.32ms
[2025-04-22 09:32:43] Time for norm_challenge: 1.00s
[2025-04-22 09:32:43] 1024
[2025-04-22 09:33:20] Time for norm_2: 36.28s
[2025-04-22 09:33:20] 47 84 3 84
[2025-04-22 09:33:20] Time for verify_norm_2: 3.53ms
[2025-04-22 09:33:20]  Splitting 1024
[2025-04-22 09:33:20]  into 512 0 512
[2025-04-22 09:33:20] Time for split: 437.90ms
[2025-04-22 09:33:20]   Time to extract left and right columns from RHS: 1.13ms
[2025-04-22 09:33:20]   Time to compute the multiplier: 51.30µs
[2025-04-22 09:33:20]   Time for row-wise tensor product: 1.91ms
[2025-04-22 09:33:20]   Time verification: 1.90ms
[2025-04-22 09:33:20] Time for split verifier: 5.12ms
[2025-04-22 09:33:20] Time for challenge fold: 566.75µs
[2025-04-22 09:33:20] Time for fold: 99.46ms
[2025-04-22 09:33:20] Time for fold verifier: 11.22ms
[2025-04-22 09:33:20]   Time to decompose witness: 10.19ms
[2025-04-22 09:33:20]   Time to extract relevant columns from power series: 48.00ns
[2025-04-22 09:33:20]   Time to compute RHS matrix: 65.57ms
[2025-04-22 09:33:20] Time for decomp: 75.91ms
[2025-04-22 09:33:20] Time for verify_decomp: 2.04ms
[2025-04-22 09:33:20]   Time to transpose witness: 1.27ms
[2025-04-22 09:33:20]   Time to convolve rows: 14.69ms
[2025-04-22 09:33:20]   Time to get power_series_sub: 51.00ns
[2025-04-22 09:33:20]   Time to compute new RHS: 57.00ns
[2025-04-22 09:33:20] Time for norm_1: 168.80ms
[2025-04-22 09:33:22] Time for norm_challenge: 1.10s
[2025-04-22 09:33:22] 512
[2025-04-22 09:34:01] Time for norm_2: 39.66s
[2025-04-22 09:34:01] 50 84 3 84
[2025-04-22 09:34:01] Time for verify_norm_2: 1.41ms
[2025-04-22 09:34:01]  Splitting 512
[2025-04-22 09:34:01]  into 256 0 256
[2025-04-22 09:34:01] Time for split: 213.64ms
[2025-04-22 09:34:01]   Time to extract left and right columns from RHS: 1.12ms
[2025-04-22 09:34:01]   Time to compute the multiplier: 31.24µs
[2025-04-22 09:34:01]   Time for row-wise tensor product: 2.10ms
[2025-04-22 09:34:01]   Time verification: 1.68ms
[2025-04-22 09:34:01] Time for split verifier: 5.04ms
[2025-04-22 09:34:01] Time for challenge fold: 514.67µs
[2025-04-22 09:34:01] Time for fold: 49.26ms
[2025-04-22 09:34:01] Time for fold verifier: 11.76ms
[2025-04-22 09:34:01] Time for final assert_eq: 16.96ms
[2025-04-22 09:34:01] PRV: 3858.45s
[2025-04-22 09:34:01] VER: 14.33s
