[2025-04-11 04:34:26] C_OLD
[2025-04-11 04:34:26] no hardware acc
[2025-04-11 04:34:26] PARAMS: NEW: false, MODULE: 14, WIT_DIM: 1048576, REP: 14, Q: 4546383823830515713, PHI: 112, DECOMP_PARTS: [1, 2, 2, 2, 2, 2, 2, 2, 2, 2, 2, 2]
[2025-04-11 04:34:27] OK sage
[2025-04-11 04:34:27] Start CRS
[2025-04-11 04:35:11] end CRS
[2025-04-11 04:35:51] end sampling witness
[2025-04-11 04:40:03] Time for parallel_dot_matrix_matrix (commitment): 252.58s
[2025-04-11 04:40:11]   Time to transpose witness: 7.31s
[2025-04-11 05:10:14]   Time to convolve rows: 1803.60s
[2025-04-11 05:10:14]   Time to get power_series_sub: 69.00ns
[2025-04-11 05:10:14]   Time to compute new RHS: 55.00ns
[2025-04-11 05:19:53] Time for norm_1: 2389.25s
[2025-04-11 05:19:54] Time for norm_challenge: 1.15s
[2025-04-11 05:22:06] 1048576
[2025-04-11 05:25:48] Time for norm_2: 354.09s
[2025-04-11 05:25:48] 14 42 3 42
[2025-04-11 05:25:48] Time for verify_norm_2: 1.09ms
[2025-04-11 05:26:09]  Splitting 1048576
[2025-04-11 05:26:17]  into 524288 0 524288
[2025-04-11 05:41:13] Time for split: 925.07s
[2025-04-11 05:41:13]   Time to extract left and right columns from RHS: 678.50µs
[2025-04-11 05:41:13]   Time to compute the multiplier: 51.78µs
[2025-04-11 05:41:13]   Time for row-wise tensor product: 7.40ms
[2025-04-11 05:41:13]   Time verification: 679.32µs
[2025-04-11 05:41:13] Time for split verifier: 8.89ms
[2025-04-11 05:41:13] Time for challenge fold: 291.00µs
[2025-04-11 05:52:35] Time for fold: 681.75s
[2025-04-11 05:52:35] Time for fold verifier: 25.86ms
[2025-04-11 05:52:54]   Time to decompose witness: 19.52s
[2025-04-11 05:52:54]   Time to extract relevant columns from power series: 47.00ns
[2025-04-11 05:57:53]   Time to compute RHS matrix: 298.29s
[2025-04-11 05:57:53] Time for decomp: 317.87s
[2025-04-11 05:57:53] Time for verify_decomp: 425.39µs
[2025-04-11 05:58:01]   Time to transpose witness: 8.91s
[2025-04-11 06:22:35]   Time to convolve rows: 1473.24s
[2025-04-11 06:22:35]   Time to get power_series_sub: 105.00ns
[2025-04-11 06:22:35]   Time to compute new RHS: 53.00ns
[2025-04-11 06:33:31] Time for norm_1: 2138.25s
[2025-04-11 06:33:32] Time for norm_challenge: 1.16s
[2025-04-11 06:34:38] 524288
[2025-04-11 06:38:14] Time for norm_2: 281.94s
[2025-04-11 06:38:14] 17 84 3 84
[2025-04-11 06:38:14] Time for verify_norm_2: 2.36ms
[2025-04-11 06:38:29]  Splitting 524288
[2025-04-11 06:38:35]  into 262144 0 262144
[2025-04-11 06:55:47] Time for split: 1053.11s
[2025-04-11 06:55:47]   Time to extract left and right columns from RHS: 1.60ms
[2025-04-11 06:55:47]   Time to compute the multiplier: 74.17µs
[2025-04-11 06:55:47]   Time for row-wise tensor product: 14.28ms
[2025-04-11 06:55:47]   Time verification: 1.25ms
[2025-04-11 06:55:47] Time for split verifier: 17.31ms
[2025-04-11 06:55:47] Time for challenge fold: 635.92µs
[2025-04-11 07:07:13] Time for fold: 685.59s
[2025-04-11 07:07:13] Time for fold verifier: 57.70ms
[2025-04-11 07:07:22]   Time to decompose witness: 9.21s
[2025-04-11 07:07:22]   Time to extract relevant columns from power series: 48.00ns
[2025-04-11 07:10:12]   Time to compute RHS matrix: 170.12s
[2025-04-11 07:10:12] Time for decomp: 179.36s
[2025-04-11 07:10:12] Time for verify_decomp: 519.48µs
[2025-04-11 07:10:17]   Time to transpose witness: 4.44s
[2025-04-11 07:21:21]   Time to convolve rows: 664.04s
[2025-04-11 07:21:21]   Time to get power_series_sub: 79.00ns
[2025-04-11 07:21:21]   Time to compute new RHS: 63.00ns
[2025-04-11 07:27:33] Time for norm_1: 1041.38s
[2025-04-11 07:27:35] Time for norm_challenge: 1.16s
[2025-04-11 07:28:08] 262144
[2025-04-11 07:30:15] Time for norm_2: 160.73s
[2025-04-11 07:30:15] 20 84 3 84
[2025-04-11 07:30:15] Time for verify_norm_2: 2.49ms
[2025-04-11 07:30:22]  Splitting 262144
[2025-04-11 07:30:24]  into 131072 0 131072
[2025-04-11 07:40:16] Time for split: 600.68s
[2025-04-11 07:40:16]   Time to extract left and right columns from RHS: 1.67ms
[2025-04-11 07:40:16]   Time to compute the multiplier: 87.62µs
[2025-04-11 07:40:16]   Time for row-wise tensor product: 14.26ms
[2025-04-11 07:40:16]   Time verification: 1.73ms
[2025-04-11 07:40:16] Time for split verifier: 17.85ms
[2025-04-11 07:40:16] Time for challenge fold: 697.44µs
[2025-04-11 07:45:59] Time for fold: 343.08s
[2025-04-11 07:45:59] Time for fold verifier: 64.74ms
[2025-04-11 07:46:03]   Time to decompose witness: 4.32s
[2025-04-11 07:46:03]   Time to extract relevant columns from power series: 47.00ns
[2025-04-11 07:47:40]   Time to compute RHS matrix: 96.21s
[2025-04-11 07:47:40] Time for decomp: 100.55s
[2025-04-11 07:47:40] Time for verify_decomp: 622.53µs
[2025-04-11 07:47:42]   Time to transpose witness: 1.98s
[2025-04-11 07:52:47]   Time to convolve rows: 305.78s
[2025-04-11 07:52:47]   Time to get power_series_sub: 70.00ns
[2025-04-11 07:52:47]   Time to compute new RHS: 61.00ns
[2025-04-11 07:56:16] Time for norm_1: 516.58s
[2025-04-11 07:56:17] Time for norm_challenge: 1.16s
[2025-04-11 07:56:34] 131072
[2025-04-11 07:57:52] Time for norm_2: 94.40s
[2025-04-11 07:57:52] 23 84 3 84
[2025-04-11 07:57:52] Time for verify_norm_2: 2.71ms
[2025-04-11 07:57:55]  Splitting 131072
[2025-04-11 07:57:56]  into 65536 0 65536
[2025-04-11 08:03:28] Time for split: 335.78s
[2025-04-11 08:03:28]   Time to extract left and right columns from RHS: 1.22ms
[2025-04-11 08:03:28]   Time to compute the multiplier: 102.25µs
[2025-04-11 08:03:28]   Time for row-wise tensor product: 14.31ms
[2025-04-11 08:03:28]   Time verification: 1.46ms
[2025-04-11 08:03:28] Time for split verifier: 17.20ms
[2025-04-11 08:03:28] Time for challenge fold: 637.51µs
[2025-04-11 08:06:19] Time for fold: 171.45s
[2025-04-11 08:06:19] Time for fold verifier: 71.01ms
[2025-04-11 08:06:21]   Time to decompose witness: 2.09s
[2025-04-11 08:06:21]   Time to extract relevant columns from power series: 48.00ns
[2025-04-11 08:07:16]   Time to compute RHS matrix: 54.89s
[2025-04-11 08:07:16] Time for decomp: 56.99s
[2025-04-11 08:07:16] Time for verify_decomp: 723.40µs
[2025-04-11 08:07:17]   Time to transpose witness: 953.99ms
[2025-04-11 08:09:36]   Time to convolve rows: 139.17s
[2025-04-11 08:09:36]   Time to get power_series_sub: 71.00ns
[2025-04-11 08:09:36]   Time to compute new RHS: 100.00ns
[2025-04-11 08:11:35] Time for norm_1: 258.81s
[2025-04-11 08:11:36] Time for norm_challenge: 1.15s
[2025-04-11 08:11:44] 65536
[2025-04-11 08:12:40] Time for norm_2: 63.42s
[2025-04-11 08:12:40] 26 84 3 84
[2025-04-11 08:12:40] Time for verify_norm_2: 2.83ms
[2025-04-11 08:12:41]  Splitting 65536
[2025-04-11 08:12:42]  into 32768 0 32768
[2025-04-11 08:15:47] Time for split: 187.57s
[2025-04-11 08:15:47]   Time to extract left and right columns from RHS: 1.33ms
[2025-04-11 08:15:47]   Time to compute the multiplier: 113.08µs
[2025-04-11 08:15:47]   Time for row-wise tensor product: 14.21ms
[2025-04-11 08:15:47]   Time verification: 1.33ms
[2025-04-11 08:15:47] Time for split verifier: 17.10ms
[2025-04-11 08:15:47] Time for challenge fold: 608.81µs
[2025-04-11 08:17:13] Time for fold: 86.35s
[2025-04-11 08:17:14] Time for fold verifier: 84.52ms
[2025-04-11 08:17:14]   Time to decompose witness: 774.77ms
[2025-04-11 08:17:14]   Time to extract relevant columns from power series: 52.00ns
[2025-04-11 08:17:45]   Time to compute RHS matrix: 30.32s
[2025-04-11 08:17:45] Time for decomp: 31.09s
[2025-04-11 08:17:45] Time for verify_decomp: 800.04µs
[2025-04-11 08:17:45]   Time to transpose witness: 207.24ms
[2025-04-11 08:18:49]   Time to convolve rows: 64.00s
[2025-04-11 08:18:49]   Time to get power_series_sub: 71.00ns
[2025-04-11 08:18:49]   Time to compute new RHS: 51.00ns
[2025-04-11 08:19:54] Time for norm_1: 129.57s
[2025-04-11 08:19:55] Time for norm_challenge: 1.15s
[2025-04-11 08:19:59] 32768
[2025-04-11 08:20:41] Time for norm_2: 45.51s
[2025-04-11 08:20:41] 29 84 3 84
[2025-04-11 08:20:41] Time for verify_norm_2: 2.97ms
[2025-04-11 08:20:42]  Splitting 32768
[2025-04-11 08:20:42]  into 16384 0 16384
[2025-04-11 08:22:23] Time for split: 101.77s
[2025-04-11 08:22:23]   Time to extract left and right columns from RHS: 2.31ms
[2025-04-11 08:22:23]   Time to compute the multiplier: 119.77µs
[2025-04-11 08:22:23]   Time for row-wise tensor product: 14.30ms
[2025-04-11 08:22:23]   Time verification: 2.07ms
[2025-04-11 08:22:23] Time for split verifier: 18.92ms
[2025-04-11 08:22:23] Time for challenge fold: 629.40µs
[2025-04-11 08:23:06] Time for fold: 42.91s
[2025-04-11 08:23:06] Time for fold verifier: 85.15ms
[2025-04-11 08:23:06]   Time to decompose witness: 385.51ms
[2025-04-11 08:23:06]   Time to extract relevant columns from power series: 51.00ns
[2025-04-11 08:23:23]   Time to compute RHS matrix: 16.78s
[2025-04-11 08:23:23] Time for decomp: 17.17s
[2025-04-11 08:23:23] Time for verify_decomp: 891.05µs
[2025-04-11 08:23:23]   Time to transpose witness: 188.17ms
[2025-04-11 08:23:51]   Time to convolve rows: 28.37s
[2025-04-11 08:23:51]   Time to get power_series_sub: 53.00ns
[2025-04-11 08:23:51]   Time to compute new RHS: 51.00ns
[2025-04-11 08:24:27] Time for norm_1: 63.92s
[2025-04-11 08:24:28] Time for norm_challenge: 1.17s
[2025-04-11 08:24:30] 16384
[2025-04-11 08:25:09] Time for norm_2: 41.24s
[2025-04-11 08:25:09] 32 84 3 84
[2025-04-11 08:25:09] Time for verify_norm_2: 3.20ms
[2025-04-11 08:25:10]  Splitting 16384
[2025-04-11 08:25:10]  into 8192 0 8192
[2025-04-11 08:26:04] Time for split: 55.02s
[2025-04-11 08:26:04]   Time to extract left and right columns from RHS: 2.43ms
[2025-04-11 08:26:04]   Time to compute the multiplier: 120.59µs
[2025-04-11 08:26:04]   Time for row-wise tensor product: 14.29ms
[2025-04-11 08:26:04]   Time verification: 2.25ms
[2025-04-11 08:26:04] Time for split verifier: 19.20ms
[2025-04-11 08:26:04] Time for challenge fold: 634.64µs
[2025-04-11 08:26:26] Time for fold: 21.26s
[2025-04-11 08:26:26] Time for fold verifier: 99.14ms
[2025-04-11 08:26:26]   Time to decompose witness: 181.35ms
[2025-04-11 08:26:26]   Time to extract relevant columns from power series: 47.00ns
[2025-04-11 08:26:35]   Time to compute RHS matrix: 9.04s
[2025-04-11 08:26:35] Time for decomp: 9.23s
[2025-04-11 08:26:35] Time for verify_decomp: 938.20µs
[2025-04-11 08:26:35]   Time to transpose witness: 84.65ms
[2025-04-11 08:26:47]   Time to convolve rows: 12.30s
[2025-04-11 08:26:47]   Time to get power_series_sub: 69.00ns
[2025-04-11 08:26:47]   Time to compute new RHS: 52.00ns
[2025-04-11 08:27:06] Time for norm_1: 31.28s
[2025-04-11 08:27:07] Time for norm_challenge: 1.19s
[2025-04-11 08:27:08] 8192
[2025-04-11 08:27:44] Time for norm_2: 36.52s
[2025-04-11 08:27:44] 35 84 3 84
[2025-04-11 08:27:44] Time for verify_norm_2: 3.36ms
[2025-04-11 08:27:44]  Splitting 8192
[2025-04-11 08:27:44]  into 4096 0 4096
[2025-04-11 08:28:13] Time for split: 29.53s
[2025-04-11 08:28:13]   Time to extract left and right columns from RHS: 2.21ms
[2025-04-11 08:28:13]   Time to compute the multiplier: 146.39µs
[2025-04-11 08:28:13]   Time for row-wise tensor product: 14.43ms
[2025-04-11 08:28:13]   Time verification: 1.85ms
[2025-04-11 08:28:13] Time for split verifier: 18.77ms
[2025-04-11 08:28:13] Time for challenge fold: 602.76µs
[2025-04-11 08:28:24] Time for fold: 10.63s
[2025-04-11 08:28:24] Time for fold verifier: 99.43ms
[2025-04-11 08:28:24]   Time to decompose witness: 104.42ms
[2025-04-11 08:28:24]   Time to extract relevant columns from power series: 53.00ns
[2025-04-11 08:28:29]   Time to compute RHS matrix: 4.92s
[2025-04-11 08:28:29] Time for decomp: 5.03s
[2025-04-11 08:28:29] Time for verify_decomp: 1.05ms
[2025-04-11 08:28:29]   Time to transpose witness: 33.51ms
[2025-04-11 08:28:35]   Time to convolve rows: 5.35s
[2025-04-11 08:28:35]   Time to get power_series_sub: 72.00ns
[2025-04-11 08:28:35]   Time to compute new RHS: 63.00ns
[2025-04-11 08:28:45] Time for norm_1: 15.39s
[2025-04-11 08:28:46] Time for norm_challenge: 1.16s
[2025-04-11 08:28:46] 4096
[2025-04-11 08:29:20] Time for norm_2: 34.17s
[2025-04-11 08:29:20] 38 84 3 84
[2025-04-11 08:29:20] Time for verify_norm_2: 3.46ms
[2025-04-11 08:29:20]  Splitting 4096
[2025-04-11 08:29:20]  into 2048 0 2048
[2025-04-11 08:29:36] Time for split: 15.89s
[2025-04-11 08:29:36]   Time to extract left and right columns from RHS: 2.15ms
[2025-04-11 08:29:36]   Time to compute the multiplier: 114.54µs
[2025-04-11 08:29:36]   Time for row-wise tensor product: 14.47ms
[2025-04-11 08:29:36]   Time verification: 1.53ms
[2025-04-11 08:29:36] Time for split verifier: 18.36ms
[2025-04-11 08:29:36] Time for challenge fold: 612.61µs
[2025-04-11 08:29:41] Time for fold: 5.30s
[2025-04-11 08:29:41] Time for fold verifier: 111.57ms
[2025-04-11 08:29:41]   Time to decompose witness: 38.40ms
[2025-04-11 08:29:41]   Time to extract relevant columns from power series: 52.00ns
[2025-04-11 08:29:44]   Time to compute RHS matrix: 2.68s
[2025-04-11 08:29:44] Time for decomp: 2.72s
[2025-04-11 08:29:44] Time for verify_decomp: 977.80µs
[2025-04-11 08:29:44]   Time to transpose witness: 6.60ms
[2025-04-11 08:29:46]   Time to convolve rows: 2.24s
[2025-04-11 08:29:46]   Time to get power_series_sub: 68.00ns
[2025-04-11 08:29:46]   Time to compute new RHS: 53.00ns
[2025-04-11 08:29:52] Time for norm_1: 7.66s
[2025-04-11 08:29:53] Time for norm_challenge: 1.17s
[2025-04-11 08:29:53] 2048
[2025-04-11 08:30:27] Time for norm_2: 33.93s
[2025-04-11 08:30:27] 41 84 3 84
[2025-04-11 08:30:27] Time for verify_norm_2: 3.88ms
[2025-04-11 08:30:27]  Splitting 2048
[2025-04-11 08:30:27]  into 1024 0 1024
[2025-04-11 08:30:35] Time for split: 8.43s
[2025-04-11 08:30:35]   Time to extract left and right columns from RHS: 1.36ms
[2025-04-11 08:30:35]   Time to compute the multiplier: 54.80µs
[2025-04-11 08:30:35]   Time for row-wise tensor product: 14.35ms
[2025-04-11 08:30:35]   Time verification: 2.02ms
[2025-04-11 08:30:35] Time for split verifier: 17.90ms
[2025-04-11 08:30:35] Time for challenge fold: 437.43µs
[2025-04-11 08:30:38] Time for fold: 2.64s
[2025-04-11 08:30:38] Time for fold verifier: 124.32ms
[2025-04-11 08:30:38]   Time to decompose witness: 18.63ms
[2025-04-11 08:30:38]   Time to extract relevant columns from power series: 54.00ns
[2025-04-11 08:30:39]   Time to compute RHS matrix: 1.44s
[2025-04-11 08:30:39] Time for decomp: 1.46s
[2025-04-11 08:30:39] Time for verify_decomp: 986.72µs
[2025-04-11 08:30:39]   Time to transpose witness: 2.44ms
[2025-04-11 08:30:40]   Time to convolve rows: 1.01s
[2025-04-11 08:30:40]   Time to get power_series_sub: 79.00ns
[2025-04-11 08:30:40]   Time to compute new RHS: 53.00ns
[2025-04-11 08:30:43] Time for norm_1: 3.91s
[2025-04-11 08:30:44] Time for norm_challenge: 1.04s
[2025-04-11 08:30:44] 1024
[2025-04-11 08:31:14] Time for norm_2: 29.85s
[2025-04-11 08:31:14] 44 84 3 84
[2025-04-11 08:31:14] Time for verify_norm_2: 3.73ms
[2025-04-11 08:31:14]  Splitting 1024
[2025-04-11 08:31:14]  into 512 0 512
[2025-04-11 08:31:19] Time for split: 4.46s
[2025-04-11 08:31:19]   Time to extract left and right columns from RHS: 1.98ms
[2025-04-11 08:31:19]   Time to compute the multiplier: 70.73µs
[2025-04-11 08:31:19]   Time for row-wise tensor product: 14.53ms
[2025-04-11 08:31:19]   Time verification: 1.62ms
[2025-04-11 08:31:19] Time for split verifier: 18.31ms
[2025-04-11 08:31:19] Time for challenge fold: 571.60µs
[2025-04-11 08:31:20] Time for fold: 1.32s
[2025-04-11 08:31:20] Time for fold verifier: 124.51ms
[2025-04-11 08:31:20]   Time to decompose witness: 10.57ms
[2025-04-11 08:31:20]   Time to extract relevant columns from power series: 53.00ns
[2025-04-11 08:31:21]   Time to compute RHS matrix: 776.55ms
[2025-04-11 08:31:21] Time for decomp: 787.24ms
[2025-04-11 08:31:21] Time for verify_decomp: 1.03ms
[2025-04-11 08:31:21]   Time to transpose witness: 1.10ms
[2025-04-11 08:31:21]   Time to convolve rows: 431.68ms
[2025-04-11 08:31:21]   Time to get power_series_sub: 82.00ns
[2025-04-11 08:31:21]   Time to compute new RHS: 52.00ns
[2025-04-11 08:31:23] Time for norm_1: 1.97s
[2025-04-11 08:31:24] Time for norm_challenge: 1.13s
[2025-04-11 08:31:24] 512
[2025-04-11 08:31:48] Time for norm_2: 23.96s
[2025-04-11 08:31:48] 47 84 3 84
[2025-04-11 08:31:48] Time for verify_norm_2: 6.03ms
[2025-04-11 08:31:48]  Splitting 512
[2025-04-11 08:31:48]  into 256 0 256
[2025-04-11 08:31:50] Time for split: 2.37s
[2025-04-11 08:31:50]   Time to extract left and right columns from RHS: 1.57ms
[2025-04-11 08:31:50]   Time to compute the multiplier: 43.98µs
[2025-04-11 08:31:50]   Time for row-wise tensor product: 14.47ms
[2025-04-11 08:31:50]   Time verification: 1.85ms
[2025-04-11 08:31:50] Time for split verifier: 18.05ms
[2025-04-11 08:31:50] Time for challenge fold: 436.23µs
[2025-04-11 08:31:51] Time for fold: 657.50ms
[2025-04-11 08:31:51] Time for fold verifier: 138.45ms
[2025-04-11 08:31:51] Time for final assert_eq: 210.25ms
[2025-04-11 08:31:51] PRV: 14145.17s
[2025-04-11 08:31:51] VER: 15.14s
