[2025-04-19 09:39:37] D_OLD
[2025-04-19 09:39:37] hardware acc full
[2025-04-19 09:39:37] PARAMS: NEW: false, MODULE: 7, WIT_DIM: 1048576, REP: 12, Q: 4546383823830515713, PHI: 250, DECOMP_PARTS: [1, 2, 2, 2, 2, 2, 2, 2, 2, 2, 2, 2, 2]
[2025-04-19 09:39:38] OK sage
[2025-04-19 09:39:38] Start CRS
[2025-04-19 09:39:45] end CRS
[2025-04-19 09:40:47] end sampling witness
[2025-04-19 09:41:24] Time for parallel_dot_matrix_matrix (commitment): 36.72s
[2025-04-19 09:41:34]   Time to transpose witness: 9.68s
[2025-04-19 09:44:01]   Time to convolve rows: 147.27s
[2025-04-19 09:44:01]   Time to get power_series_sub: 61.00ns
[2025-04-19 09:44:01]   Time to compute new RHS: 61.00ns
[2025-04-19 09:46:39] Time for norm_1: 315.14s
[2025-04-19 09:46:40] Time for norm_challenge: 1.06s
[2025-04-19 09:47:00] 1048576
[2025-04-19 09:48:39] Time for norm_2: 119.23s
[2025-04-19 09:48:39] 7 36 3 36
[2025-04-19 09:48:39] Time for verify_norm_2: 682.41µs
[2025-04-19 09:49:00]  Splitting 1048576
[2025-04-19 09:49:13]  into 524288 0 524288
[2025-04-19 09:52:12] Time for split: 212.53s
[2025-04-19 09:52:12]   Time to extract left and right columns from RHS: 429.13µs
[2025-04-19 09:52:12]   Time to compute the multiplier: 40.89µs
[2025-04-19 09:52:12]   Time for row-wise tensor product: 1.46ms
[2025-04-19 09:52:12]   Time verification: 404.63µs
[2025-04-19 09:52:12] Time for split verifier: 2.37ms
[2025-04-19 09:52:12] Time for challenge fold: 346.98µs
[2025-04-19 09:53:35] Time for fold: 82.62s
[2025-04-19 09:53:35] Time for fold verifier: 3.93ms
[2025-04-19 09:54:05]   Time to decompose witness: 30.40s
[2025-04-19 09:54:05]   Time to extract relevant columns from power series: 52.00ns
[2025-04-19 09:54:47]   Time to compute RHS matrix: 41.81s
[2025-04-19 09:54:47] Time for decomp: 72.26s
[2025-04-19 09:54:47] Time for verify_decomp: 578.84µs
[2025-04-19 09:54:57]   Time to transpose witness: 10.51s
[2025-04-19 09:56:18]   Time to convolve rows: 81.00s
[2025-04-19 09:56:18]   Time to get power_series_sub: 64.00ns
[2025-04-19 09:56:18]   Time to compute new RHS: 56.00ns
[2025-04-19 09:59:06] Time for norm_1: 258.71s
[2025-04-19 09:59:07] Time for norm_challenge: 995.85ms
[2025-04-19 09:59:17] 524288
[2025-04-19 10:01:01] Time for norm_2: 114.01s
[2025-04-19 10:01:01] 10 72 3 72
[2025-04-19 10:01:01] Time for verify_norm_2: 1.52ms
[2025-04-19 10:01:19]  Splitting 524288
[2025-04-19 10:01:34]  into 262144 0 262144
[2025-04-19 10:04:54] Time for split: 233.60s
[2025-04-19 10:04:54]   Time to extract left and right columns from RHS: 1.45ms
[2025-04-19 10:04:54]   Time to compute the multiplier: 51.46µs
[2025-04-19 10:04:54]   Time for row-wise tensor product: 2.33ms
[2025-04-19 10:04:54]   Time verification: 1.34ms
[2025-04-19 10:04:54] Time for split verifier: 5.21ms
[2025-04-19 10:04:54] Time for challenge fold: 724.55µs
[2025-04-19 10:06:16] Time for fold: 82.25s
[2025-04-19 10:06:16] Time for fold verifier: 8.49ms
[2025-04-19 10:06:31]   Time to decompose witness: 14.41s
[2025-04-19 10:06:31]   Time to extract relevant columns from power series: 39.00ns
[2025-04-19 10:06:53]   Time to compute RHS matrix: 22.41s
[2025-04-19 10:06:53] Time for decomp: 36.84s
[2025-04-19 10:06:53] Time for verify_decomp: 766.28µs
[2025-04-19 10:06:57]   Time to transpose witness: 3.46s
[2025-04-19 10:07:20]   Time to convolve rows: 23.67s
[2025-04-19 10:07:20]   Time to get power_series_sub: 37.00ns
[2025-04-19 10:07:20]   Time to compute new RHS: 55.00ns
[2025-04-19 10:08:59] Time for norm_1: 125.31s
[2025-04-19 10:09:00] Time for norm_challenge: 1.06s
[2025-04-19 10:09:05] 262144
[2025-04-19 10:10:01] Time for norm_2: 61.75s
[2025-04-19 10:10:01] 13 72 3 72
[2025-04-19 10:10:01] Time for verify_norm_2: 1.76ms
[2025-04-19 10:10:07]  Splitting 262144
[2025-04-19 10:10:11]  into 131072 0 131072
[2025-04-19 10:11:45] Time for split: 103.93s
[2025-04-19 10:11:45]   Time to extract left and right columns from RHS: 1.28ms
[2025-04-19 10:11:45]   Time to compute the multiplier: 60.66µs
[2025-04-19 10:11:45]   Time for row-wise tensor product: 2.11ms
[2025-04-19 10:11:45]   Time verification: 1.18ms
[2025-04-19 10:11:45] Time for split verifier: 4.68ms
[2025-04-19 10:11:45] Time for challenge fold: 755.58µs
[2025-04-19 10:12:27] Time for fold: 41.17s
[2025-04-19 10:12:27] Time for fold verifier: 9.50ms
[2025-04-19 10:12:32]   Time to decompose witness: 5.83s
[2025-04-19 10:12:32]   Time to extract relevant columns from power series: 52.00ns
[2025-04-19 10:12:45]   Time to compute RHS matrix: 12.31s
[2025-04-19 10:12:45] Time for decomp: 18.15s
[2025-04-19 10:12:45] Time for verify_decomp: 878.72µs
[2025-04-19 10:12:46]   Time to transpose witness: 1.26s
[2025-04-19 10:12:55]   Time to convolve rows: 9.42s
[2025-04-19 10:12:55]   Time to get power_series_sub: 47.00ns
[2025-04-19 10:12:55]   Time to compute new RHS: 60.00ns
[2025-04-19 10:13:45] Time for norm_1: 60.08s
[2025-04-19 10:13:46] Time for norm_challenge: 1.08s
[2025-04-19 10:13:48] 131072
[2025-04-19 10:14:39] Time for norm_2: 53.26s
[2025-04-19 10:14:39] 16 72 3 72
[2025-04-19 10:14:39] Time for verify_norm_2: 2.16ms
[2025-04-19 10:14:42]  Splitting 131072
[2025-04-19 10:14:44]  into 65536 0 65536
[2025-04-19 10:15:31] Time for split: 52.33s
[2025-04-19 10:15:31]   Time to extract left and right columns from RHS: 838.66µs
[2025-04-19 10:15:31]   Time to compute the multiplier: 72.69µs
[2025-04-19 10:15:31]   Time for row-wise tensor product: 2.62ms
[2025-04-19 10:15:31]   Time verification: 2.32ms
[2025-04-19 10:15:31] Time for split verifier: 5.91ms
[2025-04-19 10:15:31] Time for challenge fold: 833.26µs
[2025-04-19 10:15:52] Time for fold: 20.38s
[2025-04-19 10:15:52] Time for fold verifier: 9.24ms
[2025-04-19 10:15:55]   Time to decompose witness: 2.90s
[2025-04-19 10:15:55]   Time to extract relevant columns from power series: 50.00ns
[2025-04-19 10:16:01]   Time to compute RHS matrix: 6.69s
[2025-04-19 10:16:01] Time for decomp: 9.60s
[2025-04-19 10:16:01] Time for verify_decomp: 1.20ms
[2025-04-19 10:16:03]   Time to transpose witness: 1.14s
[2025-04-19 10:16:07]   Time to convolve rows: 4.03s
[2025-04-19 10:16:07]   Time to get power_series_sub: 75.00ns
[2025-04-19 10:16:07]   Time to compute new RHS: 51.00ns
[2025-04-19 10:16:32] Time for norm_1: 30.31s
[2025-04-19 10:16:33] Time for norm_challenge: 1.07s
[2025-04-19 10:16:34] 65536
[2025-04-19 10:17:20] Time for norm_2: 47.01s
[2025-04-19 10:17:20] 19 72 3 72
[2025-04-19 10:17:20] Time for verify_norm_2: 2.45ms
[2025-04-19 10:17:21]  Splitting 65536
[2025-04-19 10:17:22]  into 32768 0 32768
[2025-04-19 10:17:45] Time for split: 24.85s
[2025-04-19 10:17:45]   Time to extract left and right columns from RHS: 1.16ms
[2025-04-19 10:17:45]   Time to compute the multiplier: 71.28µs
[2025-04-19 10:17:45]   Time for row-wise tensor product: 2.86ms
[2025-04-19 10:17:45]   Time verification: 1.33ms
[2025-04-19 10:17:45] Time for split verifier: 5.49ms
[2025-04-19 10:17:45] Time for challenge fold: 615.01µs
[2025-04-19 10:17:55] Time for fold: 10.25s
[2025-04-19 10:17:55] Time for fold verifier: 9.73ms
[2025-04-19 10:17:56]   Time to decompose witness: 971.80ms
[2025-04-19 10:17:56]   Time to extract relevant columns from power series: 39.00ns
[2025-04-19 10:17:59]   Time to compute RHS matrix: 3.42s
[2025-04-19 10:17:59] Time for decomp: 4.40s
[2025-04-19 10:17:59] Time for verify_decomp: 1.73ms
[2025-04-19 10:18:00]   Time to transpose witness: 403.76ms
[2025-04-19 10:18:01]   Time to convolve rows: 1.73s
[2025-04-19 10:18:01]   Time to get power_series_sub: 80.00ns
[2025-04-19 10:18:01]   Time to compute new RHS: 63.00ns
[2025-04-19 10:18:12] Time for norm_1: 13.08s
[2025-04-19 10:18:14] Time for norm_challenge: 1.08s
[2025-04-19 10:18:14] 32768
[2025-04-19 10:18:57] Time for norm_2: 43.56s
[2025-04-19 10:18:57] 22 72 3 72
[2025-04-19 10:18:57] Time for verify_norm_2: 1.61ms
[2025-04-19 10:18:58]  Splitting 32768
[2025-04-19 10:18:58]  into 16384 0 16384
[2025-04-19 10:19:12] Time for split: 14.83s
[2025-04-19 10:19:12]   Time to extract left and right columns from RHS: 1.51ms
[2025-04-19 10:19:12]   Time to compute the multiplier: 58.59µs
[2025-04-19 10:19:12]   Time for row-wise tensor product: 2.59ms
[2025-04-19 10:19:12]   Time verification: 1.43ms
[2025-04-19 10:19:12] Time for split verifier: 5.65ms
[2025-04-19 10:19:12] Time for challenge fold: 662.99µs
[2025-04-19 10:19:17] Time for fold: 5.06s
[2025-04-19 10:19:17] Time for fold verifier: 11.50ms
[2025-04-19 10:19:17]   Time to decompose witness: 497.76ms
[2025-04-19 10:19:17]   Time to extract relevant columns from power series: 46.00ns
[2025-04-19 10:19:19]   Time to compute RHS matrix: 1.92s
[2025-04-19 10:19:19] Time for decomp: 2.42s
[2025-04-19 10:19:19] Time for verify_decomp: 1.76ms
[2025-04-19 10:19:19]   Time to transpose witness: 97.26ms
[2025-04-19 10:19:20]   Time to convolve rows: 764.49ms
[2025-04-19 10:19:20]   Time to get power_series_sub: 47.00ns
[2025-04-19 10:19:20]   Time to compute new RHS: 50.00ns
[2025-04-19 10:19:26] Time for norm_1: 6.45s
[2025-04-19 10:19:27] Time for norm_challenge: 1.05s
[2025-04-19 10:19:27] 16384
[2025-04-19 10:20:09] Time for norm_2: 42.39s
[2025-04-19 10:20:09] 25 72 3 72
[2025-04-19 10:20:09] Time for verify_norm_2: 3.01ms
[2025-04-19 10:20:10]  Splitting 16384
[2025-04-19 10:20:10]  into 8192 0 8192
[2025-04-19 10:20:18] Time for split: 8.75s
[2025-04-19 10:20:18]   Time to extract left and right columns from RHS: 1.03ms
[2025-04-19 10:20:18]   Time to compute the multiplier: 30.86µs
[2025-04-19 10:20:18]   Time for row-wise tensor product: 2.80ms
[2025-04-19 10:20:18]   Time verification: 1.98ms
[2025-04-19 10:20:18] Time for split verifier: 5.90ms
[2025-04-19 10:20:18] Time for challenge fold: 622.04µs
[2025-04-19 10:20:21] Time for fold: 2.53s
[2025-04-19 10:20:21] Time for fold verifier: 10.83ms
[2025-04-19 10:20:21]   Time to decompose witness: 210.16ms
[2025-04-19 10:20:21]   Time to extract relevant columns from power series: 39.00ns
[2025-04-19 10:20:22]   Time to compute RHS matrix: 1.04s
[2025-04-19 10:20:22] Time for decomp: 1.25s
[2025-04-19 10:20:22] Time for verify_decomp: 2.07ms
[2025-04-19 10:20:22]   Time to transpose witness: 52.66ms
[2025-04-19 10:20:22]   Time to convolve rows: 342.72ms
[2025-04-19 10:20:22]   Time to get power_series_sub: 46.00ns
[2025-04-19 10:20:22]   Time to compute new RHS: 50.00ns
[2025-04-19 10:20:25] Time for norm_1: 3.33s
[2025-04-19 10:20:26] Time for norm_challenge: 940.85ms
[2025-04-19 10:20:26] 8192
[2025-04-19 10:20:59] Time for norm_2: 33.01s
[2025-04-19 10:20:59] 28 72 3 72
[2025-04-19 10:20:59] Time for verify_norm_2: 1.40ms
[2025-04-19 10:20:59]  Splitting 8192
[2025-04-19 10:20:59]  into 4096 0 4096
[2025-04-19 10:21:03] Time for split: 3.90s
[2025-04-19 10:21:03]   Time to extract left and right columns from RHS: 1.02ms
[2025-04-19 10:21:03]   Time to compute the multiplier: 32.00µs
[2025-04-19 10:21:03]   Time for row-wise tensor product: 2.81ms
[2025-04-19 10:21:03]   Time verification: 1.15ms
[2025-04-19 10:21:03] Time for split verifier: 5.09ms
[2025-04-19 10:21:03] Time for challenge fold: 495.01µs
[2025-04-19 10:21:04] Time for fold: 1.25s
[2025-04-19 10:21:04] Time for fold verifier: 11.03ms
[2025-04-19 10:21:04]   Time to decompose witness: 95.67ms
[2025-04-19 10:21:04]   Time to extract relevant columns from power series: 47.00ns
[2025-04-19 10:21:05]   Time to compute RHS matrix: 566.11ms
[2025-04-19 10:21:05] Time for decomp: 662.39ms
[2025-04-19 10:21:05] Time for verify_decomp: 2.01ms
[2025-04-19 10:21:05]   Time to transpose witness: 23.61ms
[2025-04-19 10:21:05]   Time to convolve rows: 165.55ms
[2025-04-19 10:21:05]   Time to get power_series_sub: 50.00ns
[2025-04-19 10:21:05]   Time to compute new RHS: 66.00ns
[2025-04-19 10:21:07] Time for norm_1: 1.62s
[2025-04-19 10:21:08] Time for norm_challenge: 1.02s
[2025-04-19 10:21:08] 4096
[2025-04-19 10:21:31] Time for norm_2: 22.90s
[2025-04-19 10:21:31] 31 72 3 72
[2025-04-19 10:21:31] Time for verify_norm_2: 3.44ms
[2025-04-19 10:21:31]  Splitting 4096
[2025-04-19 10:21:31]  into 2048 0 2048
[2025-04-19 10:21:33] Time for split: 2.29s
[2025-04-19 10:21:33]   Time to extract left and right columns from RHS: 1.02ms
[2025-04-19 10:21:33]   Time to compute the multiplier: 36.88µs
[2025-04-19 10:21:33]   Time for row-wise tensor product: 2.60ms
[2025-04-19 10:21:33]   Time verification: 1.16ms
[2025-04-19 10:21:33] Time for split verifier: 4.90ms
[2025-04-19 10:21:33] Time for challenge fold: 573.55µs
[2025-04-19 10:21:33] Time for fold: 624.32ms
[2025-04-19 10:21:33] Time for fold verifier: 11.76ms
[2025-04-19 10:21:33]   Time to decompose witness: 48.26ms
[2025-04-19 10:21:33]   Time to extract relevant columns from power series: 46.00ns
[2025-04-19 10:21:34]   Time to compute RHS matrix: 307.28ms
[2025-04-19 10:21:34] Time for decomp: 355.87ms
[2025-04-19 10:21:34] Time for verify_decomp: 2.12ms
[2025-04-19 10:21:34]   Time to transpose witness: 11.60ms
[2025-04-19 10:21:34]   Time to convolve rows: 79.67ms
[2025-04-19 10:21:34]   Time to get power_series_sub: 51.00ns
[2025-04-19 10:21:34]   Time to compute new RHS: 55.00ns
[2025-04-19 10:21:35] Time for norm_1: 853.47ms
[2025-04-19 10:21:36] Time for norm_challenge: 949.06ms
[2025-04-19 10:21:36] 2048
[2025-04-19 10:21:54] Time for norm_2: 18.75s
[2025-04-19 10:21:54] 34 72 3 72
[2025-04-19 10:21:54] Time for verify_norm_2: 1.49ms
[2025-04-19 10:21:54]  Splitting 2048
[2025-04-19 10:21:54]  into 1024 0 1024
[2025-04-19 10:21:55] Time for split: 1.11s
[2025-04-19 10:21:55]   Time to extract left and right columns from RHS: 1.22ms
[2025-04-19 10:21:55]   Time to compute the multiplier: 56.33µs
[2025-04-19 10:21:55]   Time for row-wise tensor product: 2.56ms
[2025-04-19 10:21:55]   Time verification: 1.28ms
[2025-04-19 10:21:55] Time for split verifier: 5.19ms
[2025-04-19 10:21:55] Time for challenge fold: 499.29µs
[2025-04-19 10:21:56] Time for fold: 294.65ms
[2025-04-19 10:21:56] Time for fold verifier: 11.73ms
[2025-04-19 10:21:56]   Time to decompose witness: 23.38ms
[2025-04-19 10:21:56]   Time to extract relevant columns from power series: 46.00ns
[2025-04-19 10:21:56]   Time to compute RHS matrix: 166.14ms
[2025-04-19 10:21:56] Time for decomp: 189.73ms
[2025-04-19 10:21:56] Time for verify_decomp: 2.59ms
[2025-04-19 10:21:56]   Time to transpose witness: 6.27ms
[2025-04-19 10:21:56]   Time to convolve rows: 40.00ms
[2025-04-19 10:21:56]   Time to get power_series_sub: 50.00ns
[2025-04-19 10:21:56]   Time to compute new RHS: 64.00ns
[2025-04-19 10:21:56] Time for norm_1: 443.16ms
[2025-04-19 10:21:57] Time for norm_challenge: 926.27ms
[2025-04-19 10:21:57] 1024
[2025-04-19 10:22:15] Time for norm_2: 17.37s
[2025-04-19 10:22:15] 37 72 3 72
[2025-04-19 10:22:15] Time for verify_norm_2: 1.57ms
[2025-04-19 10:22:15]  Splitting 1024
[2025-04-19 10:22:15]  into 512 0 512
[2025-04-19 10:22:15] Time for split: 574.63ms
[2025-04-19 10:22:15]   Time to extract left and right columns from RHS: 1.31ms
[2025-04-19 10:22:15]   Time to compute the multiplier: 51.06µs
[2025-04-19 10:22:15]   Time for row-wise tensor product: 2.96ms
[2025-04-19 10:22:15]   Time verification: 1.51ms
[2025-04-19 10:22:15] Time for split verifier: 5.92ms
[2025-04-19 10:22:15] Time for challenge fold: 479.38µs
[2025-04-19 10:22:15] Time for fold: 148.72ms
[2025-04-19 10:22:15] Time for fold verifier: 13.82ms
[2025-04-19 10:22:15]   Time to decompose witness: 11.84ms
[2025-04-19 10:22:15]   Time to extract relevant columns from power series: 45.00ns
[2025-04-19 10:22:16]   Time to compute RHS matrix: 87.97ms
[2025-04-19 10:22:16] Time for decomp: 99.95ms
[2025-04-19 10:22:16] Time for verify_decomp: 2.77ms
[2025-04-19 10:22:16]   Time to transpose witness: 2.54ms
[2025-04-19 10:22:16]   Time to convolve rows: 20.57ms
[2025-04-19 10:22:16]   Time to get power_series_sub: 49.00ns
[2025-04-19 10:22:16]   Time to compute new RHS: 57.00ns
[2025-04-19 10:22:16] Time for norm_1: 231.31ms
[2025-04-19 10:22:17] Time for norm_challenge: 981.24ms
[2025-04-19 10:22:17] 512
[2025-04-19 10:22:35] Time for norm_2: 18.18s
[2025-04-19 10:22:35] 40 72 3 72
[2025-04-19 10:22:35] Time for verify_norm_2: 1.77ms
[2025-04-19 10:22:35]  Splitting 512
[2025-04-19 10:22:35]  into 256 0 256
[2025-04-19 10:22:35] Time for split: 301.13ms
[2025-04-19 10:22:35]   Time to extract left and right columns from RHS: 1.39ms
[2025-04-19 10:22:35]   Time to compute the multiplier: 43.05µs
[2025-04-19 10:22:35]   Time for row-wise tensor product: 2.92ms
[2025-04-19 10:22:35]   Time verification: 1.55ms
[2025-04-19 10:22:35] Time for split verifier: 6.00ms
[2025-04-19 10:22:35] Time for challenge fold: 483.55µs
[2025-04-19 10:22:35] Time for fold: 73.71ms
[2025-04-19 10:22:35] Time for fold verifier: 13.39ms
[2025-04-19 10:22:35]   Time to decompose witness: 6.79ms
[2025-04-19 10:22:35]   Time to extract relevant columns from power series: 47.00ns
[2025-04-19 10:22:35]   Time to compute RHS matrix: 46.56ms
[2025-04-19 10:22:35] Time for decomp: 53.45ms
[2025-04-19 10:22:35] Time for verify_decomp: 3.15ms
[2025-04-19 10:22:35]   Time to transpose witness: 1.17ms
[2025-04-19 10:22:35]   Time to convolve rows: 11.23ms
[2025-04-19 10:22:35]   Time to get power_series_sub: 59.00ns
[2025-04-19 10:22:35]   Time to compute new RHS: 66.00ns
[2025-04-19 10:22:36] Time for norm_1: 122.34ms
[2025-04-19 10:22:36] Time for norm_challenge: 914.86ms
[2025-04-19 10:22:36] 256
[2025-04-19 10:22:55] Time for norm_2: 18.32s
[2025-04-19 10:22:55] 43 72 3 72
[2025-04-19 10:22:55] Time for verify_norm_2: 5.23ms
[2025-04-19 10:22:55]  Splitting 256
[2025-04-19 10:22:55]  into 128 0 128
[2025-04-19 10:22:55] Time for split: 165.70ms
[2025-04-19 10:22:55]   Time to extract left and right columns from RHS: 2.24ms
[2025-04-19 10:22:55]   Time to compute the multiplier: 47.65µs
[2025-04-19 10:22:55]   Time for row-wise tensor product: 2.92ms
[2025-04-19 10:22:55]   Time verification: 1.51ms
[2025-04-19 10:22:55] Time for split verifier: 6.82ms
[2025-04-19 10:22:55] Time for challenge fold: 474.91µs
[2025-04-19 10:22:55] Time for fold: 37.05ms
[2025-04-19 10:22:55] Time for fold verifier: 15.16ms
[2025-04-19 10:22:55] Time for final assert_eq: 13.86ms
[2025-04-19 10:22:55] PRV: 2514.27s
[2025-04-19 10:22:55] VER: 13.34s
