[2025-04-19 09:23:31] D_NEW
[2025-04-19 09:23:31] hardware acc full
[2025-04-19 09:23:31] PARAMS: NEW: true, MODULE: 7, WIT_DIM: 1048576, REP: 12, Q: 4546383823830515713, PHI: 250, DECOMP_PARTS: [1, 2, 2, 2, 2, 2, 2, 2, 2, 2, 2, 2, 2]
[2025-04-19 09:23:32] OK sage
[2025-04-19 09:23:32] Start CRS
[2025-04-19 09:23:39] end CRS
[2025-04-19 09:24:41] end sampling witness
[2025-04-19 09:25:18] Time for parallel_dot_matrix_matrix (commitment): 36.74s
[2025-04-19 09:25:51] Time for prover::norm_1: 33.57s
[2025-04-19 09:25:51] Time for verifier::verify_norm_1: 31.20µs
[2025-04-19 09:27:12] Time for prover::norm_2: 80.65s
[2025-04-19 09:27:12] Time for verifier::verify_norm_2: 6.74ms
[2025-04-19 09:27:12] Time for verifier::verify_norm_3: 424.76µs
[2025-04-19 09:27:21]  Splitting 1048576
[2025-04-19 09:27:24]  into 524288 0 524288
[2025-04-19 09:28:15] Time for split: 62.04s
[2025-04-19 09:28:15]   Time to extract left and right columns from RHS: 161.80µs
[2025-04-19 09:28:15]   Time to compute the multiplier: 25.38µs
[2025-04-19 09:28:15]   Time for row-wise tensor product: 948.58µs
[2025-04-19 09:28:15]   Time verification: 218.41µs
[2025-04-19 09:28:15] Time for split verifier: 1.40ms
[2025-04-19 09:28:15] Time for challenge fold: 70.80µs
[2025-04-19 09:28:46] Time for fold: 31.59s
[2025-04-19 09:28:46] Time for fold verifier: 1.69ms
[2025-04-19 09:29:29]   Time to decompose witness: 43.15s
[2025-04-19 09:29:29]   Time to extract relevant columns from power series: 40.00ns
[2025-04-19 09:30:01]   Time to compute RHS matrix: 32.09s
[2025-04-19 09:30:02] Time for decomp: 75.45s
[2025-04-19 09:30:02] Time for verify_decomp: 22.64ms
[2025-04-19 09:30:27] Time for prover::norm_1: 24.89s
[2025-04-19 09:30:27] Time for verifier::verify_norm_1: 21.73µs
[2025-04-19 09:31:41] Time for prover::norm_2: 74.31s
[2025-04-19 09:31:41] Time for verifier::verify_norm_2: 8.15ms
[2025-04-19 09:31:41] Time for verifier::verify_norm_3: 13.90ms
[2025-04-19 09:31:51]  Splitting 524288
[2025-04-19 09:31:54]  into 262144 0 262144
[2025-04-19 09:32:36] Time for split: 54.45s
[2025-04-19 09:32:36]   Time to extract left and right columns from RHS: 353.33µs
[2025-04-19 09:32:36]   Time to compute the multiplier: 31.49µs
[2025-04-19 09:32:36]   Time for row-wise tensor product: 1.23ms
[2025-04-19 09:32:36]   Time verification: 348.96µs
[2025-04-19 09:32:36] Time for split verifier: 2.00ms
[2025-04-19 09:32:36] Time for challenge fold: 173.45µs
[2025-04-19 09:33:03] Time for fold: 27.29s
[2025-04-19 09:33:03] Time for fold verifier: 2.58ms
[2025-04-19 09:33:22]   Time to decompose witness: 18.99s
[2025-04-19 09:33:22]   Time to extract relevant columns from power series: 40.00ns
[2025-04-19 09:33:35]   Time to compute RHS matrix: 13.50s
[2025-04-19 09:33:36] Time for decomp: 32.64s
[2025-04-19 09:33:36] Time for verify_decomp: 7.67ms
[2025-04-19 09:33:44] Time for prover::norm_1: 8.71s
[2025-04-19 09:33:44] Time for verifier::verify_norm_1: 27.93µs
[2025-04-19 09:34:35] Time for prover::norm_2: 50.25s
[2025-04-19 09:34:35] Time for verifier::verify_norm_2: 8.93ms
[2025-04-19 09:34:35] Time for verifier::verify_norm_3: 7.01ms
[2025-04-19 09:34:38]  Splitting 262144
[2025-04-19 09:34:39]  into 131072 0 131072
[2025-04-19 09:34:57] Time for split: 22.69s
[2025-04-19 09:34:57]   Time to extract left and right columns from RHS: 285.46µs
[2025-04-19 09:34:57]   Time to compute the multiplier: 28.33µs
[2025-04-19 09:34:57]   Time for row-wise tensor product: 1.05ms
[2025-04-19 09:34:57]   Time verification: 312.81µs
[2025-04-19 09:34:57] Time for split verifier: 1.71ms
[2025-04-19 09:34:57] Time for challenge fold: 208.64µs
[2025-04-19 09:35:11] Time for fold: 13.51s
[2025-04-19 09:35:11] Time for fold verifier: 2.34ms
[2025-04-19 09:35:19]   Time to decompose witness: 8.10s
[2025-04-19 09:35:19]   Time to extract relevant columns from power series: 52.00ns
[2025-04-19 09:35:27]   Time to compute RHS matrix: 7.62s
[2025-04-19 09:35:27] Time for decomp: 15.74s
[2025-04-19 09:35:27] Time for verify_decomp: 527.87µs
[2025-04-19 09:35:31] Time for prover::norm_1: 4.67s
[2025-04-19 09:35:31] Time for verifier::verify_norm_1: 14.70µs
[2025-04-19 09:36:08] Time for prover::norm_2: 37.11s
[2025-04-19 09:36:08] Time for verifier::verify_norm_2: 7.02ms
[2025-04-19 09:36:08] Time for verifier::verify_norm_3: 673.26µs
[2025-04-19 09:36:11]  Splitting 131072
[2025-04-19 09:36:11]  into 65536 0 65536
[2025-04-19 09:36:21] Time for split: 12.83s
[2025-04-19 09:36:21]   Time to extract left and right columns from RHS: 390.16µs
[2025-04-19 09:36:21]   Time to compute the multiplier: 16.44µs
[2025-04-19 09:36:21]   Time for row-wise tensor product: 1.19ms
[2025-04-19 09:36:21]   Time verification: 394.63µs
[2025-04-19 09:36:21] Time for split verifier: 2.03ms
[2025-04-19 09:36:21] Time for challenge fold: 158.20µs
[2025-04-19 09:36:28] Time for fold: 6.71s
[2025-04-19 09:36:28] Time for fold verifier: 2.36ms
[2025-04-19 09:36:30]   Time to decompose witness: 1.56s
[2025-04-19 09:36:30]   Time to extract relevant columns from power series: 43.00ns
[2025-04-19 09:36:34]   Time to compute RHS matrix: 3.90s
[2025-04-19 09:36:34] Time for decomp: 5.47s
[2025-04-19 09:36:34] Time for verify_decomp: 668.70µs
[2025-04-19 09:36:35] Time for prover::norm_1: 1.70s
[2025-04-19 09:36:35] Time for verifier::verify_norm_1: 11.92µs
[2025-04-19 09:37:00] Time for prover::norm_2: 24.58s
[2025-04-19 09:37:00] Time for verifier::verify_norm_2: 6.64ms
[2025-04-19 09:37:00] Time for verifier::verify_norm_3: 883.81µs
[2025-04-19 09:37:00]  Splitting 65536
[2025-04-19 09:37:01]  into 32768 0 32768
[2025-04-19 09:37:07] Time for split: 7.09s
[2025-04-19 09:37:07]   Time to extract left and right columns from RHS: 182.16µs
[2025-04-19 09:37:07]   Time to compute the multiplier: 16.93µs
[2025-04-19 09:37:07]   Time for row-wise tensor product: 1.25ms
[2025-04-19 09:37:07]   Time verification: 238.58µs
[2025-04-19 09:37:07] Time for split verifier: 1.74ms
[2025-04-19 09:37:07] Time for challenge fold: 167.48µs
[2025-04-19 09:37:10] Time for fold: 3.37s
[2025-04-19 09:37:10] Time for fold verifier: 2.55ms
[2025-04-19 09:37:11]   Time to decompose witness: 893.17ms
[2025-04-19 09:37:11]   Time to extract relevant columns from power series: 38.00ns
[2025-04-19 09:37:13]   Time to compute RHS matrix: 1.99s
[2025-04-19 09:37:13] Time for decomp: 2.89s
[2025-04-19 09:37:13] Time for verify_decomp: 790.12µs
[2025-04-19 09:37:14] Time for prover::norm_1: 1.06s
[2025-04-19 09:37:14] Time for verifier::verify_norm_1: 12.28µs
[2025-04-19 09:37:38] Time for prover::norm_2: 23.77s
[2025-04-19 09:37:38] Time for verifier::verify_norm_2: 5.83ms
[2025-04-19 09:37:38] Time for verifier::verify_norm_3: 565.98µs
[2025-04-19 09:37:38]  Splitting 32768
[2025-04-19 09:37:38]  into 16384 0 16384
[2025-04-19 09:37:41] Time for split: 3.15s
[2025-04-19 09:37:41]   Time to extract left and right columns from RHS: 238.64µs
[2025-04-19 09:37:41]   Time to compute the multiplier: 22.20µs
[2025-04-19 09:37:41]   Time for row-wise tensor product: 935.23µs
[2025-04-19 09:37:41]   Time verification: 253.03µs
[2025-04-19 09:37:41] Time for split verifier: 1.48ms
[2025-04-19 09:37:41] Time for challenge fold: 145.61µs
[2025-04-19 09:37:43] Time for fold: 1.68s
[2025-04-19 09:37:43] Time for fold verifier: 2.80ms
[2025-04-19 09:37:43]   Time to decompose witness: 420.91ms
[2025-04-19 09:37:43]   Time to extract relevant columns from power series: 53.00ns
[2025-04-19 09:37:45]   Time to compute RHS matrix: 1.17s
[2025-04-19 09:37:45] Time for decomp: 1.60s
[2025-04-19 09:37:45] Time for verify_decomp: 935.68µs
[2025-04-19 09:37:45] Time for prover::norm_1: 624.78ms
[2025-04-19 09:37:45] Time for verifier::verify_norm_1: 13.67µs
[2025-04-19 09:38:05] Time for prover::norm_2: 19.54s
[2025-04-19 09:38:05] Time for verifier::verify_norm_2: 5.32ms
[2025-04-19 09:38:05] Time for verifier::verify_norm_3: 325.80µs
[2025-04-19 09:38:05]  Splitting 16384
[2025-04-19 09:38:05]  into 8192 0 8192
[2025-04-19 09:38:06] Time for split: 1.47s
[2025-04-19 09:38:06]   Time to extract left and right columns from RHS: 169.97µs
[2025-04-19 09:38:06]   Time to compute the multiplier: 29.12µs
[2025-04-19 09:38:06]   Time for row-wise tensor product: 990.07µs
[2025-04-19 09:38:06]   Time verification: 307.24µs
[2025-04-19 09:38:06] Time for split verifier: 1.55ms
[2025-04-19 09:38:06] Time for challenge fold: 156.01µs
[2025-04-19 09:38:07] Time for fold: 782.10ms
[2025-04-19 09:38:07] Time for fold verifier: 2.64ms
[2025-04-19 09:38:07]   Time to decompose witness: 179.19ms
[2025-04-19 09:38:07]   Time to extract relevant columns from power series: 52.00ns
[2025-04-19 09:38:08]   Time to compute RHS matrix: 590.80ms
[2025-04-19 09:38:08] Time for decomp: 770.93ms
[2025-04-19 09:38:08] Time for verify_decomp: 841.24µs
[2025-04-19 09:38:08] Time for prover::norm_1: 232.78ms
[2025-04-19 09:38:08] Time for verifier::verify_norm_1: 14.15µs
[2025-04-19 09:38:24] Time for prover::norm_2: 16.25s
[2025-04-19 09:38:24] Time for verifier::verify_norm_2: 4.40ms
[2025-04-19 09:38:24] Time for verifier::verify_norm_3: 702.48µs
[2025-04-19 09:38:24]  Splitting 8192
[2025-04-19 09:38:24]  into 4096 0 4096
[2025-04-19 09:38:25] Time for split: 911.41ms
[2025-04-19 09:38:25]   Time to extract left and right columns from RHS: 240.21µs
[2025-04-19 09:38:25]   Time to compute the multiplier: 20.63µs
[2025-04-19 09:38:25]   Time for row-wise tensor product: 1.05ms
[2025-04-19 09:38:25]   Time verification: 273.53µs
[2025-04-19 09:38:25] Time for split verifier: 1.63ms
[2025-04-19 09:38:25] Time for challenge fold: 155.67µs
[2025-04-19 09:38:26] Time for fold: 389.26ms
[2025-04-19 09:38:26] Time for fold verifier: 2.82ms
[2025-04-19 09:38:26]   Time to decompose witness: 90.37ms
[2025-04-19 09:38:26]   Time to extract relevant columns from power series: 47.00ns
[2025-04-19 09:38:26]   Time to compute RHS matrix: 302.14ms
[2025-04-19 09:38:26] Time for decomp: 393.02ms
[2025-04-19 09:38:26] Time for verify_decomp: 900.03µs
[2025-04-19 09:38:26] Time for prover::norm_1: 119.19ms
[2025-04-19 09:38:26] Time for verifier::verify_norm_1: 37.14µs
[2025-04-19 09:38:39] Time for prover::norm_2: 13.18s
[2025-04-19 09:38:39] Time for verifier::verify_norm_2: 4.22ms
[2025-04-19 09:38:39] Time for verifier::verify_norm_3: 623.11µs
[2025-04-19 09:38:39]  Splitting 4096
[2025-04-19 09:38:39]  into 2048 0 2048
[2025-04-19 09:38:40] Time for split: 413.39ms
[2025-04-19 09:38:40]   Time to extract left and right columns from RHS: 217.48µs
[2025-04-19 09:38:40]   Time to compute the multiplier: 17.96µs
[2025-04-19 09:38:40]   Time for row-wise tensor product: 1.05ms
[2025-04-19 09:38:40]   Time verification: 292.49µs
[2025-04-19 09:38:40] Time for split verifier: 1.62ms
[2025-04-19 09:38:40] Time for challenge fold: 145.57µs
[2025-04-19 09:38:40] Time for fold: 195.65ms
[2025-04-19 09:38:40] Time for fold verifier: 2.60ms
[2025-04-19 09:38:40]   Time to decompose witness: 46.58ms
[2025-04-19 09:38:40]   Time to extract relevant columns from power series: 61.00ns
[2025-04-19 09:38:40]   Time to compute RHS matrix: 170.86ms
[2025-04-19 09:38:40] Time for decomp: 217.75ms
[2025-04-19 09:38:40] Time for verify_decomp: 864.80µs
[2025-04-19 09:38:40] Time for prover::norm_1: 59.22ms
[2025-04-19 09:38:40] Time for verifier::verify_norm_1: 14.53µs
[2025-04-19 09:38:54] Time for prover::norm_2: 13.55s
[2025-04-19 09:38:54] Time for verifier::verify_norm_2: 3.88ms
[2025-04-19 09:38:54] Time for verifier::verify_norm_3: 590.34µs
[2025-04-19 09:38:54]  Splitting 2048
[2025-04-19 09:38:54]  into 1024 0 1024
[2025-04-19 09:38:54] Time for split: 197.65ms
[2025-04-19 09:38:54]   Time to extract left and right columns from RHS: 200.04µs
[2025-04-19 09:38:54]   Time to compute the multiplier: 17.55µs
[2025-04-19 09:38:54]   Time for row-wise tensor product: 1.38ms
[2025-04-19 09:38:54]   Time verification: 359.10µs
[2025-04-19 09:38:54] Time for split verifier: 2.01ms
[2025-04-19 09:38:54] Time for challenge fold: 138.82µs
[2025-04-19 09:38:54] Time for fold: 98.57ms
[2025-04-19 09:38:54] Time for fold verifier: 2.82ms
[2025-04-19 09:38:54]   Time to decompose witness: 23.52ms
[2025-04-19 09:38:54]   Time to extract relevant columns from power series: 47.00ns
[2025-04-19 09:38:54]   Time to compute RHS matrix: 87.61ms
[2025-04-19 09:38:54] Time for decomp: 111.31ms
[2025-04-19 09:38:54] Time for verify_decomp: 1.00ms
[2025-04-19 09:38:54] Time for prover::norm_1: 30.92ms
[2025-04-19 09:38:54] Time for verifier::verify_norm_1: 13.18µs
[2025-04-19 09:39:09] Time for prover::norm_2: 15.20s
[2025-04-19 09:39:09] Time for verifier::verify_norm_2: 3.38ms
[2025-04-19 09:39:09] Time for verifier::verify_norm_3: 584.69µs
[2025-04-19 09:39:10]  Splitting 1024
[2025-04-19 09:39:10]  into 512 0 512
[2025-04-19 09:39:10] Time for split: 111.58ms
[2025-04-19 09:39:10]   Time to extract left and right columns from RHS: 681.95µs
[2025-04-19 09:39:10]   Time to compute the multiplier: 34.95µs
[2025-04-19 09:39:10]   Time for row-wise tensor product: 1.37ms
[2025-04-19 09:39:10]   Time verification: 737.15µs
[2025-04-19 09:39:10] Time for split verifier: 2.88ms
[2025-04-19 09:39:10] Time for challenge fold: 187.45µs
[2025-04-19 09:39:10] Time for fold: 47.98ms
[2025-04-19 09:39:10] Time for fold verifier: 3.38ms
[2025-04-19 09:39:10]   Time to decompose witness: 20.33ms
[2025-04-19 09:39:10]   Time to extract relevant columns from power series: 61.00ns
[2025-04-19 09:39:10]   Time to compute RHS matrix: 45.08ms
[2025-04-19 09:39:10] Time for decomp: 65.50ms
[2025-04-19 09:39:10] Time for verify_decomp: 982.89µs
[2025-04-19 09:39:10] Time for prover::norm_1: 13.77ms
[2025-04-19 09:39:10] Time for verifier::verify_norm_1: 42.10µs
[2025-04-19 09:39:21] Time for prover::norm_2: 11.06s
[2025-04-19 09:39:21] Time for verifier::verify_norm_2: 2.95ms
[2025-04-19 09:39:21] Time for verifier::verify_norm_3: 566.76µs
[2025-04-19 09:39:21]  Splitting 512
[2025-04-19 09:39:21]  into 256 0 256
[2025-04-19 09:39:21] Time for split: 52.06ms
[2025-04-19 09:39:21]   Time to extract left and right columns from RHS: 188.61µs
[2025-04-19 09:39:21]   Time to compute the multiplier: 20.74µs
[2025-04-19 09:39:21]   Time for row-wise tensor product: 1.32ms
[2025-04-19 09:39:21]   Time verification: 356.27µs
[2025-04-19 09:39:21] Time for split verifier: 1.95ms
[2025-04-19 09:39:21] Time for challenge fold: 154.13µs
[2025-04-19 09:39:21] Time for fold: 24.60ms
[2025-04-19 09:39:21] Time for fold verifier: 2.84ms
[2025-04-19 09:39:21]   Time to decompose witness: 6.80ms
[2025-04-19 09:39:21]   Time to extract relevant columns from power series: 65.00ns
[2025-04-19 09:39:21]   Time to compute RHS matrix: 22.85ms
[2025-04-19 09:39:21] Time for decomp: 29.72ms
[2025-04-19 09:39:21] Time for verify_decomp: 1.08ms
[2025-04-19 09:39:21] Time for prover::norm_1: 6.81ms
[2025-04-19 09:39:21] Time for verifier::verify_norm_1: 16.55µs
[2025-04-19 09:39:30] Time for prover::norm_2: 9.42s
[2025-04-19 09:39:30] Time for verifier::verify_norm_2: 2.69ms
[2025-04-19 09:39:30] Time for verifier::verify_norm_3: 573.12µs
[2025-04-19 09:39:30]  Splitting 256
[2025-04-19 09:39:30]  into 128 0 128
[2025-04-19 09:39:30] Time for split: 27.45ms
[2025-04-19 09:39:30]   Time to extract left and right columns from RHS: 181.94µs
[2025-04-19 09:39:30]   Time to compute the multiplier: 18.48µs
[2025-04-19 09:39:30]   Time for row-wise tensor product: 1.44ms
[2025-04-19 09:39:30]   Time verification: 377.30µs
[2025-04-19 09:39:30] Time for split verifier: 2.08ms
[2025-04-19 09:39:30] Time for challenge fold: 129.30µs
[2025-04-19 09:39:30] Time for fold: 13.62ms
[2025-04-19 09:39:30] Time for fold verifier: 2.86ms
[2025-04-19 09:39:30] Time for final assert_eq: 7.16ms
[2025-04-19 09:39:30] PRV: 887.84s
[2025-04-19 09:39:30] VER: 180.17ms
